{"/Users/kevinliu/Apps/SportStretch/sportstretch-ui-master/app/api/auth.js": {"path":"/Users/kevinliu/Apps/SportStretch/sportstretch-ui-master/app/api/auth.js","statementMap":{"0":{"start":{"line":3,"column":17},"end":{"line":3,"column":24}},"1":{"start":{"line":5,"column":14},"end":{"line":5,"column":79}},"2":{"start":{"line":5,"column":35},"end":{"line":5,"column":79}},"3":{"start":{"line":7,"column":20},"end":{"line":7,"column":77}},"4":{"start":{"line":7,"column":32},"end":{"line":7,"column":77}},"5":{"start":{"line":9,"column":19},"end":{"line":9,"column":75}},"6":{"start":{"line":9,"column":30},"end":{"line":9,"column":75}}},"fnMap":{"0":{"name":"(anonymous_0)","decl":{"start":{"line":5,"column":14},"end":{"line":5,"column":15}},"loc":{"start":{"line":5,"column":35},"end":{"line":5,"column":79}},"line":5},"1":{"name":"(anonymous_1)","decl":{"start":{"line":7,"column":20},"end":{"line":7,"column":21}},"loc":{"start":{"line":7,"column":32},"end":{"line":7,"column":77}},"line":7},"2":{"name":"(anonymous_2)","decl":{"start":{"line":9,"column":19},"end":{"line":9,"column":20}},"loc":{"start":{"line":9,"column":30},"end":{"line":9,"column":75}},"line":9}},"branchMap":{},"s":{"0":2,"1":2,"2":0,"3":2,"4":0,"5":2,"6":0},"f":{"0":0,"1":0,"2":0},"b":{},"_coverageSchema":"1a1c01bbd47fc00a2c39e90264f33305004495a9","hash":"f04a5ae3f1ae604076765a667648e0ed7b73fba1"}
,"/Users/kevinliu/Apps/SportStretch/sportstretch-ui-master/app/api/bookings.js": {"path":"/Users/kevinliu/Apps/SportStretch/sportstretch-ui-master/app/api/bookings.js","statementMap":{"0":{"start":{"line":3,"column":17},"end":{"line":3,"column":28}},"1":{"start":{"line":5,"column":31},"end":{"line":9,"column":1}},"2":{"start":{"line":6,"column":2},"end":{"line":8,"column":4}},"3":{"start":{"line":11,"column":35},"end":{"line":15,"column":1}},"4":{"start":{"line":12,"column":2},"end":{"line":14,"column":4}},"5":{"start":{"line":17,"column":29},"end":{"line":19,"column":1}},"6":{"start":{"line":18,"column":2},"end":{"line":18,"column":73}},"7":{"start":{"line":21,"column":23},"end":{"line":51,"column":1}},"8":{"start":{"line":36,"column":2},"end":{"line":36,"column":58}},"9":{"start":{"line":38,"column":2},"end":{"line":50,"column":5}},"10":{"start":{"line":53,"column":33},"end":{"line":57,"column":1}},"11":{"start":{"line":54,"column":2},"end":{"line":56,"column":4}},"12":{"start":{"line":59,"column":37},"end":{"line":63,"column":1}},"13":{"start":{"line":60,"column":2},"end":{"line":62,"column":4}},"14":{"start":{"line":65,"column":35},"end":{"line":71,"column":1}},"15":{"start":{"line":66,"column":2},"end":{"line":70,"column":4}},"16":{"start":{"line":73,"column":31},"end":{"line":75,"column":1}},"17":{"start":{"line":74,"column":2},"end":{"line":74,"column":75}},"18":{"start":{"line":77,"column":23},"end":{"line":79,"column":1}},"19":{"start":{"line":78,"column":2},"end":{"line":78,"column":76}},"20":{"start":{"line":81,"column":23},"end":{"line":83,"column":1}},"21":{"start":{"line":82,"column":2},"end":{"line":82,"column":88}},"22":{"start":{"line":85,"column":23},"end":{"line":87,"column":1}},"23":{"start":{"line":86,"column":2},"end":{"line":86,"column":42}}},"fnMap":{"0":{"name":"(anonymous_0)","decl":{"start":{"line":5,"column":31},"end":{"line":5,"column":32}},"loc":{"start":{"line":5,"column":46},"end":{"line":9,"column":1}},"line":5},"1":{"name":"(anonymous_1)","decl":{"start":{"line":11,"column":35},"end":{"line":11,"column":36}},"loc":{"start":{"line":11,"column":50},"end":{"line":15,"column":1}},"line":11},"2":{"name":"(anonymous_2)","decl":{"start":{"line":17,"column":29},"end":{"line":17,"column":30}},"loc":{"start":{"line":17,"column":44},"end":{"line":19,"column":1}},"line":17},"3":{"name":"(anonymous_3)","decl":{"start":{"line":21,"column":23},"end":{"line":21,"column":24}},"loc":{"start":{"line":33,"column":5},"end":{"line":51,"column":1}},"line":33},"4":{"name":"(anonymous_4)","decl":{"start":{"line":53,"column":33},"end":{"line":53,"column":34}},"loc":{"start":{"line":53,"column":50},"end":{"line":57,"column":1}},"line":53},"5":{"name":"(anonymous_5)","decl":{"start":{"line":59,"column":37},"end":{"line":59,"column":38}},"loc":{"start":{"line":59,"column":54},"end":{"line":63,"column":1}},"line":59},"6":{"name":"(anonymous_6)","decl":{"start":{"line":65,"column":35},"end":{"line":65,"column":36}},"loc":{"start":{"line":65,"column":58},"end":{"line":71,"column":1}},"line":65},"7":{"name":"(anonymous_7)","decl":{"start":{"line":73,"column":31},"end":{"line":73,"column":32}},"loc":{"start":{"line":73,"column":46},"end":{"line":75,"column":1}},"line":73},"8":{"name":"(anonymous_8)","decl":{"start":{"line":77,"column":23},"end":{"line":77,"column":24}},"loc":{"start":{"line":77,"column":38},"end":{"line":79,"column":1}},"line":77},"9":{"name":"(anonymous_9)","decl":{"start":{"line":81,"column":23},"end":{"line":81,"column":24}},"loc":{"start":{"line":81,"column":50},"end":{"line":83,"column":1}},"line":81},"10":{"name":"(anonymous_10)","decl":{"start":{"line":85,"column":23},"end":{"line":85,"column":24}},"loc":{"start":{"line":85,"column":29},"end":{"line":87,"column":1}},"line":85}},"branchMap":{},"s":{"0":2,"1":2,"2":0,"3":2,"4":0,"5":2,"6":0,"7":2,"8":0,"9":0,"10":2,"11":0,"12":2,"13":0,"14":2,"15":0,"16":2,"17":0,"18":2,"19":0,"20":2,"21":0,"22":2,"23":0},"f":{"0":0,"1":0,"2":0,"3":0,"4":0,"5":0,"6":0,"7":0,"8":0,"9":0,"10":0},"b":{},"_coverageSchema":"1a1c01bbd47fc00a2c39e90264f33305004495a9","hash":"e4ec9503f9434e94f263a874b4fb4935cfe3c606"}
,"/Users/kevinliu/Apps/SportStretch/sportstretch-ui-master/app/api/client.js": {"path":"/Users/kevinliu/Apps/SportStretch/sportstretch-ui-master/app/api/client.js","statementMap":{"0":{"start":{"line":5,"column":18},"end":{"line":9,"column":2}},"1":{"start":{"line":11,"column":0},"end":{"line":20,"column":3}},"2":{"start":{"line":12,"column":2},"end":{"line":19,"column":3}},"3":{"start":{"line":13,"column":22},"end":{"line":13,"column":50}},"4":{"start":{"line":14,"column":4},"end":{"line":14,"column":27}},"5":{"start":{"line":14,"column":20},"end":{"line":14,"column":27}},"6":{"start":{"line":15,"column":4},"end":{"line":15,"column":48}},"7":{"start":{"line":17,"column":4},"end":{"line":17,"column":54}},"8":{"start":{"line":23,"column":0},"end":{"line":32,"column":3}},"9":{"start":{"line":24,"column":2},"end":{"line":31,"column":3}},"10":{"start":{"line":25,"column":4},"end":{"line":30,"column":7}}},"fnMap":{"0":{"name":"(anonymous_0)","decl":{"start":{"line":11,"column":35},"end":{"line":11,"column":36}},"loc":{"start":{"line":11,"column":54},"end":{"line":20,"column":1}},"line":11},"1":{"name":"(anonymous_1)","decl":{"start":{"line":23,"column":31},"end":{"line":23,"column":32}},"loc":{"start":{"line":23,"column":45},"end":{"line":32,"column":1}},"line":23}},"branchMap":{"0":{"loc":{"start":{"line":6,"column":11},"end":{"line":6,"column":62}},"type":"cond-expr","locations":[{"start":{"line":6,"column":33},"end":{"line":6,"column":52}},{"start":{"line":6,"column":55},"end":{"line":6,"column":62}}],"line":6},"1":{"loc":{"start":{"line":14,"column":4},"end":{"line":14,"column":27}},"type":"if","locations":[{"start":{"line":14,"column":4},"end":{"line":14,"column":27}},{"start":{},"end":{}}],"line":14},"2":{"loc":{"start":{"line":24,"column":2},"end":{"line":31,"column":3}},"type":"if","locations":[{"start":{"line":24,"column":2},"end":{"line":31,"column":3}},{"start":{},"end":{}}],"line":24}},"s":{"0":4,"1":4,"2":0,"3":0,"4":0,"5":0,"6":0,"7":0,"8":4,"9":0,"10":0},"f":{"0":0,"1":0},"b":{"0":[4,0],"1":[0,0],"2":[0,0]},"_coverageSchema":"1a1c01bbd47fc00a2c39e90264f33305004495a9","hash":"39e4307fe31eeb878536bc6c5e9a98e254ef5fc8"}
,"/Users/kevinliu/Apps/SportStretch/sportstretch-ui-master/app/api/contact.js": {"path":"/Users/kevinliu/Apps/SportStretch/sportstretch-ui-master/app/api/contact.js","statementMap":{"0":{"start":{"line":3,"column":17},"end":{"line":3,"column":27}},"1":{"start":{"line":5,"column":19},"end":{"line":7,"column":1}},"2":{"start":{"line":6,"column":2},"end":{"line":6,"column":60}},"3":{"start":{"line":9,"column":20},"end":{"line":11,"column":1}},"4":{"start":{"line":10,"column":2},"end":{"line":10,"column":64}}},"fnMap":{"0":{"name":"(anonymous_0)","decl":{"start":{"line":5,"column":19},"end":{"line":5,"column":20}},"loc":{"start":{"line":5,"column":31},"end":{"line":7,"column":1}},"line":5},"1":{"name":"(anonymous_1)","decl":{"start":{"line":9,"column":20},"end":{"line":9,"column":21}},"loc":{"start":{"line":9,"column":36},"end":{"line":11,"column":1}},"line":9}},"branchMap":{},"s":{"0":0,"1":0,"2":0,"3":0,"4":0},"f":{"0":0,"1":0},"b":{}}
,"/Users/kevinliu/Apps/SportStretch/sportstretch-ui-master/app/api/expoPushTokens.js": {"path":"/Users/kevinliu/Apps/SportStretch/sportstretch-ui-master/app/api/expoPushTokens.js","statementMap":{"0":{"start":{"line":3,"column":17},"end":{"line":3,"column":34}},"1":{"start":{"line":5,"column":17},"end":{"line":5,"column":78}},"2":{"start":{"line":5,"column":32},"end":{"line":5,"column":78}}},"fnMap":{"0":{"name":"(anonymous_0)","decl":{"start":{"line":5,"column":17},"end":{"line":5,"column":18}},"loc":{"start":{"line":5,"column":32},"end":{"line":5,"column":78}},"line":5}},"branchMap":{},"s":{"0":0,"1":0,"2":0},"f":{"0":0},"b":{}}
,"/Users/kevinliu/Apps/SportStretch/sportstretch-ui-master/app/api/notifications.js": {"path":"/Users/kevinliu/Apps/SportStretch/sportstretch-ui-master/app/api/notifications.js","statementMap":{"0":{"start":{"line":3,"column":17},"end":{"line":3,"column":33}},"1":{"start":{"line":5,"column":24},"end":{"line":9,"column":4}},"2":{"start":{"line":6,"column":2},"end":{"line":9,"column":4}},"3":{"start":{"line":11,"column":22},"end":{"line":16,"column":4}},"4":{"start":{"line":12,"column":2},"end":{"line":16,"column":4}},"5":{"start":{"line":18,"column":20},"end":{"line":21,"column":4}},"6":{"start":{"line":19,"column":2},"end":{"line":21,"column":4}}},"fnMap":{"0":{"name":"(anonymous_0)","decl":{"start":{"line":5,"column":24},"end":{"line":5,"column":25}},"loc":{"start":{"line":6,"column":2},"end":{"line":9,"column":4}},"line":6},"1":{"name":"(anonymous_1)","decl":{"start":{"line":11,"column":22},"end":{"line":11,"column":23}},"loc":{"start":{"line":12,"column":2},"end":{"line":16,"column":4}},"line":12},"2":{"name":"(anonymous_2)","decl":{"start":{"line":18,"column":20},"end":{"line":18,"column":21}},"loc":{"start":{"line":19,"column":2},"end":{"line":21,"column":4}},"line":19}},"branchMap":{},"s":{"0":1,"1":1,"2":0,"3":1,"4":0,"5":1,"6":0},"f":{"0":0,"1":0,"2":0},"b":{},"_coverageSchema":"1a1c01bbd47fc00a2c39e90264f33305004495a9","hash":"7856f3b7faeb4aaa7ab071f907d6e55f0e79cb08"}
,"/Users/kevinliu/Apps/SportStretch/sportstretch-ui-master/app/api/password.js": {"path":"/Users/kevinliu/Apps/SportStretch/sportstretch-ui-master/app/api/password.js","statementMap":{"0":{"start":{"line":3,"column":17},"end":{"line":3,"column":28}},"1":{"start":{"line":5,"column":23},"end":{"line":7,"column":1}},"2":{"start":{"line":6,"column":2},"end":{"line":6,"column":72}},"3":{"start":{"line":9,"column":18},"end":{"line":14,"column":1}},"4":{"start":{"line":10,"column":2},"end":{"line":13,"column":5}},"5":{"start":{"line":16,"column":22},"end":{"line":21,"column":1}},"6":{"start":{"line":17,"column":2},"end":{"line":20,"column":5}},"7":{"start":{"line":23,"column":23},"end":{"line":29,"column":1}},"8":{"start":{"line":24,"column":2},"end":{"line":28,"column":5}}},"fnMap":{"0":{"name":"(anonymous_0)","decl":{"start":{"line":5,"column":23},"end":{"line":5,"column":24}},"loc":{"start":{"line":5,"column":34},"end":{"line":7,"column":1}},"line":5},"1":{"name":"(anonymous_1)","decl":{"start":{"line":9,"column":18},"end":{"line":9,"column":19}},"loc":{"start":{"line":9,"column":42},"end":{"line":14,"column":1}},"line":9},"2":{"name":"(anonymous_2)","decl":{"start":{"line":16,"column":22},"end":{"line":16,"column":23}},"loc":{"start":{"line":16,"column":47},"end":{"line":21,"column":1}},"line":16},"3":{"name":"(anonymous_3)","decl":{"start":{"line":23,"column":23},"end":{"line":23,"column":24}},"loc":{"start":{"line":23,"column":61},"end":{"line":29,"column":1}},"line":23}},"branchMap":{},"s":{"0":0,"1":0,"2":0,"3":0,"4":0,"5":0,"6":0,"7":0,"8":0},"f":{"0":0,"1":0,"2":0,"3":0},"b":{}}
,"/Users/kevinliu/Apps/SportStretch/sportstretch-ui-master/app/api/payment.js": {"path":"/Users/kevinliu/Apps/SportStretch/sportstretch-ui-master/app/api/payment.js","statementMap":{"0":{"start":{"line":3,"column":17},"end":{"line":3,"column":27}},"1":{"start":{"line":5,"column":28},"end":{"line":7,"column":1}},"2":{"start":{"line":6,"column":2},"end":{"line":6,"column":73}},"3":{"start":{"line":9,"column":30},"end":{"line":11,"column":1}},"4":{"start":{"line":10,"column":2},"end":{"line":10,"column":74}},"5":{"start":{"line":13,"column":32},"end":{"line":15,"column":1}},"6":{"start":{"line":14,"column":2},"end":{"line":14,"column":80}},"7":{"start":{"line":17,"column":29},"end":{"line":19,"column":1}},"8":{"start":{"line":18,"column":2},"end":{"line":18,"column":70}},"9":{"start":{"line":21,"column":25},"end":{"line":23,"column":1}},"10":{"start":{"line":22,"column":2},"end":{"line":22,"column":77}}},"fnMap":{"0":{"name":"(anonymous_0)","decl":{"start":{"line":5,"column":28},"end":{"line":5,"column":29}},"loc":{"start":{"line":5,"column":44},"end":{"line":7,"column":1}},"line":5},"1":{"name":"(anonymous_1)","decl":{"start":{"line":9,"column":30},"end":{"line":9,"column":31}},"loc":{"start":{"line":9,"column":45},"end":{"line":11,"column":1}},"line":9},"2":{"name":"(anonymous_2)","decl":{"start":{"line":13,"column":32},"end":{"line":13,"column":33}},"loc":{"start":{"line":13,"column":49},"end":{"line":15,"column":1}},"line":13},"3":{"name":"(anonymous_3)","decl":{"start":{"line":17,"column":29},"end":{"line":17,"column":30}},"loc":{"start":{"line":17,"column":46},"end":{"line":19,"column":1}},"line":17},"4":{"name":"(anonymous_4)","decl":{"start":{"line":21,"column":25},"end":{"line":21,"column":26}},"loc":{"start":{"line":21,"column":42},"end":{"line":23,"column":1}},"line":21}},"branchMap":{},"s":{"0":1,"1":1,"2":0,"3":1,"4":0,"5":1,"6":0,"7":1,"8":0,"9":1,"10":0},"f":{"0":0,"1":0,"2":0,"3":0,"4":0},"b":{},"_coverageSchema":"1a1c01bbd47fc00a2c39e90264f33305004495a9","hash":"10bc74a04b95642b60cb1998a3b22af31199830a"}
,"/Users/kevinliu/Apps/SportStretch/sportstretch-ui-master/app/api/profilePicture.js": {"path":"/Users/kevinliu/Apps/SportStretch/sportstretch-ui-master/app/api/profilePicture.js","statementMap":{"0":{"start":{"line":3,"column":17},"end":{"line":3,"column":34}},"1":{"start":{"line":5,"column":26},"end":{"line":7,"column":1}},"2":{"start":{"line":6,"column":2},"end":{"line":6,"column":48}}},"fnMap":{"0":{"name":"(anonymous_0)","decl":{"start":{"line":5,"column":26},"end":{"line":5,"column":27}},"loc":{"start":{"line":5,"column":38},"end":{"line":7,"column":1}},"line":5}},"branchMap":{},"s":{"0":0,"1":0,"2":0},"f":{"0":0},"b":{}}
,"/Users/kevinliu/Apps/SportStretch/sportstretch-ui-master/app/api/ratings.js": {"path":"/Users/kevinliu/Apps/SportStretch/sportstretch-ui-master/app/api/ratings.js","statementMap":{"0":{"start":{"line":3,"column":17},"end":{"line":3,"column":27}},"1":{"start":{"line":5,"column":21},"end":{"line":7,"column":1}},"2":{"start":{"line":6,"column":2},"end":{"line":6,"column":62}},"3":{"start":{"line":9,"column":20},"end":{"line":11,"column":1}},"4":{"start":{"line":10,"column":2},"end":{"line":10,"column":45}}},"fnMap":{"0":{"name":"(anonymous_0)","decl":{"start":{"line":5,"column":21},"end":{"line":5,"column":22}},"loc":{"start":{"line":5,"column":47},"end":{"line":7,"column":1}},"line":5},"1":{"name":"(anonymous_1)","decl":{"start":{"line":9,"column":20},"end":{"line":9,"column":21}},"loc":{"start":{"line":9,"column":35},"end":{"line":11,"column":1}},"line":9}},"branchMap":{},"s":{"0":1,"1":1,"2":0,"3":1,"4":0},"f":{"0":0,"1":0},"b":{},"_coverageSchema":"1a1c01bbd47fc00a2c39e90264f33305004495a9","hash":"01d44a92e4a9328aad29d86942027ee37016d539"}
,"/Users/kevinliu/Apps/SportStretch/sportstretch-ui-master/app/api/register.js": {"path":"/Users/kevinliu/Apps/SportStretch/sportstretch-ui-master/app/api/register.js","statementMap":{"0":{"start":{"line":3,"column":17},"end":{"line":3,"column":28}},"1":{"start":{"line":5,"column":24},"end":{"line":7,"column":1}},"2":{"start":{"line":6,"column":2},"end":{"line":6,"column":56}},"3":{"start":{"line":9,"column":26},"end":{"line":11,"column":1}},"4":{"start":{"line":10,"column":2},"end":{"line":10,"column":63}},"5":{"start":{"line":13,"column":22},"end":{"line":15,"column":1}},"6":{"start":{"line":14,"column":2},"end":{"line":14,"column":54}},"7":{"start":{"line":17,"column":19},"end":{"line":19,"column":1}},"8":{"start":{"line":18,"column":2},"end":{"line":18,"column":61}},"9":{"start":{"line":20,"column":20},"end":{"line":22,"column":1}},"10":{"start":{"line":21,"column":2},"end":{"line":21,"column":68}}},"fnMap":{"0":{"name":"(anonymous_0)","decl":{"start":{"line":5,"column":24},"end":{"line":5,"column":25}},"loc":{"start":{"line":5,"column":37},"end":{"line":7,"column":1}},"line":5},"1":{"name":"(anonymous_1)","decl":{"start":{"line":9,"column":26},"end":{"line":9,"column":27}},"loc":{"start":{"line":9,"column":44},"end":{"line":11,"column":1}},"line":9},"2":{"name":"(anonymous_2)","decl":{"start":{"line":13,"column":22},"end":{"line":13,"column":23}},"loc":{"start":{"line":13,"column":30},"end":{"line":15,"column":1}},"line":13},"3":{"name":"(anonymous_3)","decl":{"start":{"line":17,"column":19},"end":{"line":17,"column":20}},"loc":{"start":{"line":17,"column":30},"end":{"line":19,"column":1}},"line":17},"4":{"name":"(anonymous_4)","decl":{"start":{"line":20,"column":20},"end":{"line":20,"column":21}},"loc":{"start":{"line":20,"column":40},"end":{"line":22,"column":1}},"line":20}},"branchMap":{},"s":{"0":0,"1":0,"2":0,"3":0,"4":0,"5":0,"6":0,"7":0,"8":0,"9":0,"10":0},"f":{"0":0,"1":0,"2":0,"3":0,"4":0},"b":{}}
,"/Users/kevinliu/Apps/SportStretch/sportstretch-ui-master/app/api/report.js": {"path":"/Users/kevinliu/Apps/SportStretch/sportstretch-ui-master/app/api/report.js","statementMap":{"0":{"start":{"line":3,"column":17},"end":{"line":3,"column":26}},"1":{"start":{"line":5,"column":20},"end":{"line":7,"column":1}},"2":{"start":{"line":6,"column":2},"end":{"line":6,"column":67}}},"fnMap":{"0":{"name":"(anonymous_0)","decl":{"start":{"line":5,"column":20},"end":{"line":5,"column":21}},"loc":{"start":{"line":5,"column":40},"end":{"line":7,"column":1}},"line":5}},"branchMap":{},"s":{"0":0,"1":0,"2":0},"f":{"0":0},"b":{}}
,"/Users/kevinliu/Apps/SportStretch/sportstretch-ui-master/app/api/revenuecatService.js": {"path":"/Users/kevinliu/Apps/SportStretch/sportstretch-ui-master/app/api/revenuecatService.js","statementMap":{"0":{"start":{"line":11,"column":24},"end":{"line":11,"column":36}},"1":{"start":{"line":12,"column":26},"end":{"line":12,"column":40}},"2":{"start":{"line":14,"column":30},"end":{"line":14,"column":35}},"3":{"start":{"line":16,"column":30},"end":{"line":32,"column":1}},"4":{"start":{"line":17,"column":2},"end":{"line":31,"column":3}},"5":{"start":{"line":18,"column":4},"end":{"line":18,"column":46}},"6":{"start":{"line":19,"column":4},"end":{"line":19,"column":49}},"7":{"start":{"line":20,"column":4},"end":{"line":23,"column":7}},"8":{"start":{"line":25,"column":4},"end":{"line":25,"column":25}},"9":{"start":{"line":26,"column":4},"end":{"line":26,"column":35}},"10":{"start":{"line":27,"column":4},"end":{"line":27,"column":68}},"11":{"start":{"line":29,"column":4},"end":{"line":29,"column":56}},"12":{"start":{"line":30,"column":4},"end":{"line":30,"column":12}},"13":{"start":{"line":34,"column":27},"end":{"line":42,"column":1}},"14":{"start":{"line":35,"column":2},"end":{"line":41,"column":3}},"15":{"start":{"line":36,"column":4},"end":{"line":36,"column":69}},"16":{"start":{"line":37,"column":4},"end":{"line":37,"column":40}},"17":{"start":{"line":38,"column":4},"end":{"line":38,"column":60}},"18":{"start":{"line":40,"column":4},"end":{"line":40,"column":59}},"19":{"start":{"line":44,"column":28},"end":{"line":52,"column":1}},"20":{"start":{"line":45,"column":2},"end":{"line":51,"column":3}},"21":{"start":{"line":46,"column":4},"end":{"line":46,"column":39}},"22":{"start":{"line":47,"column":4},"end":{"line":47,"column":29}},"23":{"start":{"line":48,"column":4},"end":{"line":48,"column":61}},"24":{"start":{"line":50,"column":4},"end":{"line":50,"column":60}},"25":{"start":{"line":54,"column":28},"end":{"line":62,"column":1}},"26":{"start":{"line":55,"column":2},"end":{"line":61,"column":3}},"27":{"start":{"line":56,"column":22},"end":{"line":56,"column":52}},"28":{"start":{"line":57,"column":4},"end":{"line":57,"column":21}},"29":{"start":{"line":59,"column":4},"end":{"line":59,"column":49}},"30":{"start":{"line":60,"column":4},"end":{"line":60,"column":16}},"31":{"start":{"line":64,"column":31},"end":{"line":72,"column":1}},"32":{"start":{"line":65,"column":2},"end":{"line":71,"column":3}},"33":{"start":{"line":66,"column":29},"end":{"line":66,"column":65}},"34":{"start":{"line":67,"column":4},"end":{"line":67,"column":43}},"35":{"start":{"line":69,"column":4},"end":{"line":69,"column":39}},"36":{"start":{"line":70,"column":4},"end":{"line":70,"column":40}},"37":{"start":{"line":74,"column":35},"end":{"line":92,"column":1}},"38":{"start":{"line":75,"column":2},"end":{"line":91,"column":3}},"39":{"start":{"line":76,"column":4},"end":{"line":79,"column":5}},"40":{"start":{"line":77,"column":6},"end":{"line":77,"column":70}},"41":{"start":{"line":78,"column":6},"end":{"line":78,"column":19}},"42":{"start":{"line":81,"column":25},"end":{"line":81,"column":58}},"43":{"start":{"line":83,"column":4},"end":{"line":87,"column":5}},"44":{"start":{"line":84,"column":6},"end":{"line":84,"column":18}},"45":{"start":{"line":86,"column":6},"end":{"line":86,"column":19}},"46":{"start":{"line":89,"column":4},"end":{"line":89,"column":53}},"47":{"start":{"line":90,"column":4},"end":{"line":90,"column":17}},"48":{"start":{"line":94,"column":42},"end":{"line":114,"column":1}},"49":{"start":{"line":95,"column":2},"end":{"line":113,"column":3}},"50":{"start":{"line":96,"column":4},"end":{"line":99,"column":5}},"51":{"start":{"line":97,"column":6},"end":{"line":97,"column":70}},"52":{"start":{"line":98,"column":6},"end":{"line":98,"column":19}},"53":{"start":{"line":101,"column":25},"end":{"line":101,"column":58}},"54":{"start":{"line":102,"column":4},"end":{"line":109,"column":5}},"55":{"start":{"line":106,"column":6},"end":{"line":106,"column":18}},"56":{"start":{"line":108,"column":6},"end":{"line":108,"column":19}},"57":{"start":{"line":111,"column":4},"end":{"line":111,"column":53}},"58":{"start":{"line":112,"column":4},"end":{"line":112,"column":17}}},"fnMap":{"0":{"name":"(anonymous_0)","decl":{"start":{"line":16,"column":30},"end":{"line":16,"column":31}},"loc":{"start":{"line":16,"column":61},"end":{"line":32,"column":1}},"line":16},"1":{"name":"(anonymous_1)","decl":{"start":{"line":34,"column":27},"end":{"line":34,"column":28}},"loc":{"start":{"line":34,"column":51},"end":{"line":42,"column":1}},"line":34},"2":{"name":"(anonymous_2)","decl":{"start":{"line":44,"column":28},"end":{"line":44,"column":29}},"loc":{"start":{"line":44,"column":40},"end":{"line":52,"column":1}},"line":44},"3":{"name":"(anonymous_3)","decl":{"start":{"line":54,"column":28},"end":{"line":54,"column":29}},"loc":{"start":{"line":54,"column":40},"end":{"line":62,"column":1}},"line":54},"4":{"name":"(anonymous_4)","decl":{"start":{"line":64,"column":31},"end":{"line":64,"column":32}},"loc":{"start":{"line":64,"column":46},"end":{"line":72,"column":1}},"line":64},"5":{"name":"(anonymous_5)","decl":{"start":{"line":74,"column":35},"end":{"line":74,"column":36}},"loc":{"start":{"line":74,"column":47},"end":{"line":92,"column":1}},"line":74},"6":{"name":"(anonymous_6)","decl":{"start":{"line":94,"column":42},"end":{"line":94,"column":43}},"loc":{"start":{"line":94,"column":54},"end":{"line":114,"column":1}},"line":94}},"branchMap":{"0":{"loc":{"start":{"line":16,"column":37},"end":{"line":16,"column":56}},"type":"default-arg","locations":[{"start":{"line":16,"column":52},"end":{"line":16,"column":56}}],"line":16},"1":{"loc":{"start":{"line":21,"column":14},"end":{"line":21,"column":70}},"type":"binary-expr","locations":[{"start":{"line":21,"column":14},"end":{"line":21,"column":32}},{"start":{"line":21,"column":36},"end":{"line":21,"column":70}}],"line":21},"2":{"loc":{"start":{"line":22,"column":17},"end":{"line":22,"column":37}},"type":"binary-expr","locations":[{"start":{"line":22,"column":17},"end":{"line":22,"column":29}},{"start":{"line":22,"column":33},"end":{"line":22,"column":37}}],"line":22},"3":{"loc":{"start":{"line":76,"column":4},"end":{"line":79,"column":5}},"type":"if","locations":[{"start":{"line":76,"column":4},"end":{"line":79,"column":5}},{"start":{},"end":{}}],"line":76},"4":{"loc":{"start":{"line":83,"column":4},"end":{"line":87,"column":5}},"type":"if","locations":[{"start":{"line":83,"column":4},"end":{"line":87,"column":5}},{"start":{"line":85,"column":11},"end":{"line":87,"column":5}}],"line":83},"5":{"loc":{"start":{"line":96,"column":4},"end":{"line":99,"column":5}},"type":"if","locations":[{"start":{"line":96,"column":4},"end":{"line":99,"column":5}},{"start":{},"end":{}}],"line":96},"6":{"loc":{"start":{"line":102,"column":4},"end":{"line":109,"column":5}},"type":"if","locations":[{"start":{"line":102,"column":4},"end":{"line":109,"column":5}},{"start":{"line":107,"column":11},"end":{"line":109,"column":5}}],"line":102},"7":{"loc":{"start":{"line":103,"column":6},"end":{"line":104,"column":57}},"type":"binary-expr","locations":[{"start":{"line":103,"column":6},"end":{"line":103,"column":55}},{"start":{"line":104,"column":6},"end":{"line":104,"column":57}}],"line":103}},"s":{"0":1,"1":1,"2":1,"3":1,"4":8,"5":8,"6":8,"7":8,"8":1,"9":1,"10":1,"11":7,"12":7,"13":1,"14":0,"15":0,"16":0,"17":0,"18":0,"19":1,"20":0,"21":0,"22":0,"23":0,"24":0,"25":1,"26":3,"27":3,"28":2,"29":1,"30":1,"31":1,"32":2,"33":2,"34":1,"35":1,"36":1,"37":1,"38":0,"39":0,"40":0,"41":0,"42":0,"43":0,"44":0,"45":0,"46":0,"47":0,"48":1,"49":1,"50":1,"51":0,"52":0,"53":1,"54":1,"55":0,"56":1,"57":0,"58":0},"f":{"0":8,"1":0,"2":0,"3":3,"4":2,"5":0,"6":1},"b":{"0":[7],"1":[8,0],"2":[8,7],"3":[0,0],"4":[0,0],"5":[0,1],"6":[0,1],"7":[1,1]},"_coverageSchema":"1a1c01bbd47fc00a2c39e90264f33305004495a9","hash":"8528db93d6b001fd325dc4a8b70947c845757ce3"}
,"/Users/kevinliu/Apps/SportStretch/sportstretch-ui-master/app/api/therapists.js": {"path":"/Users/kevinliu/Apps/SportStretch/sportstretch-ui-master/app/api/therapists.js","statementMap":{"0":{"start":{"line":3,"column":17},"end":{"line":3,"column":30}},"1":{"start":{"line":5,"column":25},"end":{"line":7,"column":1}},"2":{"start":{"line":6,"column":2},"end":{"line":6,"column":42}},"3":{"start":{"line":9,"column":29},"end":{"line":11,"column":1}},"4":{"start":{"line":10,"column":2},"end":{"line":10,"column":77}},"5":{"start":{"line":13,"column":27},"end":{"line":15,"column":1}},"6":{"start":{"line":14,"column":4},"end":{"line":14,"column":47}},"7":{"start":{"line":17,"column":24},"end":{"line":19,"column":1}},"8":{"start":{"line":18,"column":2},"end":{"line":18,"column":80}},"9":{"start":{"line":21,"column":25},"end":{"line":23,"column":1}},"10":{"start":{"line":22,"column":2},"end":{"line":22,"column":61}},"11":{"start":{"line":25,"column":22},"end":{"line":27,"column":1}},"12":{"start":{"line":26,"column":2},"end":{"line":26,"column":61}},"13":{"start":{"line":29,"column":25},"end":{"line":31,"column":1}},"14":{"start":{"line":30,"column":2},"end":{"line":30,"column":61}},"15":{"start":{"line":33,"column":23},"end":{"line":35,"column":1}},"16":{"start":{"line":34,"column":2},"end":{"line":34,"column":47}},"17":{"start":{"line":37,"column":18},"end":{"line":39,"column":1}},"18":{"start":{"line":38,"column":2},"end":{"line":38,"column":69}},"19":{"start":{"line":41,"column":21},"end":{"line":43,"column":1}},"20":{"start":{"line":42,"column":2},"end":{"line":42,"column":53}},"21":{"start":{"line":45,"column":22},"end":{"line":47,"column":1}},"22":{"start":{"line":46,"column":2},"end":{"line":46,"column":87}},"23":{"start":{"line":49,"column":27},"end":{"line":55,"column":1}},"24":{"start":{"line":50,"column":2},"end":{"line":52,"column":4}},"25":{"start":{"line":53,"column":2},"end":{"line":53,"column":58}},"26":{"start":{"line":54,"column":2},"end":{"line":54,"column":86}}},"fnMap":{"0":{"name":"(anonymous_0)","decl":{"start":{"line":5,"column":25},"end":{"line":5,"column":26}},"loc":{"start":{"line":5,"column":31},"end":{"line":7,"column":1}},"line":5},"1":{"name":"(anonymous_1)","decl":{"start":{"line":9,"column":29},"end":{"line":9,"column":30}},"loc":{"start":{"line":9,"column":48},"end":{"line":11,"column":1}},"line":9},"2":{"name":"(anonymous_2)","decl":{"start":{"line":13,"column":27},"end":{"line":13,"column":28}},"loc":{"start":{"line":13,"column":33},"end":{"line":15,"column":1}},"line":13},"3":{"name":"(anonymous_3)","decl":{"start":{"line":17,"column":24},"end":{"line":17,"column":25}},"loc":{"start":{"line":17,"column":52},"end":{"line":19,"column":1}},"line":17},"4":{"name":"(anonymous_4)","decl":{"start":{"line":21,"column":25},"end":{"line":21,"column":26}},"loc":{"start":{"line":21,"column":42},"end":{"line":23,"column":1}},"line":21},"5":{"name":"(anonymous_5)","decl":{"start":{"line":25,"column":22},"end":{"line":25,"column":23}},"loc":{"start":{"line":25,"column":39},"end":{"line":27,"column":1}},"line":25},"6":{"name":"(anonymous_6)","decl":{"start":{"line":29,"column":25},"end":{"line":29,"column":26}},"loc":{"start":{"line":29,"column":42},"end":{"line":31,"column":1}},"line":29},"7":{"name":"(anonymous_7)","decl":{"start":{"line":33,"column":23},"end":{"line":33,"column":24}},"loc":{"start":{"line":33,"column":29},"end":{"line":35,"column":1}},"line":33},"8":{"name":"(anonymous_8)","decl":{"start":{"line":37,"column":18},"end":{"line":37,"column":19}},"loc":{"start":{"line":37,"column":44},"end":{"line":39,"column":1}},"line":37},"9":{"name":"(anonymous_9)","decl":{"start":{"line":41,"column":21},"end":{"line":41,"column":22}},"loc":{"start":{"line":41,"column":38},"end":{"line":43,"column":1}},"line":41},"10":{"name":"(anonymous_10)","decl":{"start":{"line":45,"column":22},"end":{"line":45,"column":23}},"loc":{"start":{"line":45,"column":68},"end":{"line":47,"column":1}},"line":45},"11":{"name":"(anonymous_11)","decl":{"start":{"line":49,"column":27},"end":{"line":49,"column":28}},"loc":{"start":{"line":49,"column":54},"end":{"line":55,"column":1}},"line":49}},"branchMap":{},"s":{"0":2,"1":2,"2":0,"3":2,"4":0,"5":2,"6":0,"7":2,"8":0,"9":2,"10":0,"11":2,"12":0,"13":2,"14":0,"15":2,"16":0,"17":2,"18":0,"19":2,"20":0,"21":2,"22":0,"23":2,"24":0,"25":0,"26":0},"f":{"0":0,"1":0,"2":0,"3":0,"4":0,"5":0,"6":0,"7":0,"8":0,"9":0,"10":0,"11":0},"b":{},"_coverageSchema":"1a1c01bbd47fc00a2c39e90264f33305004495a9","hash":"6054b0e23568ef46a750060ea68283dec45dc482"}
,"/Users/kevinliu/Apps/SportStretch/sportstretch-ui-master/app/api/upload.js": {"path":"/Users/kevinliu/Apps/SportStretch/sportstretch-ui-master/app/api/upload.js","statementMap":{"0":{"start":{"line":3,"column":17},"end":{"line":3,"column":26}},"1":{"start":{"line":5,"column":29},"end":{"line":18,"column":1}},"2":{"start":{"line":6,"column":19},"end":{"line":6,"column":33}},"3":{"start":{"line":7,"column":2},"end":{"line":11,"column":5}},"4":{"start":{"line":13,"column":2},"end":{"line":17,"column":5}},"5":{"start":{"line":20,"column":29},"end":{"line":22,"column":1}},"6":{"start":{"line":21,"column":2},"end":{"line":21,"column":67}}},"fnMap":{"0":{"name":"(anonymous_0)","decl":{"start":{"line":5,"column":29},"end":{"line":5,"column":30}},"loc":{"start":{"line":5,"column":59},"end":{"line":18,"column":1}},"line":5},"1":{"name":"(anonymous_1)","decl":{"start":{"line":20,"column":29},"end":{"line":20,"column":30}},"loc":{"start":{"line":20,"column":41},"end":{"line":22,"column":1}},"line":20}},"branchMap":{},"s":{"0":0,"1":0,"2":0,"3":0,"4":0,"5":0,"6":0},"f":{"0":0,"1":0},"b":{}}
,"/Users/kevinliu/Apps/SportStretch/sportstretch-ui-master/app/auth/context.js": {"path":"/Users/kevinliu/Apps/SportStretch/sportstretch-ui-master/app/auth/context.js","statementMap":{"0":{"start":{"line":3,"column":20},"end":{"line":3,"column":41}}},"fnMap":{},"branchMap":{},"s":{"0":0},"f":{},"b":{}}
,"/Users/kevinliu/Apps/SportStretch/sportstretch-ui-master/app/auth/storage.js": {"path":"/Users/kevinliu/Apps/SportStretch/sportstretch-ui-master/app/auth/storage.js","statementMap":{"0":{"start":{"line":4,"column":12},"end":{"line":4,"column":23}},"1":{"start":{"line":6,"column":19},"end":{"line":12,"column":1}},"2":{"start":{"line":7,"column":2},"end":{"line":11,"column":3}},"3":{"start":{"line":8,"column":4},"end":{"line":8,"column":51}},"4":{"start":{"line":10,"column":4},"end":{"line":10,"column":55}},"5":{"start":{"line":14,"column":17},"end":{"line":20,"column":1}},"6":{"start":{"line":15,"column":2},"end":{"line":19,"column":3}},"7":{"start":{"line":16,"column":4},"end":{"line":16,"column":47}},"8":{"start":{"line":18,"column":4},"end":{"line":18,"column":55}},"9":{"start":{"line":22,"column":16},"end":{"line":25,"column":1}},"10":{"start":{"line":23,"column":16},"end":{"line":23,"column":32}},"11":{"start":{"line":24,"column":2},"end":{"line":24,"column":41}},"12":{"start":{"line":27,"column":20},"end":{"line":33,"column":1}},"13":{"start":{"line":28,"column":2},"end":{"line":32,"column":3}},"14":{"start":{"line":29,"column":4},"end":{"line":29,"column":43}},"15":{"start":{"line":31,"column":4},"end":{"line":31,"column":56}},"16":{"start":{"line":35,"column":19},"end":{"line":41,"column":1}},"17":{"start":{"line":36,"column":2},"end":{"line":40,"column":3}},"18":{"start":{"line":37,"column":4},"end":{"line":37,"column":55}},"19":{"start":{"line":39,"column":4},"end":{"line":39,"column":55}},"20":{"start":{"line":43,"column":17},"end":{"line":49,"column":1}},"21":{"start":{"line":44,"column":2},"end":{"line":48,"column":3}},"22":{"start":{"line":45,"column":4},"end":{"line":45,"column":55}},"23":{"start":{"line":47,"column":4},"end":{"line":47,"column":55}}},"fnMap":{"0":{"name":"(anonymous_0)","decl":{"start":{"line":6,"column":19},"end":{"line":6,"column":20}},"loc":{"start":{"line":6,"column":40},"end":{"line":12,"column":1}},"line":6},"1":{"name":"(anonymous_1)","decl":{"start":{"line":14,"column":17},"end":{"line":14,"column":18}},"loc":{"start":{"line":14,"column":29},"end":{"line":20,"column":1}},"line":14},"2":{"name":"(anonymous_2)","decl":{"start":{"line":22,"column":16},"end":{"line":22,"column":17}},"loc":{"start":{"line":22,"column":28},"end":{"line":25,"column":1}},"line":22},"3":{"name":"(anonymous_3)","decl":{"start":{"line":27,"column":20},"end":{"line":27,"column":21}},"loc":{"start":{"line":27,"column":32},"end":{"line":33,"column":1}},"line":27},"4":{"name":"(anonymous_4)","decl":{"start":{"line":35,"column":19},"end":{"line":35,"column":20}},"loc":{"start":{"line":35,"column":36},"end":{"line":41,"column":1}},"line":35},"5":{"name":"(anonymous_5)","decl":{"start":{"line":43,"column":17},"end":{"line":43,"column":18}},"loc":{"start":{"line":43,"column":29},"end":{"line":49,"column":1}},"line":43}},"branchMap":{"0":{"loc":{"start":{"line":24,"column":9},"end":{"line":24,"column":40}},"type":"cond-expr","locations":[{"start":{"line":24,"column":17},"end":{"line":24,"column":33}},{"start":{"line":24,"column":36},"end":{"line":24,"column":40}}],"line":24}},"s":{"0":3,"1":3,"2":2,"3":2,"4":1,"5":3,"6":6,"7":6,"8":1,"9":3,"10":3,"11":3,"12":3,"13":2,"14":2,"15":1,"16":3,"17":2,"18":2,"19":1,"20":3,"21":2,"22":2,"23":1},"f":{"0":2,"1":6,"2":3,"3":2,"4":2,"5":2},"b":{"0":[2,1]},"_coverageSchema":"1a1c01bbd47fc00a2c39e90264f33305004495a9","hash":"f17cbbeffa20209f465c2a3333eef660b4bebbe2"}
,"/Users/kevinliu/Apps/SportStretch/sportstretch-ui-master/app/components/admin/AdminApprovalsCard.js": {"path":"/Users/kevinliu/Apps/SportStretch/sportstretch-ui-master/app/components/admin/AdminApprovalsCard.js","statementMap":{"0":{"start":{"line":32,"column":18},"end":{"line":32,"column":58}},"1":{"start":{"line":33,"column":4},"end":{"line":33,"column":37}},"2":{"start":{"line":33,"column":30},"end":{"line":33,"column":37}},"3":{"start":{"line":34,"column":4},"end":{"line":34,"column":22}},"4":{"start":{"line":39,"column":15},"end":{"line":39,"column":52}},"5":{"start":{"line":40,"column":4},"end":{"line":40,"column":34}},"6":{"start":{"line":40,"column":27},"end":{"line":40,"column":34}},"7":{"start":{"line":41,"column":4},"end":{"line":41,"column":22}},"8":{"start":{"line":45,"column":18},"end":{"line":56,"column":3}},"9":{"start":{"line":46,"column":4},"end":{"line":46,"column":25}},"10":{"start":{"line":47,"column":4},"end":{"line":55,"column":63}},"11":{"start":{"line":49,"column":8},"end":{"line":53,"column":9}},"12":{"start":{"line":50,"column":10},"end":{"line":50,"column":38}},"13":{"start":{"line":52,"column":10},"end":{"line":52,"column":65}},"14":{"start":{"line":55,"column":22},"end":{"line":55,"column":61}},"15":{"start":{"line":59,"column":20},"end":{"line":64,"column":3}},"16":{"start":{"line":60,"column":4},"end":{"line":62,"column":5}},"17":{"start":{"line":61,"column":6},"end":{"line":61,"column":29}},"18":{"start":{"line":63,"column":4},"end":{"line":63,"column":15}},"19":{"start":{"line":66,"column":2},"end":{"line":151,"column":4}},"20":{"start":{"line":122,"column":43},"end":{"line":122,"column":59}},"21":{"start":{"line":131,"column":14},"end":{"line":131,"column":44}},"22":{"start":{"line":132,"column":14},"end":{"line":134,"column":16}},"23":{"start":{"line":141,"column":14},"end":{"line":141,"column":41}},"24":{"start":{"line":142,"column":14},"end":{"line":144,"column":16}},"25":{"start":{"line":153,"column":15},"end":{"line":166,"column":2}}},"fnMap":{"0":{"name":"AdminApprovalsCard","decl":{"start":{"line":18,"column":24},"end":{"line":18,"column":42}},"loc":{"start":{"line":30,"column":3},"end":{"line":152,"column":1}},"line":30},"1":{"name":"approveTherapist","decl":{"start":{"line":31,"column":17},"end":{"line":31,"column":33}},"loc":{"start":{"line":31,"column":38},"end":{"line":36,"column":3}},"line":31},"2":{"name":"denyTherapist","decl":{"start":{"line":38,"column":17},"end":{"line":38,"column":30}},"loc":{"start":{"line":38,"column":35},"end":{"line":43,"column":3}},"line":38},"3":{"name":"(anonymous_3)","decl":{"start":{"line":45,"column":18},"end":{"line":45,"column":19}},"loc":{"start":{"line":45,"column":27},"end":{"line":56,"column":3}},"line":45},"4":{"name":"(anonymous_4)","decl":{"start":{"line":48,"column":12},"end":{"line":48,"column":13}},"loc":{"start":{"line":48,"column":27},"end":{"line":54,"column":7}},"line":48},"5":{"name":"(anonymous_5)","decl":{"start":{"line":55,"column":13},"end":{"line":55,"column":14}},"loc":{"start":{"line":55,"column":22},"end":{"line":55,"column":61}},"line":55},"6":{"name":"(anonymous_6)","decl":{"start":{"line":59,"column":20},"end":{"line":59,"column":21}},"loc":{"start":{"line":59,"column":29},"end":{"line":64,"column":3}},"line":59},"7":{"name":"(anonymous_7)","decl":{"start":{"line":122,"column":37},"end":{"line":122,"column":38}},"loc":{"start":{"line":122,"column":43},"end":{"line":122,"column":59}},"line":122},"8":{"name":"(anonymous_8)","decl":{"start":{"line":130,"column":21},"end":{"line":130,"column":22}},"loc":{"start":{"line":130,"column":27},"end":{"line":135,"column":13}},"line":130},"9":{"name":"(anonymous_9)","decl":{"start":{"line":140,"column":21},"end":{"line":140,"column":22}},"loc":{"start":{"line":140,"column":27},"end":{"line":145,"column":13}},"line":140}},"branchMap":{"0":{"loc":{"start":{"line":33,"column":4},"end":{"line":33,"column":37}},"type":"if","locations":[{"start":{"line":33,"column":4},"end":{"line":33,"column":37}},{"start":{},"end":{}}],"line":33},"1":{"loc":{"start":{"line":40,"column":4},"end":{"line":40,"column":34}},"type":"if","locations":[{"start":{"line":40,"column":4},"end":{"line":40,"column":34}},{"start":{},"end":{}}],"line":40},"2":{"loc":{"start":{"line":49,"column":8},"end":{"line":53,"column":9}},"type":"if","locations":[{"start":{"line":49,"column":8},"end":{"line":53,"column":9}},{"start":{"line":51,"column":15},"end":{"line":53,"column":9}}],"line":49},"3":{"loc":{"start":{"line":60,"column":4},"end":{"line":62,"column":5}},"type":"if","locations":[{"start":{"line":60,"column":4},"end":{"line":62,"column":5}},{"start":{},"end":{}}],"line":60}},"s":{"0":0,"1":0,"2":0,"3":0,"4":0,"5":0,"6":0,"7":0,"8":0,"9":0,"10":0,"11":0,"12":0,"13":0,"14":0,"15":0,"16":0,"17":0,"18":0,"19":0,"20":0,"21":0,"22":0,"23":0,"24":0,"25":0},"f":{"0":0,"1":0,"2":0,"3":0,"4":0,"5":0,"6":0,"7":0,"8":0,"9":0},"b":{"0":[0,0],"1":[0,0],"2":[0,0],"3":[0,0]}}
,"/Users/kevinliu/Apps/SportStretch/sportstretch-ui-master/app/components/admin/AdminApproveCard.js": {"path":"/Users/kevinliu/Apps/SportStretch/sportstretch-ui-master/app/components/admin/AdminApproveCard.js","statementMap":{"0":{"start":{"line":15,"column":44},"end":{"line":15,"column":62}},"1":{"start":{"line":16,"column":27},"end":{"line":21,"column":3}},"2":{"start":{"line":17,"column":26},"end":{"line":17,"column":76}},"3":{"start":{"line":18,"column":4},"end":{"line":20,"column":64}},"4":{"start":{"line":23,"column":24},"end":{"line":28,"column":3}},"5":{"start":{"line":24,"column":26},"end":{"line":24,"column":72}},"6":{"start":{"line":25,"column":4},"end":{"line":27,"column":64}},"7":{"start":{"line":30,"column":2},"end":{"line":68,"column":4}},"8":{"start":{"line":71,"column":15},"end":{"line":177,"column":2}}},"fnMap":{"0":{"name":"AdminApproveCard","decl":{"start":{"line":14,"column":9},"end":{"line":14,"column":25}},"loc":{"start":{"line":14,"column":32},"end":{"line":69,"column":1}},"line":14},"1":{"name":"(anonymous_1)","decl":{"start":{"line":16,"column":27},"end":{"line":16,"column":28}},"loc":{"start":{"line":16,"column":39},"end":{"line":21,"column":3}},"line":16},"2":{"name":"(anonymous_2)","decl":{"start":{"line":23,"column":24},"end":{"line":23,"column":25}},"loc":{"start":{"line":23,"column":36},"end":{"line":28,"column":3}},"line":23}},"branchMap":{"0":{"loc":{"start":{"line":18,"column":4},"end":{"line":20,"column":63}},"type":"cond-expr","locations":[{"start":{"line":19,"column":8},"end":{"line":19,"column":51}},{"start":{"line":20,"column":8},"end":{"line":20,"column":63}}],"line":18},"1":{"loc":{"start":{"line":25,"column":4},"end":{"line":27,"column":63}},"type":"cond-expr","locations":[{"start":{"line":26,"column":8},"end":{"line":26,"column":51}},{"start":{"line":27,"column":8},"end":{"line":27,"column":63}}],"line":25}},"s":{"0":0,"1":0,"2":0,"3":0,"4":0,"5":0,"6":0,"7":0,"8":0},"f":{"0":0,"1":0,"2":0},"b":{"0":[0,0],"1":[0,0]}}
,"/Users/kevinliu/Apps/SportStretch/sportstretch-ui-master/app/components/admin/AdminBookingsCard.js": {"path":"/Users/kevinliu/Apps/SportStretch/sportstretch-ui-master/app/components/admin/AdminBookingsCard.js","statementMap":{"0":{"start":{"line":16,"column":2},"end":{"line":158,"column":4}}},"fnMap":{"0":{"name":"AdminBookingsCard","decl":{"start":{"line":5,"column":24},"end":{"line":5,"column":41}},"loc":{"start":{"line":15,"column":3},"end":{"line":159,"column":1}},"line":15}},"branchMap":{},"s":{"0":0},"f":{"0":0},"b":{}}
,"/Users/kevinliu/Apps/SportStretch/sportstretch-ui-master/app/components/admin/AdminHeader.js": {"path":"/Users/kevinliu/Apps/SportStretch/sportstretch-ui-master/app/components/admin/AdminHeader.js","statementMap":{"0":{"start":{"line":10,"column":28},"end":{"line":10,"column":51}},"1":{"start":{"line":12,"column":2},"end":{"line":29,"column":4}},"2":{"start":{"line":32,"column":15},"end":{"line":61,"column":2}}},"fnMap":{"0":{"name":"AdminHeader","decl":{"start":{"line":9,"column":9},"end":{"line":9,"column":20}},"loc":{"start":{"line":9,"column":28},"end":{"line":30,"column":1}},"line":9}},"branchMap":{},"s":{"0":0,"1":0,"2":0},"f":{"0":0},"b":{}}
,"/Users/kevinliu/Apps/SportStretch/sportstretch-ui-master/app/components/admin/AdminTherapistCard.js": {"path":"/Users/kevinliu/Apps/SportStretch/sportstretch-ui-master/app/components/admin/AdminTherapistCard.js","statementMap":{"0":{"start":{"line":34,"column":15},"end":{"line":34,"column":51}},"1":{"start":{"line":35,"column":36},"end":{"line":35,"column":53}},"2":{"start":{"line":36,"column":27},"end":{"line":44,"column":3}},"3":{"start":{"line":37,"column":4},"end":{"line":43,"column":6}},"4":{"start":{"line":46,"column":40},"end":{"line":46,"column":66}},"5":{"start":{"line":47,"column":23},"end":{"line":58,"column":3}},"6":{"start":{"line":48,"column":14},"end":{"line":48,"column":32}},"7":{"start":{"line":49,"column":19},"end":{"line":51,"column":6}},"8":{"start":{"line":52,"column":4},"end":{"line":52,"column":38}},"9":{"start":{"line":52,"column":31},"end":{"line":52,"column":38}},"10":{"start":{"line":53,"column":17},"end":{"line":53,"column":47}},"11":{"start":{"line":54,"column":4},"end":{"line":54,"column":52}},"12":{"start":{"line":54,"column":36},"end":{"line":54,"column":50}},"13":{"start":{"line":55,"column":4},"end":{"line":57,"column":89}},"14":{"start":{"line":60,"column":18},"end":{"line":71,"column":3}},"15":{"start":{"line":61,"column":4},"end":{"line":61,"column":25}},"16":{"start":{"line":62,"column":4},"end":{"line":70,"column":63}},"17":{"start":{"line":64,"column":8},"end":{"line":68,"column":9}},"18":{"start":{"line":65,"column":10},"end":{"line":65,"column":38}},"19":{"start":{"line":67,"column":10},"end":{"line":67,"column":65}},"20":{"start":{"line":70,"column":22},"end":{"line":70,"column":61}},"21":{"start":{"line":74,"column":20},"end":{"line":79,"column":3}},"22":{"start":{"line":75,"column":4},"end":{"line":77,"column":5}},"23":{"start":{"line":76,"column":6},"end":{"line":76,"column":29}},"24":{"start":{"line":78,"column":4},"end":{"line":78,"column":15}},"25":{"start":{"line":81,"column":2},"end":{"line":83,"column":18}},"26":{"start":{"line":82,"column":4},"end":{"line":82,"column":37}},"27":{"start":{"line":85,"column":2},"end":{"line":196,"column":4}},"28":{"start":{"line":171,"column":45},"end":{"line":171,"column":61}},"29":{"start":{"line":199,"column":15},"end":{"line":245,"column":2}}},"fnMap":{"0":{"name":"AdminTherapistCard","decl":{"start":{"line":20,"column":24},"end":{"line":20,"column":42}},"loc":{"start":{"line":33,"column":3},"end":{"line":197,"column":1}},"line":33},"1":{"name":"(anonymous_1)","decl":{"start":{"line":36,"column":27},"end":{"line":36,"column":28}},"loc":{"start":{"line":36,"column":33},"end":{"line":44,"column":3}},"line":36},"2":{"name":"(anonymous_2)","decl":{"start":{"line":47,"column":23},"end":{"line":47,"column":24}},"loc":{"start":{"line":47,"column":35},"end":{"line":58,"column":3}},"line":47},"3":{"name":"(anonymous_3)","decl":{"start":{"line":54,"column":17},"end":{"line":54,"column":18}},"loc":{"start":{"line":54,"column":36},"end":{"line":54,"column":50}},"line":54},"4":{"name":"(anonymous_4)","decl":{"start":{"line":60,"column":18},"end":{"line":60,"column":19}},"loc":{"start":{"line":60,"column":27},"end":{"line":71,"column":3}},"line":60},"5":{"name":"(anonymous_5)","decl":{"start":{"line":63,"column":12},"end":{"line":63,"column":13}},"loc":{"start":{"line":63,"column":27},"end":{"line":69,"column":7}},"line":63},"6":{"name":"(anonymous_6)","decl":{"start":{"line":70,"column":13},"end":{"line":70,"column":14}},"loc":{"start":{"line":70,"column":22},"end":{"line":70,"column":61}},"line":70},"7":{"name":"(anonymous_7)","decl":{"start":{"line":74,"column":20},"end":{"line":74,"column":21}},"loc":{"start":{"line":74,"column":29},"end":{"line":79,"column":3}},"line":74},"8":{"name":"(anonymous_8)","decl":{"start":{"line":81,"column":12},"end":{"line":81,"column":13}},"loc":{"start":{"line":81,"column":18},"end":{"line":83,"column":3}},"line":81},"9":{"name":"(anonymous_9)","decl":{"start":{"line":171,"column":39},"end":{"line":171,"column":40}},"loc":{"start":{"line":171,"column":45},"end":{"line":171,"column":61}},"line":171}},"branchMap":{"0":{"loc":{"start":{"line":37,"column":11},"end":{"line":43,"column":5}},"type":"cond-expr","locations":[{"start":{"line":38,"column":6},"end":{"line":38,"column":19}},{"start":{"line":40,"column":6},"end":{"line":42,"column":13}}],"line":37},"1":{"loc":{"start":{"line":52,"column":4},"end":{"line":52,"column":38}},"type":"if","locations":[{"start":{"line":52,"column":4},"end":{"line":52,"column":38}},{"start":{},"end":{}}],"line":52},"2":{"loc":{"start":{"line":55,"column":4},"end":{"line":57,"column":88}},"type":"cond-expr","locations":[{"start":{"line":56,"column":8},"end":{"line":56,"column":89}},{"start":{"line":57,"column":8},"end":{"line":57,"column":88}}],"line":55},"3":{"loc":{"start":{"line":64,"column":8},"end":{"line":68,"column":9}},"type":"if","locations":[{"start":{"line":64,"column":8},"end":{"line":68,"column":9}},{"start":{"line":66,"column":15},"end":{"line":68,"column":9}}],"line":64},"4":{"loc":{"start":{"line":75,"column":4},"end":{"line":77,"column":5}},"type":"if","locations":[{"start":{"line":75,"column":4},"end":{"line":77,"column":5}},{"start":{},"end":{}}],"line":75}},"s":{"0":0,"1":0,"2":0,"3":0,"4":0,"5":0,"6":0,"7":0,"8":0,"9":0,"10":0,"11":0,"12":0,"13":0,"14":0,"15":0,"16":0,"17":0,"18":0,"19":0,"20":0,"21":0,"22":0,"23":0,"24":0,"25":0,"26":0,"27":0,"28":0,"29":0},"f":{"0":0,"1":0,"2":0,"3":0,"4":0,"5":0,"6":0,"7":0,"8":0,"9":0},"b":{"0":[0,0],"1":[0,0],"2":[0,0],"3":[0,0],"4":[0,0]}}
,"/Users/kevinliu/Apps/SportStretch/sportstretch-ui-master/app/components/admin/ApproveButton.js": {"path":"/Users/kevinliu/Apps/SportStretch/sportstretch-ui-master/app/components/admin/ApproveButton.js","statementMap":{"0":{"start":{"line":7,"column":2},"end":{"line":13,"column":4}},"1":{"start":{"line":16,"column":15},"end":{"line":33,"column":2}}},"fnMap":{"0":{"name":"ApproveButton","decl":{"start":{"line":6,"column":9},"end":{"line":6,"column":22}},"loc":{"start":{"line":6,"column":43},"end":{"line":14,"column":1}},"line":6}},"branchMap":{},"s":{"0":0,"1":0},"f":{"0":0},"b":{}}
,"/Users/kevinliu/Apps/SportStretch/sportstretch-ui-master/app/components/admin/DenyButton.js": {"path":"/Users/kevinliu/Apps/SportStretch/sportstretch-ui-master/app/components/admin/DenyButton.js","statementMap":{"0":{"start":{"line":7,"column":2},"end":{"line":13,"column":4}},"1":{"start":{"line":16,"column":15},"end":{"line":34,"column":2}}},"fnMap":{"0":{"name":"DenyButton","decl":{"start":{"line":6,"column":9},"end":{"line":6,"column":19}},"loc":{"start":{"line":6,"column":40},"end":{"line":14,"column":1}},"line":6}},"branchMap":{},"s":{"0":0,"1":0},"f":{"0":0},"b":{}}
,"/Users/kevinliu/Apps/SportStretch/sportstretch-ui-master/app/components/athlete/AthleteAppointmentDetails.js": {"path":"/Users/kevinliu/Apps/SportStretch/sportstretch-ui-master/app/components/athlete/AthleteAppointmentDetails.js","statementMap":{"0":{"start":{"line":6,"column":28},"end":{"line":6,"column":51}},"1":{"start":{"line":10,"column":19},"end":{"line":10,"column":35}},"2":{"start":{"line":11,"column":16},"end":{"line":11,"column":36}},"3":{"start":{"line":12,"column":18},"end":{"line":12,"column":53}},"4":{"start":{"line":13,"column":25},"end":{"line":13,"column":48}},"5":{"start":{"line":15,"column":2},"end":{"line":43,"column":4}},"6":{"start":{"line":46,"column":15},"end":{"line":65,"column":2}}},"fnMap":{"0":{"name":"AthleteAppointmentDetails","decl":{"start":{"line":5,"column":9},"end":{"line":5,"column":34}},"loc":{"start":{"line":5,"column":46},"end":{"line":44,"column":1}},"line":5}},"branchMap":{},"s":{"0":0,"1":0,"2":0,"3":0,"4":0,"5":0,"6":0},"f":{"0":0},"b":{}}
,"/Users/kevinliu/Apps/SportStretch/sportstretch-ui-master/app/components/athlete/AthleteBookNowCard.js": {"path":"/Users/kevinliu/Apps/SportStretch/sportstretch-ui-master/app/components/athlete/AthleteBookNowCard.js","statementMap":{"0":{"start":{"line":11,"column":2},"end":{"line":11,"column":30}},"1":{"start":{"line":11,"column":18},"end":{"line":11,"column":30}},"2":{"start":{"line":12,"column":2},"end":{"line":12,"column":42}},"3":{"start":{"line":12,"column":30},"end":{"line":12,"column":42}},"4":{"start":{"line":14,"column":42},"end":{"line":14,"column":57}},"5":{"start":{"line":15,"column":28},"end":{"line":15,"column":51}},"6":{"start":{"line":17,"column":2},"end":{"line":129,"column":4}},"7":{"start":{"line":120,"column":18},"end":{"line":120,"column":40}},"8":{"start":{"line":132,"column":15},"end":{"line":224,"column":2}}},"fnMap":{"0":{"name":"AthleteBookNowCard","decl":{"start":{"line":10,"column":9},"end":{"line":10,"column":27}},"loc":{"start":{"line":10,"column":78},"end":{"line":130,"column":1}},"line":10},"1":{"name":"(anonymous_1)","decl":{"start":{"line":119,"column":25},"end":{"line":119,"column":26}},"loc":{"start":{"line":119,"column":31},"end":{"line":121,"column":17}},"line":119}},"branchMap":{"0":{"loc":{"start":{"line":11,"column":2},"end":{"line":11,"column":30}},"type":"if","locations":[{"start":{"line":11,"column":2},"end":{"line":11,"column":30}},{"start":{},"end":{}}],"line":11},"1":{"loc":{"start":{"line":12,"column":2},"end":{"line":12,"column":42}},"type":"if","locations":[{"start":{"line":12,"column":2},"end":{"line":12,"column":42}},{"start":{},"end":{}}],"line":12},"2":{"loc":{"start":{"line":42,"column":12},"end":{"line":46,"column":32}},"type":"cond-expr","locations":[{"start":{"line":45,"column":16},"end":{"line":45,"column":40}},{"start":{"line":46,"column":16},"end":{"line":46,"column":32}}],"line":42},"3":{"loc":{"start":{"line":42,"column":12},"end":{"line":44,"column":69}},"type":"binary-expr","locations":[{"start":{"line":42,"column":12},"end":{"line":42,"column":21}},{"start":{"line":43,"column":12},"end":{"line":43,"column":29}},{"start":{"line":44,"column":12},"end":{"line":44,"column":69}}],"line":42},"4":{"loc":{"start":{"line":51,"column":15},"end":{"line":63,"column":15}},"type":"cond-expr","locations":[{"start":{"line":52,"column":16},"end":{"line":55,"column":18}},{"start":{"line":57,"column":16},"end":{"line":62,"column":18}}],"line":51},"5":{"loc":{"start":{"line":67,"column":17},"end":{"line":67,"column":54}},"type":"cond-expr","locations":[{"start":{"line":67,"column":29},"end":{"line":67,"column":49}},{"start":{"line":67,"column":52},"end":{"line":67,"column":54}}],"line":67},"6":{"loc":{"start":{"line":76,"column":17},"end":{"line":76,"column":54}},"type":"cond-expr","locations":[{"start":{"line":76,"column":29},"end":{"line":76,"column":49}},{"start":{"line":76,"column":52},"end":{"line":76,"column":54}}],"line":76},"7":{"loc":{"start":{"line":79,"column":17},"end":{"line":79,"column":48}},"type":"cond-expr","locations":[{"start":{"line":79,"column":29},"end":{"line":79,"column":43}},{"start":{"line":79,"column":46},"end":{"line":79,"column":48}}],"line":79},"8":{"loc":{"start":{"line":80,"column":17},"end":{"line":80,"column":49}},"type":"cond-expr","locations":[{"start":{"line":80,"column":29},"end":{"line":80,"column":44}},{"start":{"line":80,"column":47},"end":{"line":80,"column":49}}],"line":80},"9":{"loc":{"start":{"line":85,"column":18},"end":{"line":85,"column":79}},"type":"cond-expr","locations":[{"start":{"line":85,"column":30},"end":{"line":85,"column":75}},{"start":{"line":85,"column":78},"end":{"line":85,"column":79}}],"line":85},"10":{"loc":{"start":{"line":92,"column":33},"end":{"line":92,"column":73}},"type":"cond-expr","locations":[{"start":{"line":92,"column":45},"end":{"line":92,"column":69}},{"start":{"line":92,"column":72},"end":{"line":92,"column":73}}],"line":92},"11":{"loc":{"start":{"line":97,"column":19},"end":{"line":99,"column":29}},"type":"cond-expr","locations":[{"start":{"line":98,"column":22},"end":{"line":98,"column":72}},{"start":{"line":99,"column":22},"end":{"line":99,"column":29}}],"line":97}},"s":{"0":0,"1":0,"2":0,"3":0,"4":0,"5":0,"6":0,"7":0,"8":0},"f":{"0":0,"1":0},"b":{"0":[0,0],"1":[0,0],"2":[0,0],"3":[0,0,0],"4":[0,0],"5":[0,0],"6":[0,0],"7":[0,0],"8":[0,0],"9":[0,0],"10":[0,0],"11":[0,0]}}
,"/Users/kevinliu/Apps/SportStretch/sportstretch-ui-master/app/components/athlete/AthleteMapView.js": {"path":"/Users/kevinliu/Apps/SportStretch/sportstretch-ui-master/app/components/athlete/AthleteMapView.js","statementMap":{"0":{"start":{"line":17,"column":22},"end":{"line":22,"column":1}},"1":{"start":{"line":32,"column":30},"end":{"line":32,"column":53}},"2":{"start":{"line":34,"column":2},"end":{"line":47,"column":35}},"3":{"start":{"line":35,"column":4},"end":{"line":46,"column":5}},"4":{"start":{"line":36,"column":6},"end":{"line":36,"column":52}},"5":{"start":{"line":38,"column":6},"end":{"line":45,"column":7}},"6":{"start":{"line":39,"column":8},"end":{"line":44,"column":11}},"7":{"start":{"line":49,"column":37},"end":{"line":63,"column":3}},"8":{"start":{"line":50,"column":4},"end":{"line":50,"column":40}},"9":{"start":{"line":51,"column":26},"end":{"line":53,"column":5}},"10":{"start":{"line":54,"column":30},"end":{"line":54,"column":48}},"11":{"start":{"line":56,"column":4},"end":{"line":61,"column":7}},"12":{"start":{"line":62,"column":4},"end":{"line":62,"column":11}},"13":{"start":{"line":65,"column":28},"end":{"line":74,"column":3}},"14":{"start":{"line":66,"column":4},"end":{"line":66,"column":37}},"15":{"start":{"line":67,"column":4},"end":{"line":72,"column":7}},"16":{"start":{"line":73,"column":4},"end":{"line":73,"column":31}},"17":{"start":{"line":76,"column":2},"end":{"line":140,"column":4}},"18":{"start":{"line":94,"column":44},"end":{"line":94,"column":61}},"19":{"start":{"line":98,"column":12},"end":{"line":121,"column":21}},"20":{"start":{"line":142,"column":15},"end":{"line":180,"column":2}}},"fnMap":{"0":{"name":"AthleteMapView","decl":{"start":{"line":24,"column":9},"end":{"line":24,"column":23}},"loc":{"start":{"line":31,"column":3},"end":{"line":141,"column":1}},"line":31},"1":{"name":"(anonymous_1)","decl":{"start":{"line":34,"column":12},"end":{"line":34,"column":13}},"loc":{"start":{"line":34,"column":18},"end":{"line":47,"column":3}},"line":34},"2":{"name":"(anonymous_2)","decl":{"start":{"line":49,"column":37},"end":{"line":49,"column":38}},"loc":{"start":{"line":49,"column":58},"end":{"line":63,"column":3}},"line":49},"3":{"name":"(anonymous_3)","decl":{"start":{"line":65,"column":28},"end":{"line":65,"column":29}},"loc":{"start":{"line":65,"column":34},"end":{"line":74,"column":3}},"line":65},"4":{"name":"(anonymous_4)","decl":{"start":{"line":94,"column":32},"end":{"line":94,"column":33}},"loc":{"start":{"line":94,"column":44},"end":{"line":94,"column":61}},"line":94},"5":{"name":"(anonymous_5)","decl":{"start":{"line":97,"column":22},"end":{"line":97,"column":23}},"loc":{"start":{"line":98,"column":12},"end":{"line":121,"column":21}},"line":98}},"branchMap":{"0":{"loc":{"start":{"line":35,"column":4},"end":{"line":46,"column":5}},"type":"if","locations":[{"start":{"line":35,"column":4},"end":{"line":46,"column":5}},{"start":{"line":37,"column":11},"end":{"line":46,"column":5}}],"line":35},"1":{"loc":{"start":{"line":38,"column":6},"end":{"line":45,"column":7}},"type":"if","locations":[{"start":{"line":38,"column":6},"end":{"line":45,"column":7}},{"start":{},"end":{}}],"line":38},"2":{"loc":{"start":{"line":96,"column":9},"end":{"line":122,"column":12}},"type":"binary-expr","locations":[{"start":{"line":96,"column":9},"end":{"line":96,"column":16}},{"start":{"line":97,"column":10},"end":{"line":122,"column":12}}],"line":96},"3":{"loc":{"start":{"line":107,"column":15},"end":{"line":120,"column":15}},"type":"cond-expr","locations":[{"start":{"line":109,"column":16},"end":{"line":113,"column":18}},{"start":{"line":115,"column":16},"end":{"line":119,"column":18}}],"line":107},"4":{"loc":{"start":{"line":107,"column":15},"end":{"line":108,"column":66}},"type":"binary-expr","locations":[{"start":{"line":107,"column":15},"end":{"line":107,"column":32}},{"start":{"line":108,"column":14},"end":{"line":108,"column":66}}],"line":107},"5":{"loc":{"start":{"line":124,"column":7},"end":{"line":138,"column":7}},"type":"binary-expr","locations":[{"start":{"line":124,"column":7},"end":{"line":124,"column":28}},{"start":{"line":124,"column":32},"end":{"line":124,"column":46}},{"start":{"line":125,"column":8},"end":{"line":137,"column":27}}],"line":124}},"s":{"0":0,"1":0,"2":0,"3":0,"4":0,"5":0,"6":0,"7":0,"8":0,"9":0,"10":0,"11":0,"12":0,"13":0,"14":0,"15":0,"16":0,"17":0,"18":0,"19":0,"20":0},"f":{"0":0,"1":0,"2":0,"3":0,"4":0,"5":0},"b":{"0":[0,0],"1":[0,0],"2":[0,0],"3":[0,0],"4":[0,0],"5":[0,0,0]}}
,"/Users/kevinliu/Apps/SportStretch/sportstretch-ui-master/app/components/athlete/AthletePastCard.js": {"path":"/Users/kevinliu/Apps/SportStretch/sportstretch-ui-master/app/components/athlete/AthletePastCard.js","statementMap":{"0":{"start":{"line":16,"column":23},"end":{"line":26,"column":3}},"1":{"start":{"line":17,"column":4},"end":{"line":17,"column":41}},"2":{"start":{"line":18,"column":4},"end":{"line":25,"column":9}},"3":{"start":{"line":19,"column":6},"end":{"line":19,"column":71}},"4":{"start":{"line":21,"column":6},"end":{"line":25,"column":9}},"5":{"start":{"line":28,"column":2},"end":{"line":59,"column":4}},"6":{"start":{"line":62,"column":15},"end":{"line":116,"column":2}}},"fnMap":{"0":{"name":"AthletePastCard","decl":{"start":{"line":8,"column":9},"end":{"line":8,"column":24}},"loc":{"start":{"line":15,"column":3},"end":{"line":60,"column":1}},"line":15},"1":{"name":"(anonymous_1)","decl":{"start":{"line":16,"column":23},"end":{"line":16,"column":24}},"loc":{"start":{"line":16,"column":41},"end":{"line":26,"column":3}},"line":16}},"branchMap":{"0":{"loc":{"start":{"line":18,"column":4},"end":{"line":25,"column":9}},"type":"if","locations":[{"start":{"line":18,"column":4},"end":{"line":25,"column":9}},{"start":{"line":21,"column":6},"end":{"line":25,"column":9}}],"line":18}},"s":{"0":0,"1":0,"2":0,"3":0,"4":0,"5":0,"6":0},"f":{"0":0,"1":0},"b":{"0":[0,0]}}
,"/Users/kevinliu/Apps/SportStretch/sportstretch-ui-master/app/components/athlete/AthleteUpcomingCard.js": {"path":"/Users/kevinliu/Apps/SportStretch/sportstretch-ui-master/app/components/athlete/AthleteUpcomingCard.js","statementMap":{"0":{"start":{"line":14,"column":2},"end":{"line":54,"column":4}},"1":{"start":{"line":57,"column":15},"end":{"line":126,"column":2}}},"fnMap":{"0":{"name":"AthleteUpcomingCard","decl":{"start":{"line":6,"column":9},"end":{"line":6,"column":28}},"loc":{"start":{"line":13,"column":3},"end":{"line":55,"column":1}},"line":13}},"branchMap":{"0":{"loc":{"start":{"line":41,"column":16},"end":{"line":45,"column":39}},"type":"cond-expr","locations":[{"start":{"line":42,"column":20},"end":{"line":42,"column":39}},{"start":{"line":43,"column":20},"end":{"line":45,"column":39}}],"line":41},"1":{"loc":{"start":{"line":43,"column":20},"end":{"line":45,"column":39}},"type":"cond-expr","locations":[{"start":{"line":44,"column":20},"end":{"line":44,"column":38}},{"start":{"line":45,"column":20},"end":{"line":45,"column":39}}],"line":43}},"s":{"0":0,"1":0},"f":{"0":0},"b":{"0":[0,0],"1":[0,0]}}
,"/Users/kevinliu/Apps/SportStretch/sportstretch-ui-master/app/components/athlete/BookButton.js": {"path":"/Users/kevinliu/Apps/SportStretch/sportstretch-ui-master/app/components/athlete/BookButton.js","statementMap":{"0":{"start":{"line":7,"column":2},"end":{"line":13,"column":4}},"1":{"start":{"line":16,"column":15},"end":{"line":31,"column":2}}},"fnMap":{"0":{"name":"BookButton","decl":{"start":{"line":6,"column":9},"end":{"line":6,"column":19}},"loc":{"start":{"line":6,"column":40},"end":{"line":14,"column":1}},"line":6}},"branchMap":{},"s":{"0":0,"1":0},"f":{"0":0},"b":{}}
,"/Users/kevinliu/Apps/SportStretch/sportstretch-ui-master/app/components/athlete/BookModal.js": {"path":"/Users/kevinliu/Apps/SportStretch/sportstretch-ui-master/app/components/athlete/BookModal.js","statementMap":{"0":{"start":{"line":50,"column":33},"end":{"line":50,"column":57}},"1":{"start":{"line":72,"column":2},"end":{"line":72,"column":28}},"2":{"start":{"line":72,"column":16},"end":{"line":72,"column":28}},"3":{"start":{"line":76,"column":17},"end":{"line":76,"column":34}},"4":{"start":{"line":78,"column":16},"end":{"line":78,"column":26}},"5":{"start":{"line":79,"column":25},"end":{"line":81,"column":4}},"6":{"start":{"line":80,"column":4},"end":{"line":80,"column":40}},"7":{"start":{"line":83,"column":54},"end":{"line":83,"column":66}},"8":{"start":{"line":84,"column":54},"end":{"line":84,"column":66}},"9":{"start":{"line":85,"column":48},"end":{"line":85,"column":60}},"10":{"start":{"line":87,"column":20},"end":{"line":87,"column":68}},"11":{"start":{"line":89,"column":28},"end":{"line":108,"column":3}},"12":{"start":{"line":90,"column":4},"end":{"line":107,"column":5}},"13":{"start":{"line":92,"column":6},"end":{"line":92,"column":53}},"14":{"start":{"line":94,"column":8},"end":{"line":96,"column":31}},"15":{"start":{"line":98,"column":8},"end":{"line":98,"column":67}},"16":{"start":{"line":99,"column":22},"end":{"line":99,"column":75}},"17":{"start":{"line":100,"column":23},"end":{"line":103,"column":7}},"18":{"start":{"line":104,"column":6},"end":{"line":104,"column":27}},"19":{"start":{"line":106,"column":6},"end":{"line":106,"column":61}},"20":{"start":{"line":110,"column":32},"end":{"line":119,"column":3}},"21":{"start":{"line":113,"column":23},"end":{"line":113,"column":38}},"22":{"start":{"line":114,"column":20},"end":{"line":114,"column":40}},"23":{"start":{"line":115,"column":19},"end":{"line":115,"column":58}},"24":{"start":{"line":116,"column":23},"end":{"line":116,"column":45}},"25":{"start":{"line":117,"column":27},"end":{"line":117,"column":78}},"26":{"start":{"line":118,"column":4},"end":{"line":118,"column":36}},"27":{"start":{"line":121,"column":33},"end":{"line":133,"column":3}},"28":{"start":{"line":124,"column":16},"end":{"line":124,"column":24}},"29":{"start":{"line":125,"column":14},"end":{"line":125,"column":22}},"30":{"start":{"line":126,"column":19},"end":{"line":126,"column":78}},"31":{"start":{"line":127,"column":17},"end":{"line":127,"column":72}},"32":{"start":{"line":128,"column":22},"end":{"line":128,"column":47}},"33":{"start":{"line":129,"column":20},"end":{"line":129,"column":43}},"34":{"start":{"line":130,"column":23},"end":{"line":130,"column":54}},"35":{"start":{"line":131,"column":21},"end":{"line":131,"column":50}},"36":{"start":{"line":132,"column":4},"end":{"line":132,"column":95}},"37":{"start":{"line":135,"column":2},"end":{"line":143,"column":4}},"38":{"start":{"line":137,"column":20},"end":{"line":141,"column":5}},"39":{"start":{"line":142,"column":4},"end":{"line":142,"column":57}},"40":{"start":{"line":145,"column":38},"end":{"line":164,"column":3}},"41":{"start":{"line":152,"column":16},"end":{"line":152,"column":26}},"42":{"start":{"line":154,"column":6},"end":{"line":156,"column":31}},"43":{"start":{"line":157,"column":4},"end":{"line":159,"column":5}},"44":{"start":{"line":158,"column":6},"end":{"line":158,"column":13}},"45":{"start":{"line":160,"column":4},"end":{"line":163,"column":5}},"46":{"start":{"line":161,"column":6},"end":{"line":161,"column":30}},"47":{"start":{"line":162,"column":6},"end":{"line":162,"column":23}},"48":{"start":{"line":166,"column":28},"end":{"line":224,"column":3}},"49":{"start":{"line":168,"column":19},"end":{"line":168,"column":48}},"50":{"start":{"line":170,"column":4},"end":{"line":174,"column":6}},"51":{"start":{"line":172,"column":8},"end":{"line":173,"column":46}},"52":{"start":{"line":176,"column":26},"end":{"line":176,"column":39}},"53":{"start":{"line":178,"column":19},"end":{"line":178,"column":21}},"54":{"start":{"line":180,"column":27},"end":{"line":180,"column":75}},"55":{"start":{"line":182,"column":4},"end":{"line":184,"column":7}},"56":{"start":{"line":183,"column":6},"end":{"line":183,"column":80}},"57":{"start":{"line":186,"column":4},"end":{"line":200,"column":7}},"58":{"start":{"line":187,"column":26},"end":{"line":187,"column":56}},"59":{"start":{"line":188,"column":26},"end":{"line":188,"column":48}},"60":{"start":{"line":189,"column":28},"end":{"line":189,"column":52}},"61":{"start":{"line":190,"column":26},"end":{"line":190,"column":58}},"62":{"start":{"line":191,"column":30},"end":{"line":191,"column":46}},"63":{"start":{"line":193,"column":23},"end":{"line":193,"column":42}},"64":{"start":{"line":194,"column":6},"end":{"line":199,"column":7}},"65":{"start":{"line":195,"column":8},"end":{"line":197,"column":9}},"66":{"start":{"line":196,"column":10},"end":{"line":196,"column":35}},"67":{"start":{"line":198,"column":8},"end":{"line":198,"column":26}},"68":{"start":{"line":202,"column":27},"end":{"line":204,"column":30}},"69":{"start":{"line":203,"column":24},"end":{"line":203,"column":44}},"70":{"start":{"line":204,"column":19},"end":{"line":204,"column":29}},"71":{"start":{"line":205,"column":4},"end":{"line":207,"column":7}},"72":{"start":{"line":206,"column":6},"end":{"line":206,"column":19}},"73":{"start":{"line":208,"column":35},"end":{"line":210,"column":5}},"74":{"start":{"line":209,"column":6},"end":{"line":209,"column":49}},"75":{"start":{"line":211,"column":13},"end":{"line":211,"column":14}},"76":{"start":{"line":212,"column":23},"end":{"line":212,"column":25}},"77":{"start":{"line":213,"column":34},"end":{"line":220,"column":6}},"78":{"start":{"line":216,"column":6},"end":{"line":216,"column":14}},"79":{"start":{"line":217,"column":6},"end":{"line":218,"column":48}},"80":{"start":{"line":219,"column":6},"end":{"line":219,"column":55}},"81":{"start":{"line":221,"column":4},"end":{"line":221,"column":49}},"82":{"start":{"line":222,"column":4},"end":{"line":222,"column":38}},"83":{"start":{"line":223,"column":4},"end":{"line":223,"column":11}},"84":{"start":{"line":226,"column":21},"end":{"line":226,"column":36}},"85":{"start":{"line":227,"column":46},"end":{"line":227,"column":58}},"86":{"start":{"line":228,"column":48},"end":{"line":228,"column":63}},"87":{"start":{"line":229,"column":40},"end":{"line":229,"column":55}},"88":{"start":{"line":230,"column":62},"end":{"line":232,"column":3}},"89":{"start":{"line":233,"column":56},"end":{"line":233,"column":67}},"90":{"start":{"line":235,"column":28},"end":{"line":235,"column":51}},"91":{"start":{"line":236,"column":34},"end":{"line":238,"column":3}},"92":{"start":{"line":239,"column":50},"end":{"line":239,"column":70}},"93":{"start":{"line":240,"column":42},"end":{"line":240,"column":62}},"94":{"start":{"line":241,"column":38},"end":{"line":241,"column":53}},"95":{"start":{"line":242,"column":40},"end":{"line":242,"column":51}},"96":{"start":{"line":243,"column":52},"end":{"line":243,"column":63}},"97":{"start":{"line":244,"column":62},"end":{"line":244,"column":77}},"98":{"start":{"line":245,"column":52},"end":{"line":245,"column":67}},"99":{"start":{"line":246,"column":54},"end":{"line":246,"column":69}},"100":{"start":{"line":248,"column":4},"end":{"line":248,"column":19}},"101":{"start":{"line":249,"column":22},"end":{"line":249,"column":30}},"102":{"start":{"line":250,"column":18},"end":{"line":250,"column":26}},"103":{"start":{"line":251,"column":25},"end":{"line":274,"column":6}},"104":{"start":{"line":252,"column":4},"end":{"line":274,"column":6}},"105":{"start":{"line":254,"column":18},"end":{"line":254,"column":48}},"106":{"start":{"line":260,"column":18},"end":{"line":260,"column":48}},"107":{"start":{"line":265,"column":18},"end":{"line":265,"column":48}},"108":{"start":{"line":270,"column":18},"end":{"line":270,"column":48}},"109":{"start":{"line":281,"column":2},"end":{"line":283,"column":46}},"110":{"start":{"line":282,"column":4},"end":{"line":282,"column":61}},"111":{"start":{"line":285,"column":25},"end":{"line":287,"column":3}},"112":{"start":{"line":286,"column":4},"end":{"line":286,"column":49}},"113":{"start":{"line":293,"column":27},"end":{"line":298,"column":3}},"114":{"start":{"line":294,"column":4},"end":{"line":294,"column":25}},"115":{"start":{"line":295,"column":4},"end":{"line":297,"column":5}},"116":{"start":{"line":296,"column":6},"end":{"line":296,"column":40}},"117":{"start":{"line":300,"column":28},"end":{"line":302,"column":3}},"118":{"start":{"line":301,"column":4},"end":{"line":301,"column":26}},"119":{"start":{"line":304,"column":29},"end":{"line":310,"column":3}},"120":{"start":{"line":305,"column":4},"end":{"line":305,"column":42}},"121":{"start":{"line":306,"column":4},"end":{"line":306,"column":23}},"122":{"start":{"line":306,"column":16},"end":{"line":306,"column":23}},"123":{"start":{"line":309,"column":4},"end":{"line":309,"column":23}},"124":{"start":{"line":312,"column":26},"end":{"line":319,"column":3}},"125":{"start":{"line":313,"column":4},"end":{"line":313,"column":32}},"126":{"start":{"line":314,"column":4},"end":{"line":318,"column":15}},"127":{"start":{"line":321,"column":27},"end":{"line":329,"column":3}},"128":{"start":{"line":322,"column":4},"end":{"line":328,"column":7}},"129":{"start":{"line":327,"column":6},"end":{"line":327,"column":35}},"130":{"start":{"line":331,"column":39},"end":{"line":338,"column":3}},"131":{"start":{"line":332,"column":4},"end":{"line":332,"column":45}},"132":{"start":{"line":333,"column":4},"end":{"line":337,"column":15}},"133":{"start":{"line":340,"column":40},"end":{"line":348,"column":3}},"134":{"start":{"line":341,"column":4},"end":{"line":347,"column":7}},"135":{"start":{"line":346,"column":6},"end":{"line":346,"column":48}},"136":{"start":{"line":350,"column":37},"end":{"line":359,"column":3}},"137":{"start":{"line":361,"column":19},"end":{"line":368,"column":3}},"138":{"start":{"line":370,"column":26},"end":{"line":378,"column":3}},"139":{"start":{"line":371,"column":4},"end":{"line":377,"column":5}},"140":{"start":{"line":372,"column":16},"end":{"line":372,"column":64}},"141":{"start":{"line":373,"column":6},"end":{"line":373,"column":52}},"142":{"start":{"line":374,"column":6},"end":{"line":374,"column":50}},"143":{"start":{"line":376,"column":6},"end":{"line":376,"column":58}},"144":{"start":{"line":380,"column":20},"end":{"line":405,"column":7}},"145":{"start":{"line":382,"column":14},"end":{"line":393,"column":9}},"146":{"start":{"line":397,"column":14},"end":{"line":403,"column":9}},"147":{"start":{"line":407,"column":26},"end":{"line":461,"column":3}},"148":{"start":{"line":408,"column":27},"end":{"line":410,"column":55}},"149":{"start":{"line":411,"column":4},"end":{"line":413,"column":5}},"150":{"start":{"line":412,"column":6},"end":{"line":412,"column":42}},"151":{"start":{"line":414,"column":22},"end":{"line":416,"column":5}},"152":{"start":{"line":415,"column":16},"end":{"line":415,"column":56}},"153":{"start":{"line":418,"column":4},"end":{"line":460,"column":5}},"154":{"start":{"line":419,"column":6},"end":{"line":429,"column":8}},"155":{"start":{"line":425,"column":27},"end":{"line":425,"column":52}},"156":{"start":{"line":430,"column":11},"end":{"line":460,"column":5}},"157":{"start":{"line":431,"column":6},"end":{"line":441,"column":8}},"158":{"start":{"line":437,"column":27},"end":{"line":437,"column":52}},"159":{"start":{"line":443,"column":6},"end":{"line":459,"column":7}},"160":{"start":{"line":444,"column":29},"end":{"line":444,"column":52}},"161":{"start":{"line":445,"column":26},"end":{"line":450,"column":10}},"162":{"start":{"line":452,"column":8},"end":{"line":456,"column":9}},"163":{"start":{"line":453,"column":10},"end":{"line":453,"column":66}},"164":{"start":{"line":455,"column":10},"end":{"line":455,"column":28}},"165":{"start":{"line":458,"column":8},"end":{"line":458,"column":64}},"166":{"start":{"line":463,"column":27},"end":{"line":491,"column":3}},"167":{"start":{"line":464,"column":4},"end":{"line":490,"column":5}},"168":{"start":{"line":465,"column":6},"end":{"line":475,"column":8}},"169":{"start":{"line":471,"column":27},"end":{"line":471,"column":52}},"170":{"start":{"line":477,"column":6},"end":{"line":489,"column":7}},"171":{"start":{"line":478,"column":26},"end":{"line":478,"column":53}},"172":{"start":{"line":480,"column":8},"end":{"line":486,"column":9}},"173":{"start":{"line":481,"column":10},"end":{"line":481,"column":61}},"174":{"start":{"line":484,"column":10},"end":{"line":484,"column":44}},"175":{"start":{"line":485,"column":10},"end":{"line":485,"column":26}},"176":{"start":{"line":488,"column":8},"end":{"line":488,"column":59}},"177":{"start":{"line":493,"column":31},"end":{"line":500,"column":3}},"178":{"start":{"line":494,"column":4},"end":{"line":494,"column":23}},"179":{"start":{"line":494,"column":16},"end":{"line":494,"column":23}},"180":{"start":{"line":495,"column":4},"end":{"line":495,"column":42}},"181":{"start":{"line":496,"column":27},"end":{"line":496,"column":50}},"182":{"start":{"line":497,"column":4},"end":{"line":497,"column":39}},"183":{"start":{"line":498,"column":4},"end":{"line":498,"column":32}},"184":{"start":{"line":499,"column":4},"end":{"line":499,"column":36}},"185":{"start":{"line":506,"column":24},"end":{"line":547,"column":3}},"186":{"start":{"line":507,"column":4},"end":{"line":546,"column":5}},"187":{"start":{"line":509,"column":6},"end":{"line":509,"column":31}},"188":{"start":{"line":512,"column":29},"end":{"line":512,"column":69}},"189":{"start":{"line":513,"column":26},"end":{"line":513,"column":50}},"190":{"start":{"line":515,"column":28},"end":{"line":515,"column":42}},"191":{"start":{"line":517,"column":6},"end":{"line":519,"column":7}},"192":{"start":{"line":518,"column":8},"end":{"line":518,"column":104}},"193":{"start":{"line":521,"column":6},"end":{"line":533,"column":8}},"194":{"start":{"line":535,"column":6},"end":{"line":535,"column":32}},"195":{"start":{"line":536,"column":6},"end":{"line":536,"column":27}},"196":{"start":{"line":538,"column":6},"end":{"line":542,"column":15}},"197":{"start":{"line":539,"column":8},"end":{"line":539,"column":30}},"198":{"start":{"line":540,"column":8},"end":{"line":540,"column":29}},"199":{"start":{"line":541,"column":8},"end":{"line":541,"column":53}},"200":{"start":{"line":543,"column":6},"end":{"line":543,"column":77}},"201":{"start":{"line":545,"column":6},"end":{"line":545,"column":53}},"202":{"start":{"line":549,"column":46},"end":{"line":561,"column":3}},"203":{"start":{"line":551,"column":20},"end":{"line":559,"column":5}},"204":{"start":{"line":560,"column":4},"end":{"line":560,"column":53}},"205":{"start":{"line":563,"column":31},"end":{"line":769,"column":3}},"206":{"start":{"line":564,"column":4},"end":{"line":768,"column":11}},"207":{"start":{"line":624,"column":20},"end":{"line":628,"column":22}},"208":{"start":{"line":642,"column":20},"end":{"line":646,"column":22}},"209":{"start":{"line":660,"column":20},"end":{"line":664,"column":22}},"210":{"start":{"line":678,"column":20},"end":{"line":682,"column":22}},"211":{"start":{"line":696,"column":20},"end":{"line":700,"column":22}},"212":{"start":{"line":714,"column":20},"end":{"line":718,"column":22}},"213":{"start":{"line":732,"column":20},"end":{"line":736,"column":22}},"214":{"start":{"line":750,"column":12},"end":{"line":750,"column":33}},"215":{"start":{"line":759,"column":12},"end":{"line":759,"column":30}},"216":{"start":{"line":760,"column":12},"end":{"line":760,"column":69}},"217":{"start":{"line":771,"column":33},"end":{"line":1093,"column":3}},"218":{"start":{"line":772,"column":4},"end":{"line":1092,"column":11}},"219":{"start":{"line":806,"column":35},"end":{"line":806,"column":54}},"220":{"start":{"line":834,"column":20},"end":{"line":860,"column":22}},"221":{"start":{"line":844,"column":26},"end":{"line":844,"column":65}},"222":{"start":{"line":895,"column":24},"end":{"line":903,"column":43}},"223":{"start":{"line":898,"column":28},"end":{"line":898,"column":60}},"224":{"start":{"line":1013,"column":30},"end":{"line":1023,"column":49}},"225":{"start":{"line":1016,"column":34},"end
[...]
,"53":{"loc":{"start":{"line":904,"column":17},"end":{"line":904,"column":66}},"type":"cond-expr","locations":[{"start":{"line":904,"column":38},"end":{"line":904,"column":56}},{"start":{"line":904,"column":59},"end":{"line":904,"column":66}}],"line":904},"54":{"loc":{"start":{"line":937,"column":11},"end":{"line":939,"column":11}},"type":"binary-expr","locations":[{"start":{"line":937,"column":11},"end":{"line":937,"column":30}},{"start":{"line":937,"column":34},"end":{"line":937,"column":52}},{"start":{"line":938,"column":12},"end":{"line":938,"column":79}}],"line":937},"55":{"loc":{"start":{"line":963,"column":9},"end":{"line":963,"column":54}},"type":"binary-expr","locations":[{"start":{"line":963,"column":9},"end":{"line":963,"column":30}},{"start":{"line":963,"column":34},"end":{"line":963,"column":54}}],"line":963},"56":{"loc":{"start":{"line":990,"column":7},"end":{"line":992,"column":7}},"type":"binary-expr","locations":[{"start":{"line":990,"column":7},"end":{"line":990,"column":31}},{"start":{"line":990,"column":35},"end":{"line":990,"column":58}},{"start":{"line":991,"column":8},"end":{"line":991,"column":71}}],"line":990},"57":{"loc":{"start":{"line":1032,"column":9},"end":{"line":1032,"column":56}},"type":"binary-expr","locations":[{"start":{"line":1032,"column":9},"end":{"line":1032,"column":31}},{"start":{"line":1032,"column":35},"end":{"line":1032,"column":56}}],"line":1032},"58":{"loc":{"start":{"line":1059,"column":9},"end":{"line":1059,"column":70}},"type":"binary-expr","locations":[{"start":{"line":1059,"column":9},"end":{"line":1059,"column":38}},{"start":{"line":1059,"column":42},"end":{"line":1059,"column":70}}],"line":1059},"59":{"loc":{"start":{"line":1129,"column":11},"end":{"line":1131,"column":11}},"type":"binary-expr","locations":[{"start":{"line":1129,"column":11},"end":{"line":1129,"column":39}},{"start":{"line":1130,"column":12},"end":{"line":1130,"column":74}}],"line":1129},"60":{"loc":{"start":{"line":1132,"column":11},"end":{"line":1134,"column":11}},"type":"binary-expr","locations":[{"start":{"line":1132,"column":11},"end":{"line":1132,"column":48}},{"start":{"line":1133,"column":12},"end":{"line":1133,"column":70}}],"line":1132},"61":{"loc":{"start":{"line":1135,"column":11},"end":{"line":1137,"column":11}},"type":"binary-expr","locations":[{"start":{"line":1135,"column":11},"end":{"line":1135,"column":50}},{"start":{"line":1136,"column":12},"end":{"line":1136,"column":70}}],"line":1135},"62":{"loc":{"start":{"line":1138,"column":11},"end":{"line":1140,"column":11}},"type":"binary-expr","locations":[{"start":{"line":1138,"column":11},"end":{"line":1138,"column":40}},{"start":{"line":1139,"column":12},"end":{"line":1139,"column":79}}],"line":1138},"63":{"loc":{"start":{"line":1141,"column":11},"end":{"line":1143,"column":11}},"type":"binary-expr","locations":[{"start":{"line":1141,"column":11},"end":{"line":1141,"column":46}},{"start":{"line":1142,"column":12},"end":{"line":1142,"column":73}}],"line":1141},"64":{"loc":{"start":{"line":1144,"column":11},"end":{"line":1148,"column":11}},"type":"binary-expr","locations":[{"start":{"line":1144,"column":11},"end":{"line":1144,"column":39}},{"start":{"line":1145,"column":12},"end":{"line":1147,"column":19}}],"line":1144},"65":{"loc":{"start":{"line":1149,"column":11},"end":{"line":1151,"column":11}},"type":"binary-expr","locations":[{"start":{"line":1149,"column":11},"end":{"line":1149,"column":40}},{"start":{"line":1150,"column":12},"end":{"line":1150,"column":69}}],"line":1149},"66":{"loc":{"start":{"line":1201,"column":17},"end":{"line":1201,"column":75}},"type":"binary-expr","locations":[{"start":{"line":1201,"column":17},"end":{"line":1201,"column":45}},{"start":{"line":1201,"column":49},"end":{"line":1201,"column":75}}],"line":1201},"67":{"loc":{"start":{"line":1202,"column":17},"end":{"line":1202,"column":67}},"type":"binary-expr","locations":[{"start":{"line":1202,"column":17},"end":{"line":1202,"column":41}},{"start":{"line":1202,"column":45},"end":{"line":1202,"column":67}}],"line":1202},"68":{"loc":{"start":{"line":1203,"column":17},"end":{"line":1205,"column":17}},"type":"binary-expr","locations":[{"start":{"line":1203,"column":17},"end":{"line":1203,"column":54}},{"start":{"line":1204,"column":18},"end":{"line":1204,"column":49}}],"line":1203},"69":{"loc":{"start":{"line":1206,"column":17},"end":{"line":1208,"column":17}},"type":"binary-expr","locations":[{"start":{"line":1206,"column":17},"end":{"line":1206,"column":56}},{"start":{"line":1207,"column":18},"end":{"line":1207,"column":49}}],"line":1206},"70":{"loc":{"start":{"line":1209,"column":17},"end":{"line":1209,"column":77}},"type":"binary-expr","locations":[{"start":{"line":1209,"column":17},"end":{"line":1209,"column":46}},{"start":{"line":1209,"column":50},"end":{"line":1209,"column":77}}],"line":1209},"71":{"loc":{"start":{"line":1210,"column":17},"end":{"line":1221,"column":17}},"type":"binary-expr","locations":[{"start":{"line":1210,"column":17},"end":{"line":1210,"column":52}},{"start":{"line":1211,"column":18},"end":{"line":1220,"column":21}}],"line":1210},"72":{"loc":{"start":{"line":1217,"column":23},"end":{"line":1218,"column":75}},"type":"binary-expr","locations":[{"start":{"line":1217,"column":23},"end":{"line":1217,"column":44}},{"start":{"line":1218,"column":24},"end":{"line":1218,"column":75}}],"line":1217},"73":{"loc":{"start":{"line":1222,"column":17},"end":{"line":1222,"column":75}},"type":"binary-expr","locations":[{"start":{"line":1222,"column":17},"end":{"line":1222,"column":45}},{"start":{"line":1222,"column":49},"end":{"line":1222,"column":75}}],"line":1222},"74":{"loc":{"start":{"line":1223,"column":17},"end":{"line":1223,"column":77}},"type":"binary-expr","locations":[{"start":{"line":1223,"column":17},"end":{"line":1223,"column":46}},{"start":{"line":1223,"column":50},"end":{"line":1223,"column":77}}],"line":1223},"75":{"loc":{"start":{"line":1225,"column":19},"end":{"line":1229,"column":19}},"type":"binary-expr","locations":[{"start":{"line":1225,"column":19},"end":{"line":1225,"column":40}},{"start":{"line":1226,"column":20},"end":{"line":1228,"column":27}}],"line":1225},"76":{"loc":{"start":{"line":1230,"column":19},"end":{"line":1234,"column":19}},"type":"binary-expr","locations":[{"start":{"line":1230,"column":19},"end":{"line":1230,"column":39}},{"start":{"line":1231,"column":20},"end":{"line":1233,"column":27}}],"line":1230},"77":{"loc":{"start":{"line":1235,"column":19},"end":{"line":1239,"column":19}},"type":"binary-expr","locations":[{"start":{"line":1235,"column":19},"end":{"line":1235,"column":39}},{"start":{"line":1236,"column":20},"end":{"line":1238,"column":27}}],"line":1235},"78":{"loc":{"start":{"line":1240,"column":19},"end":{"line":1248,"column":19}},"type":"binary-expr","locations":[{"start":{"line":1240,"column":19},"end":{"line":1240,"column":45}},{"start":{"line":1241,"column":20},"end":{"line":1247,"column":39}}],"line":1240},"79":{"loc":{"start":{"line":1249,"column":19},"end":{"line":1261,"column":21}},"type":"binary-expr","locations":[{"start":{"line":1249,"column":20},"end":{"line":1249,"column":43}},{"start":{"line":1250,"column":20},"end":{"line":1250,"column":57}},{"start":{"line":1251,"column":20},"end":{"line":1251,"column":49}},{"start":{"line":1252,"column":22},"end":{"line":1260,"column":41}}],"line":1249},"80":{"loc":{"start":{"line":1262,"column":19},"end":{"line":1278,"column":19}},"type":"binary-expr","locations":[{"start":{"line":1262,"column":20},"end":{"line":1262,"column":56}},{"start":{"line":1263,"column":20},"end":{"line":1263,"column":58}},{"start":{"line":1264,"column":20},"end":{"line":1277,"column":39}}],"line":1262},"81":{"loc":{"start":{"line":1268,"column":26},"end":{"line":1270,"column":35}},"type":"cond-expr","locations":[{"start":{"line":1269,"column":30},"end":{"line":1269,"column":41}},{"start":{"line":1270,"column":30},"end":{"line":1270,"column":35}}],"line":1268},"82":{"loc":{"start":{"line":1279,"column":19},"end":{"line":1286,"column":19}},"type":"binary-expr","locations":[{"start":{"line":1279,"column":19},"end":{"line":1279,"column":48}},{"start":{"line":1280,"column":20},"end":{"line":1285,"column":39}}],"line":1279},"83":{"loc":{"start":{"line":1288,"column":19},"end":{"line":1294,"column":19}},"type":"binary-expr","locations":[{"start":{"line":1288,"column":19},"end":{"line":1288,"column":48}},{"start":{"line":1288,"column":52},"end":{"line":1288,"column":67}},{"start":{"line":1289,"column":20},"end":{"line":1293,"column":23}}],"line":1288}},"s":{"0":0,"1":0,"2":0,"3":0,"4":0,"5":0,"6":0,"7":0,"8":0,"9":0,"10":0,"11":0,"12":0,"13":0,"14":0,"15":0,"16":0,"17":0,"18":0,"19":0,"20":0,"21":0,"22":0,"23":0,"24":0,"25":0,"26":0,"27":0,"28":0,"29":0,"30":0,"31":0,"32":0,"33":0,"34":0,"35":0,"36":0,"37":0,"38":0,"39":0,"40":0,"41":0,"42":0,"43":0,"44":0,"45":0,"46":0,"47":0,"48":0,"49":0,"50":0,"51":0,"52":0,"53":0,"54":0,"55":0,"56":0,"57":0,"58":0,"59":0,"60":0,"61":0,"62":0,"63":0,"64":0,"65":0,"66":0,"67":0,"68":0,"69":0,"70":0,"71":0,"72":0,"73":0,"74":0,"75":0,"76":0,"77":0,"78":0,"79":0,"80":0,"81":0,"82":0,"83":0,"84":0,"85":0,"86":0,"87":0,"88":0,"89":0,"90":0,"91":0,"92":0,"93":0,"94":0,"95":0,"96":0,"97":0,"98":0,"99":0,"100":0,"101":0,"102":0,"103":0,"104":0,"105":0,"106":0,"107":0,"108":0,"109":0,"110":0,"111":0,"112":0,"113":0,"114":0,"115":0,"116":0,"117":0,"118":0,"119":0,"120":0,"121":0,"122":0,"123":0,"124":0,"125":0,"126":0,"127":0,"128":0,"129":0,"130":0,"131":0,"132":0,"133":0,"134":0,"135":0,"136":0,"137":0,"138":0,"139":0,"140":0,"141":0,"142":0,"143":0,"144":0,"145":0,"146":0,"147":0,"148":0,"149":0,"150":0,"151":0,"152":0,"153":0,"154":0,"155":0,"156":0,"157":0,"158":0,"159":0,"160":0,"161":0,"162":0,"163":0,"164":0,"165":0,"166":0,"167":0,"168":0,"169":0,"170":0,"171":0,"172":0,"173":0,"174":0,"175":0,"176":0,"177":0,"178":0,"179":0,"180":0,"181":0,"182":0,"183":0,"184":0,"185":0,"186":0,"187":0,"188":0,"189":0,"190":0,"191":0,"192":0,"193":0,"194":0,"195":0,"196":0,"197":0,"198":0,"199":0,"200":0,"201":0,"202":0,"203":0,"204":0,"205":0,"206":0,"207":0,"208":0,"209":0,"210":0,"211":0,"212":0,"213":0,"214":0,"215":0,"216":0,"217":0,"218":0,"219":0,"220":0,"221":0,"222":0,"223":0,"224":0,"225":0,"226":0,"227":0,"228":0,"229":0,"230":0,"231":0,"232":0,"233":0,"234":0,"235":0,"236":0,"237":0,"238":0,"239":0,"240":0,"241":0,"242":0,"243":0,"244":0,"245":0,"246":0,"247":0,"248":0,"249":0,"250":0,"251":0,"252":0,"253":0,"254":0},"f":{"0":0,"1":0,"2":0,"3":0,"4":0,"5":0,"6":0,"7":0,"8":0,"9":0,"10":0,"11":0,"12":0,"13":0,"14":0,"15":0,"16":0,"17":0,"18":0,"19":0,"20":0,"21":0,"22":0,"23":0,"24":0,"25":0,"26":0,"27":0,"28":0,"29":0,"30":0,"31":0,"32":0,"33":0,"34":0,"35":0,"36":0,"37":0,"38":0,"39":0,"40":0,"41":0,"42":0,"43":0,"44":0,"45":0,"46":0,"47":0},"b":{"0":[0,0],"1":[0,0],"2":[0,0],"3":[0,0],"4":[0,0],"5":[0,0,0],"6":[0,0],"7":[0,0],"8":[0,0],"9":[0,0],"10":[0,0],"11":[0,0],"12":[0,0],"13":[0,0],"14":[0,0],"15":[0,0],"16":[0,0],"17":[0,0],"18":[0,0],"19":[0,0],"20":[0,0],"21":[0,0],"22":[0,0],"23":[0,0],"24":[0,0],"25":[0,0],"26":[0,0],"27":[0,0],"28":[0,0],"29":[0,0],"30":[0,0],"31":[0,0,0],"32":[0,0,0],"33":[0,0,0],"34":[0,0,0],"35":[0,0],"36":[0,0],"37":[0,0],"38":[0,0,0],"39":[0,0],"40":[0,0],"41":[0,0,0],"42":[0,0,0],"43":[0,0,0],"44":[0,0],"45":[0,0,0],"46":[0,0],"47":[0,0,0],"48":[0,0],"49":[0,0,0],"50":[0,0,0],"51":[0,0,0],"52":[0,0],"53":[0,0],"54":[0,0,0],"55":[0,0],"56":[0,0,0],"57":[0,0],"58":[0,0],"59":[0,0],"60":[0,0],"61":[0,0],"62":[0,0],"63":[0,0],"64":[0,0],"65":[0,0],"66":[0,0],"67":[0,0],"68":[0,0],"69":[0,0],"70":[0,0],"71":[0,0],"72":[0,0],"73":[0,0],"74":[0,0],"75":[0,0],"76":[0,0],"77":[0,0],"78":[0,0],"79":[0,0,0,0],"80":[0,0,0],"81":[0,0],"82":[0,0],"83":[0,0,0]}}
,"/Users/kevinliu/Apps/SportStretch/sportstretch-ui-master/app/screens/therapist/TherapistUpcomingBooking.js": {"path":"/Users/kevinliu/Apps/SportStretch/sportstretch-ui-master/app/screens/therapist/TherapistUpcomingBooking.js","statementMap":{"0":{"start":{"line":19,"column":50},"end":{"line":19,"column":62}},"1":{"start":{"line":20,"column":62},"end":{"line":20,"column":74}},"2":{"start":{"line":21,"column":64},"end":{"line":21,"column":76}},"3":{"start":{"line":22,"column":28},"end":{"line":22,"column":51}},"4":{"start":{"line":23,"column":64},"end":{"line":23,"column":79}},"5":{"start":{"line":24,"column":56},"end":{"line":24,"column":68}},"6":{"start":{"line":26,"column":21},"end":{"line":26,"column":73}},"7":{"start":{"line":28,"column":2},"end":{"line":33,"column":25}},"8":{"start":{"line":30,"column":4},"end":{"line":32,"column":14}},"9":{"start":{"line":31,"column":6},"end":{"line":31,"column":29}},"10":{"start":{"line":35,"column":2},"end":{"line":37,"column":9}},"11":{"start":{"line":36,"column":4},"end":{"line":36,"column":27}},"12":{"start":{"line":39,"column":31},"end":{"line":91,"column":3}},"13":{"start":{"line":40,"column":21},"end":{"line":42,"column":5}},"14":{"start":{"line":43,"column":27},"end":{"line":43,"column":40}},"15":{"start":{"line":44,"column":4},"end":{"line":48,"column":7}},"16":{"start":{"line":45,"column":6},"end":{"line":47,"column":8}},"17":{"start":{"line":49,"column":4},"end":{"line":49,"column":34}},"18":{"start":{"line":49,"column":27},"end":{"line":49,"column":34}},"19":{"start":{"line":50,"column":28},"end":{"line":64,"column":6}},"20":{"start":{"line":51,"column":17},"end":{"line":51,"column":47}},"21":{"start":{"line":52,"column":6},"end":{"line":63,"column":8}},"22":{"start":{"line":65,"column":4},"end":{"line":65,"column":43}},"23":{"start":{"line":70,"column":34},"end":{"line":77,"column":26}},"24":{"start":{"line":73,"column":10},"end":{"line":75,"column":45}},"25":{"start":{"line":77,"column":21},"end":{"line":77,"column":25}},"26":{"start":{"line":78,"column":35},"end":{"line":85,"column":26}},"27":{"start":{"line":81,"column":10},"end":{"line":83,"column":44}},"28":{"start":{"line":85,"column":21},"end":{"line":85,"column":25}},"29":{"start":{"line":87,"column":4},"end":{"line":87,"column":55}},"30":{"start":{"line":88,"column":4},"end":{"line":88,"column":57}},"31":{"start":{"line":93,"column":33},"end":{"line":96,"column":3}},"32":{"start":{"line":94,"column":4},"end":{"line":94,"column":40}},"33":{"start":{"line":95,"column":4},"end":{"line":95,"column":37}},"34":{"start":{"line":98,"column":2},"end":{"line":157,"column":4}},"35":{"start":{"line":122,"column":18},"end":{"line":129,"column":20}},"36":{"start":{"line":134,"column":28},"end":{"line":134,"column":57}},"37":{"start":{"line":137,"column":18},"end":{"line":148,"column":37}},"38":{"start":{"line":138,"column":35},"end":{"line":138,"column":63}},"39":{"start":{"line":152,"column":36},"end":{"line":152,"column":63}},"40":{"start":{"line":160,"column":15},"end":{"line":169,"column":2}}},"fnMap":{"0":{"name":"TherapistUpcomingBooking","decl":{"start":{"line":18,"column":9},"end":{"line":18,"column":33}},"loc":{"start":{"line":18,"column":41},"end":{"line":158,"column":1}},"line":18},"1":{"name":"(anonymous_1)","decl":{"start":{"line":28,"column":12},"end":{"line":28,"column":13}},"loc":{"start":{"line":28,"column":18},"end":{"line":33,"column":3}},"line":28},"2":{"name":"(anonymous_2)","decl":{"start":{"line":30,"column":15},"end":{"line":30,"column":16}},"loc":{"start":{"line":30,"column":21},"end":{"line":32,"column":5}},"line":30},"3":{"name":"(anonymous_3)","decl":{"start":{"line":35,"column":12},"end":{"line":35,"column":13}},"loc":{"start":{"line":35,"column":18},"end":{"line":37,"column":3}},"line":35},"4":{"name":"(anonymous_4)","decl":{"start":{"line":39,"column":31},"end":{"line":39,"column":32}},"loc":{"start":{"line":39,"column":43},"end":{"line":91,"column":3}},"line":39},"5":{"name":"(anonymous_5)","decl":{"start":{"line":44,"column":26},"end":{"line":44,"column":27}},"loc":{"start":{"line":44,"column":36},"end":{"line":48,"column":5}},"line":44},"6":{"name":"(anonymous_6)","decl":{"start":{"line":50,"column":49},"end":{"line":50,"column":50}},"loc":{"start":{"line":50,"column":62},"end":{"line":64,"column":5}},"line":50},"7":{"name":"(anonymous_7)","decl":{"start":{"line":72,"column":8},"end":{"line":72,"column":9}},"loc":{"start":{"line":73,"column":10},"end":{"line":75,"column":45}},"line":73},"8":{"name":"(anonymous_8)","decl":{"start":{"line":77,"column":11},"end":{"line":77,"column":12}},"loc":{"start":{"line":77,"column":21},"end":{"line":77,"column":25}},"line":77},"9":{"name":"(anonymous_9)","decl":{"start":{"line":80,"column":8},"end":{"line":80,"column":9}},"loc":{"start":{"line":81,"column":10},"end":{"line":83,"column":44}},"line":81},"10":{"name":"(anonymous_10)","decl":{"start":{"line":85,"column":11},"end":{"line":85,"column":12}},"loc":{"start":{"line":85,"column":21},"end":{"line":85,"column":25}},"line":85},"11":{"name":"(anonymous_11)","decl":{"start":{"line":93,"column":33},"end":{"line":93,"column":34}},"loc":{"start":{"line":93,"column":50},"end":{"line":96,"column":3}},"line":93},"12":{"name":"(anonymous_12)","decl":{"start":{"line":121,"column":28},"end":{"line":121,"column":29}},"loc":{"start":{"line":122,"column":18},"end":{"line":129,"column":20}},"line":122},"13":{"name":"(anonymous_13)","decl":{"start":{"line":134,"column":18},"end":{"line":134,"column":19}},"loc":{"start":{"line":134,"column":28},"end":{"line":134,"column":57}},"line":134},"14":{"name":"(anonymous_14)","decl":{"start":{"line":136,"column":28},"end":{"line":136,"column":29}},"loc":{"start":{"line":137,"column":18},"end":{"line":148,"column":37}},"line":137},"15":{"name":"(anonymous_15)","decl":{"start":{"line":138,"column":29},"end":{"line":138,"column":30}},"loc":{"start":{"line":138,"column":35},"end":{"line":138,"column":63}},"line":138},"16":{"name":"(anonymous_16)","decl":{"start":{"line":152,"column":26},"end":{"line":152,"column":27}},"loc":{"start":{"line":152,"column":36},"end":{"line":152,"column":63}},"line":152}},"branchMap":{"0":{"loc":{"start":{"line":49,"column":4},"end":{"line":49,"column":34}},"type":"if","locations":[{"start":{"line":49,"column":4},"end":{"line":49,"column":34}},{"start":{},"end":{}}],"line":49},"1":{"loc":{"start":{"line":73,"column":10},"end":{"line":75,"column":45}},"type":"binary-expr","locations":[{"start":{"line":73,"column":10},"end":{"line":73,"column":40}},{"start":{"line":74,"column":10},"end":{"line":74,"column":45}},{"start":{"line":75,"column":10},"end":{"line":75,"column":45}}],"line":73},"2":{"loc":{"start":{"line":81,"column":10},"end":{"line":83,"column":44}},"type":"binary-expr","locations":[{"start":{"line":81,"column":10},"end":{"line":81,"column":40}},{"start":{"line":82,"column":10},"end":{"line":82,"column":44}},{"start":{"line":83,"column":10},"end":{"line":83,"column":44}}],"line":81},"3":{"loc":{"start":{"line":100,"column":7},"end":{"line":108,"column":7}},"type":"binary-expr","locations":[{"start":{"line":100,"column":7},"end":{"line":100,"column":30}},{"start":{"line":101,"column":8},"end":{"line":107,"column":10}}],"line":100},"4":{"loc":{"start":{"line":109,"column":7},"end":{"line":113,"column":7}},"type":"binary-expr","locations":[{"start":{"line":109,"column":7},"end":{"line":109,"column":36}},{"start":{"line":110,"column":8},"end":{"line":112,"column":15}}],"line":109},"5":{"loc":{"start":{"line":114,"column":7},"end":{"line":155,"column":7}},"type":"binary-expr","locations":[{"start":{"line":114,"column":7},"end":{"line":114,"column":34}},{"start":{"line":115,"column":8},"end":{"line":154,"column":15}}],"line":114}},"s":{"0":0,"1":0,"2":0,"3":0,"4":0,"5":0,"6":0,"7":0,"8":0,"9":0,"10":0,"11":0,"12":0,"13":0,"14":0,"15":0,"16":0,"17":0,"18":0,"19":0,"20":0,"21":0,"22":0,"23":0,"24":0,"25":0,"26":0,"27":0,"28":0,"29":0,"30":0,"31":0,"32":0,"33":0,"34":0,"35":0,"36":0,"37":0,"38":0,"39":0,"40":0},"f":{"0":0,"1":0,"2":0,"3":0,"4":0,"5":0,"6":0,"7":0,"8":0,"9":0,"10":0,"11":0,"12":0,"13":0,"14":0,"15":0,"16":0},"b":{"0":[0,0],"1":[0,0,0],"2":[0,0,0],"3":[0,0],"4":[0,0],"5":[0,0]}}
}
