TN:
SF:app/api/auth.js
FN:5,(anonymous_0)
FN:7,(anonymous_1)
FN:9,(anonymous_2)
FNF:3
FNH:0
FNDA:0,(anonymous_0)
FNDA:0,(anonymous_1)
FNDA:0,(anonymous_2)
DA:3,2
DA:5,2
DA:7,2
DA:9,2
LF:4
LH:4
BRF:0
BRH:0
end_of_record
TN:
SF:app/api/bookings.js
FN:5,(anonymous_0)
FN:11,(anonymous_1)
FN:17,(anonymous_2)
FN:21,(anonymous_3)
FN:53,(anonymous_4)
FN:59,(anonymous_5)
FN:65,(anonymous_6)
FN:73,(anonymous_7)
FN:77,(anonymous_8)
FN:81,(anonymous_9)
FN:85,(anonymous_10)
FNF:11
FNH:0
FNDA:0,(anonymous_0)
FNDA:0,(anonymous_1)
FNDA:0,(anonymous_2)
FNDA:0,(anonymous_3)
FNDA:0,(anonymous_4)
FNDA:0,(anonymous_5)
FNDA:0,(anonymous_6)
FNDA:0,(anonymous_7)
FNDA:0,(anonymous_8)
FNDA:0,(anonymous_9)
FNDA:0,(anonymous_10)
DA:3,2
DA:5,2
DA:6,0
DA:11,2
DA:12,0
DA:17,2
DA:18,0
DA:21,2
DA:36,0
DA:38,0
DA:53,2
DA:54,0
DA:59,2
DA:60,0
DA:65,2
DA:66,0
DA:73,2
DA:74,0
DA:77,2
DA:78,0
DA:81,2
DA:82,0
DA:85,2
DA:86,0
LF:24
LH:12
BRF:0
BRH:0
end_of_record
TN:
SF:app/api/client.js
FN:11,(anonymous_0)
FN:23,(anonymous_1)
FNF:2
FNH:0
FNDA:0,(anonymous_0)
FNDA:0,(anonymous_1)
DA:5,4
DA:11,4
DA:12,0
DA:13,0
DA:14,0
DA:15,0
DA:17,0
DA:23,4
DA:24,0
DA:25,0
LF:10
LH:3
BRDA:6,0,0,4
BRDA:6,0,1,0
BRDA:14,1,0,0
BRDA:14,1,1,0
BRDA:24,2,0,0
BRDA:24,2,1,0
BRF:6
BRH:1
end_of_record
TN:
SF:app/api/contact.js
FN:5,(anonymous_0)
FN:9,(anonymous_1)
FNF:2
FNH:0
FNDA:0,(anonymous_0)
FNDA:0,(anonymous_1)
DA:3,0
DA:5,0
DA:6,0
DA:9,0
DA:10,0
LF:5
LH:0
BRF:0
BRH:0
end_of_record
TN:
SF:app/api/expoPushTokens.js
FN:5,(anonymous_0)
FNF:1
FNH:0
FNDA:0,(anonymous_0)
DA:3,0
DA:5,0
LF:2
LH:0
BRF:0
BRH:0
end_of_record
TN:
SF:app/api/notifications.js
FN:5,(anonymous_0)
FN:11,(anonymous_1)
FN:18,(anonymous_2)
FNF:3
FNH:0
FNDA:0,(anonymous_0)
FNDA:0,(anonymous_1)
FNDA:0,(anonymous_2)
DA:3,1
DA:5,1
DA:6,0
DA:11,1
DA:12,0
DA:18,1
DA:19,0
LF:7
LH:4
BRF:0
BRH:0
end_of_record
TN:
SF:app/api/password.js
FN:5,(anonymous_0)
FN:9,(anonymous_1)
FN:16,(anonymous_2)
FN:23,(anonymous_3)
FNF:4
FNH:0
FNDA:0,(anonymous_0)
FNDA:0,(anonymous_1)
FNDA:0,(anonymous_2)
FNDA:0,(anonymous_3)
DA:3,0
DA:5,0
DA:6,0
DA:9,0
DA:10,0
DA:16,0
DA:17,0
DA:23,0
DA:24,0
LF:9
LH:0
BRF:0
BRH:0
end_of_record
TN:
SF:app/api/payment.js
FN:5,(anonymous_0)
FN:9,(anonymous_1)
FN:13,(anonymous_2)
FN:17,(anonymous_3)
FN:21,(anonymous_4)
FNF:5
FNH:0
FNDA:0,(anonymous_0)
FNDA:0,(anonymous_1)
FNDA:0,(anonymous_2)
FNDA:0,(anonymous_3)
FNDA:0,(anonymous_4)
DA:3,1
DA:5,1
DA:6,0
DA:9,1
DA:10,0
DA:13,1
DA:14,0
DA:17,1
DA:18,0
DA:21,1
DA:22,0
LF:11
LH:6
BRF:0
BRH:0
end_of_record
TN:
SF:app/api/profilePicture.js
FN:5,(anonymous_0)
FNF:1
FNH:0
FNDA:0,(anonymous_0)
DA:3,0
DA:5,0
DA:6,0
LF:3
LH:0
BRF:0
BRH:0
end_of_record
TN:
SF:app/api/ratings.js
FN:5,(anonymous_0)
FN:9,(anonymous_1)
FNF:2
FNH:0
FNDA:0,(anonymous_0)
FNDA:0,(anonymous_1)
DA:3,1
DA:5,1
DA:6,0
DA:9,1
DA:10,0
LF:5
LH:3
BRF:0
BRH:0
end_of_record
TN:
SF:app/api/register.js
FN:5,(anonymous_0)
FN:9,(anonymous_1)
FN:13,(anonymous_2)
FN:17,(anonymous_3)
FN:20,(anonymous_4)
FNF:5
FNH:0
FNDA:0,(anonymous_0)
FNDA:0,(anonymous_1)
FNDA:0,(anonymous_2)
FNDA:0,(anonymous_3)
FNDA:0,(anonymous_4)
DA:3,0
DA:5,0
DA:6,0
DA:9,0
DA:10,0
DA:13,0
DA:14,0
DA:17,0
DA:18,0
DA:20,0
DA:21,0
LF:11
LH:0
BRF:0
BRH:0
end_of_record
TN:
SF:app/api/report.js
FN:5,(anonymous_0)
FNF:1
FNH:0
FNDA:0,(anonymous_0)
DA:3,0
DA:5,0
DA:6,0
LF:3
LH:0
BRF:0
BRH:0
end_of_record
TN:
SF:app/api/revenuecatService.js
FN:16,(anonymous_0)
FN:34,(anonymous_1)
FN:44,(anonymous_2)
FN:54,(anonymous_3)
FN:64,(anonymous_4)
FN:74,(anonymous_5)
FN:94,(anonymous_6)
FNF:7
FNH:4
FNDA:8,(anonymous_0)
FNDA:0,(anonymous_1)
FNDA:0,(anonymous_2)
FNDA:3,(anonymous_3)
FNDA:2,(anonymous_4)
FNDA:0,(anonymous_5)
FNDA:1,(anonymous_6)
DA:11,1
DA:12,1
DA:14,1
DA:16,1
DA:17,8
DA:18,8
DA:19,8
DA:20,8
DA:25,1
DA:26,1
DA:27,1
DA:29,7
DA:30,7
DA:34,1
DA:35,0
DA:36,0
DA:37,0
DA:38,0
DA:40,0
DA:44,1
DA:45,0
DA:46,0
DA:47,0
DA:48,0
DA:50,0
DA:54,1
DA:55,3
DA:56,3
DA:57,2
DA:59,1
DA:60,1
DA:64,1
DA:65,2
DA:66,2
DA:67,1
DA:69,1
DA:70,1
DA:74,1
DA:75,0
DA:76,0
DA:77,0
DA:78,0
DA:81,0
DA:83,0
DA:84,0
DA:86,0
DA:89,0
DA:90,0
DA:94,1
DA:95,1
DA:96,1
DA:97,0
DA:98,0
DA:101,1
DA:102,1
DA:106,0
DA:108,1
DA:111,0
DA:112,0
LF:59
LH:34
BRDA:16,0,0,7
BRDA:21,1,0,8
BRDA:21,1,1,0
BRDA:22,2,0,8
BRDA:22,2,1,7
BRDA:76,3,0,0
BRDA:76,3,1,0
BRDA:83,4,0,0
BRDA:83,4,1,0
BRDA:96,5,0,0
BRDA:96,5,1,1
BRDA:102,6,0,0
BRDA:102,6,1,1
BRDA:103,7,0,1
BRDA:103,7,1,1
BRF:15
BRH:8
end_of_record
TN:
SF:app/api/therapists.js
FN:5,(anonymous_0)
FN:9,(anonymous_1)
FN:13,(anonymous_2)
FN:17,(anonymous_3)
FN:21,(anonymous_4)
FN:25,(anonymous_5)
FN:29,(anonymous_6)
FN:33,(anonymous_7)
FN:37,(anonymous_8)
FN:41,(anonymous_9)
FN:45,(anonymous_10)
FN:49,(anonymous_11)
FNF:12
FNH:0
FNDA:0,(anonymous_0)
FNDA:0,(anonymous_1)
FNDA:0,(anonymous_2)
FNDA:0,(anonymous_3)
FNDA:0,(anonymous_4)
FNDA:0,(anonymous_5)
FNDA:0,(anonymous_6)
FNDA:0,(anonymous_7)
FNDA:0,(anonymous_8)
FNDA:0,(anonymous_9)
FNDA:0,(anonymous_10)
FNDA:0,(anonymous_11)
DA:3,2
DA:5,2
DA:6,0
DA:9,2
DA:10,0
DA:13,2
DA:14,0
DA:17,2
DA:18,0
DA:21,2
DA:22,0
DA:25,2
DA:26,0
DA:29,2
DA:30,0
DA:33,2
DA:34,0
DA:37,2
DA:38,0
DA:41,2
DA:42,0
DA:45,2
DA:46,0
DA:49,2
DA:50,0
DA:53,0
DA:54,0
LF:27
LH:13
BRF:0
BRH:0
end_of_record
TN:
SF:app/api/upload.js
FN:5,(anonymous_0)
FN:20,(anonymous_1)
FNF:2
FNH:0
FNDA:0,(anonymous_0)
FNDA:0,(anonymous_1)
DA:3,0
DA:5,0
DA:6,0
DA:7,0
DA:13,0
DA:20,0
DA:21,0
LF:7
LH:0
BRF:0
BRH:0
end_of_record
TN:
SF:app/auth/context.js
FNF:0
FNH:0
DA:3,0
LF:1
LH:0
BRF:0
BRH:0
end_of_record
TN:
SF:app/auth/storage.js
FN:6,(anonymous_0)
FN:14,(anonymous_1)
FN:22,(anonymous_2)
FN:27,(anonymous_3)
FN:35,(anonymous_4)
FN:43,(anonymous_5)
FNF:6
FNH:6
FNDA:2,(anonymous_0)
FNDA:6,(anonymous_1)
FNDA:3,(anonymous_2)
FNDA:2,(anonymous_3)
FNDA:2,(anonymous_4)
FNDA:2,(anonymous_5)
DA:4,3
DA:6,3
DA:7,2
DA:8,2
DA:10,1
DA:14,3
DA:15,6
DA:16,6
DA:18,1
DA:22,3
DA:23,3
DA:24,3
DA:27,3
DA:28,2
DA:29,2
DA:31,1
DA:35,3
DA:36,2
DA:37,2
DA:39,1
DA:43,3
DA:44,2
DA:45,2
DA:47,1
LF:24
LH:24
BRDA:24,0,0,2
BRDA:24,0,1,1
BRF:2
BRH:2
end_of_record
TN:
SF:app/components/admin/AdminApprovalsCard.js
FN:18,AdminApprovalsCard
FN:31,approveTherapist
FN:38,denyTherapist
FN:45,(anonymous_3)
FN:48,(anonymous_4)
FN:55,(anonymous_5)
FN:59,(anonymous_6)
FN:122,(anonymous_7)
FN:130,(anonymous_8)
FN:140,(anonymous_9)
FNF:10
FNH:0
FNDA:0,AdminApprovalsCard
FNDA:0,approveTherapist
FNDA:0,denyTherapist
FNDA:0,(anonymous_3)
FNDA:0,(anonymous_4)
FNDA:0,(anonymous_5)
FNDA:0,(anonymous_6)
FNDA:0,(anonymous_7)
FNDA:0,(anonymous_8)
FNDA:0,(anonymous_9)
DA:32,0
DA:33,0
DA:34,0
DA:39,0
DA:40,0
DA:41,0
DA:45,0
DA:46,0
DA:47,0
DA:49,0
DA:50,0
DA:52,0
DA:55,0
DA:59,0
DA:60,0
DA:61,0
DA:63,0
DA:66,0
DA:122,0
DA:131,0
DA:132,0
DA:141,0
DA:142,0
DA:153,0
LF:24
LH:0
BRDA:33,0,0,0
BRDA:33,0,1,0
BRDA:40,1,0,0
BRDA:40,1,1,0
BRDA:49,2,0,0
BRDA:49,2,1,0
BRDA:60,3,0,0
BRDA:60,3,1,0
BRF:8
BRH:0
end_of_record
TN:
SF:app/components/admin/AdminApproveCard.js
FN:14,AdminApproveCard
FN:16,(anonymous_1)
FN:23,(anonymous_2)
FNF:3
FNH:0
FNDA:0,AdminApproveCard
FNDA:0,(anonymous_1)
FNDA:0,(anonymous_2)
DA:15,0
DA:16,0
DA:17,0
DA:18,0
DA:23,0
DA:24,0
DA:25,0
DA:30,0
DA:71,0
LF:9
LH:0
BRDA:18,0,0,0
BRDA:18,0,1,0
BRDA:25,1,0,0
BRDA:25,1,1,0
BRF:4
BRH:0
end_of_record
TN:
SF:app/components/admin/AdminBookingsCard.js
FN:5,AdminBookingsCard
FNF:1
FNH:0
FNDA:0,AdminBookingsCard
DA:16,0
LF:1
LH:0
BRF:0
BRH:0
end_of_record
TN:
SF:app/components/admin/AdminHeader.js
FN:9,AdminHeader
FNF:1
FNH:0
FNDA:0,AdminHeader
DA:10,0
DA:12,0
DA:32,0
LF:3
LH:0
BRF:0
BRH:0
end_of_record
TN:
SF:app/components/admin/AdminTherapistCard.js
FN:20,AdminTherapistCard
FN:36,(anonymous_1)
FN:47,(anonymous_2)
FN:54,(anonymous_3)
FN:60,(anonymous_4)
FN:63,(anonymous_5)
FN:70,(anonymous_6)
FN:74,(anonymous_7)
FN:81,(anonymous_8)
FN:171,(anonymous_9)
FNF:10
FNH:0
FNDA:0,AdminTherapistCard
FNDA:0,(anonymous_1)
FNDA:0,(anonymous_2)
FNDA:0,(anonymous_3)
FNDA:0,(anonymous_4)
FNDA:0,(anonymous_5)
FNDA:0,(anonymous_6)
FNDA:0,(anonymous_7)
FNDA:0,(anonymous_8)
FNDA:0,(anonymous_9)
DA:34,0
DA:35,0
DA:36,0
DA:37,0
DA:46,0
DA:47,0
DA:48,0
DA:49,0
DA:52,0
DA:53,0
DA:54,0
DA:55,0
DA:60,0
DA:61,0
DA:62,0
DA:64,0
DA:65,0
DA:67,0
DA:70,0
DA:74,0
DA:75,0
DA:76,0
DA:78,0
DA:81,0
DA:82,0
DA:85,0
DA:171,0
DA:199,0
LF:28
LH:0
BRDA:37,0,0,0
BRDA:37,0,1,0
BRDA:52,1,0,0
BRDA:52,1,1,0
BRDA:55,2,0,0
BRDA:55,2,1,0
BRDA:64,3,0,0
BRDA:64,3,1,0
BRDA:75,4,0,0
BRDA:75,4,1,0
BRF:10
BRH:0
end_of_record
TN:
SF:app/components/admin/ApproveButton.js
FN:6,ApproveButton
FNF:1
FNH:0
FNDA:0,ApproveButton
DA:7,0
DA:16,0
LF:2
LH:0
BRF:0
BRH:0
end_of_record
TN:
SF:app/components/admin/DenyButton.js
FN:6,DenyButton
FNF:1
FNH:0
FNDA:0,DenyButton
DA:7,0
DA:16,0
LF:2
LH:0
BRF:0
BRH:0
end_of_record
TN:
SF:app/components/athlete/AthleteAppointmentDetails.js
FN:5,AthleteAppointmentDetails
FNF:1
FNH:0
FNDA:0,AthleteAppointmentDetails
DA:6,0
DA:10,0
DA:11,0
DA:12,0
DA:13,0
DA:15,0
DA:46,0
LF:7
LH:0
BRF:0
BRH:0
end_of_record
TN:
SF:app/components/athlete/AthleteBookNowCard.js
FN:10,AthleteBookNowCard
FN:119,(anonymous_1)
FNF:2
FNH:0
FNDA:0,AthleteBookNowCard
FNDA:0,(anonymous_1)
DA:11,0
DA:12,0
DA:14,0
DA:15,0
DA:17,0
DA:120,0
DA:132,0
LF:7
LH:0
BRDA:11,0,0,0
BRDA:11,0,1,0
BRDA:12,1,0,0
BRDA:12,1,1,0
BRDA:42,2,0,0
BRDA:42,2,1,0
BRDA:42,3,0,0
BRDA:42,3,1,0
BRDA:42,3,2,0
BRDA:51,4,0,0
BRDA:51,4,1,0
BRDA:67,5,0,0
BRDA:67,5,1,0
BRDA:76,6,0,0
BRDA:76,6,1,0
BRDA:79,7,0,0
BRDA:79,7,1,0
BRDA:80,8,0,0
BRDA:80,8,1,0
BRDA:85,9,0,0
BRDA:85,9,1,0
BRDA:92,10,0,0
BRDA:92,10,1,0
BRDA:97,11,0,0
BRDA:97,11,1,0
BRF:25
BRH:0
end_of_record
TN:
SF:app/components/athlete/AthleteMapView.js
FN:24,AthleteMapView
FN:34,(anonymous_1)
FN:49,(anonymous_2)
FN:65,(anonymous_3)
FN:94,(anonymous_4)
FN:97,(anonymous_5)
FNF:6
FNH:0
FNDA:0,AthleteMapView
FNDA:0,(anonymous_1)
FNDA:0,(anonymous_2)
FNDA:0,(anonymous_3)
FNDA:0,(anonymous_4)
FNDA:0,(anonymous_5)
DA:17,0
DA:32,0
DA:34,0
DA:35,0
DA:36,0
DA:38,0
DA:39,0
DA:49,0
DA:50,0
DA:51,0
DA:54,0
DA:56,0
DA:62,0
DA:65,0
DA:66,0
DA:67,0
DA:73,0
DA:76,0
DA:94,0
DA:98,0
DA:142,0
LF:21
LH:0
BRDA:35,0,0,0
BRDA:35,0,1,0
BRDA:38,1,0,0
BRDA:38,1,1,0
BRDA:96,2,0,0
BRDA:96,2,1,0
BRDA:107,3,0,0
BRDA:107,3,1,0
BRDA:107,4,0,0
BRDA:107,4,1,0
BRDA:124,5,0,0
BRDA:124,5,1,0
BRDA:124,5,2,0
BRF:13
BRH:0
end_of_record
TN:
SF:app/components/athlete/AthletePastCard.js
FN:8,AthletePastCard
FN:16,(anonymous_1)
FNF:2
FNH:0
FNDA:0,AthletePastCard
FNDA:0,(anonymous_1)
DA:16,0
DA:17,0
DA:18,0
DA:19,0
DA:21,0
DA:28,0
DA:62,0
LF:7
LH:0
BRDA:18,0,0,0
BRDA:18,0,1,0
BRF:2
BRH:0
end_of_record
TN:
SF:app/components/athlete/AthleteUpcomingCard.js
FN:6,AthleteUpcomingCard
FNF:1
FNH:0
FNDA:0,AthleteUpcomingCard
DA:14,0
DA:57,0
LF:2
LH:0
BRDA:41,0,0,0
BRDA:41,0,1,0
BRDA:43,1,0,0
BRDA:43,1,1,0
BRF:4
BRH:0
end_of_record
TN:
SF:app/components/athlete/BookButton.js
FN:6,BookButton
FNF:1
FNH:0
FNDA:0,BookButton
DA:7,0
DA:16,0
LF:2
LH:0
BRF:0
BRH:0
end_of_record
TN:
SF:app/components/athlete/BookModal.js
FN:52,BookModal
FN:79,(anonymous_1)
FN:89,(anonymous_2)
FN:110,(anonymous_3)
FN:121,(anonymous_4)
FN:135,(anonymous_5)
FN:145,(anonymous_6)
FN:166,(anonymous_7)
FN:171,(anonymous_8)
FN:182,(anonymous_9)
FN:186,(anonymous_10)
FN:203,(anonymous_11)
FN:204,(anonymous_12)
FN:205,(anonymous_13)
FN:208,(anonymous_14)
FN:213,(anonymous_15)
FN:251,(anonymous_16)
FN:254,(anonymous_17)
FN:260,(anonymous_18)
FN:265,(anonymous_19)
FN:270,(anonymous_20)
FN:281,(anonymous_21)
FN:285,(anonymous_22)
FN:293,(anonymous_23)
FN:300,(anonymous_24)
FN:304,(anonymous_25)
FN:312,(anonymous_26)
FN:321,(anonymous_27)
FN:326,(anonymous_28)
FN:331,(anonymous_29)
FN:340,(anonymous_30)
FN:345,(anonymous_31)
FN:370,(anonymous_32)
FN:382,(anonymous_33)
FN:397,(anonymous_34)
FN:407,(anonymous_35)
FN:415,(anonymous_36)
FN:425,(anonymous_37)
FN:437,(anonymous_38)
FN:463,(anonymous_39)
FN:471,(anonymous_40)
FN:493,(anonymous_41)
FN:506,(anonymous_42)
FN:538,(anonymous_43)
FN:549,(anonymous_44)
FN:563,(anonymous_45)
FN:623,(anonymous_46)
FN:641,(anonymous_47)
FN:659,(anonymous_48)
FN:677,(anonymous_49)
FN:695,(anonymous_50)
FN:713,(anonymous_51)
FN:731,(anonymous_52)
FN:749,(anonymous_53)
FN:758,(anonymous_54)
FN:771,(anonymous_55)
FN:806,(anonymous_56)
FN:833,(anonymous_57)
FN:843,(anonymous_58)
FN:894,(anonymous_59)
FN:897,(anonymous_60)
FN:1012,(anonymous_61)
FN:1015,(anonymous_62)
FN:1070,(anonymous_63)
FN:1078,(anonymous_64)
FN:1095,(anonymous_65)
FN:1133,(anonymous_66)
FN:1148,(anonymous_67)
FN:1166,(anonymous_68)
FN:1177,(anonymous_69)
FN:1186,(anonymous_70)
FN:1214,(anonymous_71)
FN:1217,(anonymous_72)
FN:1232,(anonymous_73)
FNF:74
FNH:0
FNDA:0,BookModal
FNDA:0,(anonymous_1)
FNDA:0,(anonymous_2)
FNDA:0,(anonymous_3)
FNDA:0,(anonymous_4)
FNDA:0,(anonymous_5)
FNDA:0,(anonymous_6)
FNDA:0,(anonymous_7)
FNDA:0,(anonymous_8)
FNDA:0,(anonymous_9)
FNDA:0,(anonymous_10)
FNDA:0,(anonymous_11)
FNDA:0,(anonymous_12)
FNDA:0,(anonymous_13)
FNDA:0,(anonymous_14)
FNDA:0,(anonymous_15)
FNDA:0,(anonymous_16)
FNDA:0,(anonymous_17)
FNDA:0,(anonymous_18)
FNDA:0,(anonymous_19)
FNDA:0,(anonymous_20)
FNDA:0,(anonymous_21)
FNDA:0,(anonymous_22)
FNDA:0,(anonymous_23)
FNDA:0,(anonymous_24)
FNDA:0,(anonymous_25)
FNDA:0,(anonymous_26)
FNDA:0,(anonymous_27)
FNDA:0,(anonymous_28)
FNDA:0,(anonymous_29)
FNDA:0,(anonymous_30)
FNDA:0,(anonymous_31)
FNDA:0,(anonymous_32)
FNDA:0,(anonymous_33)
FNDA:0,(anonymous_34)
FNDA:0,(anonymous_35)
FNDA:0,(anonymous_36)
FNDA:0,(anonymous_37)
FNDA:0,(anonymous_38)
FNDA:0,(anonymous_39)
FNDA:0,(anonymous_40)
FNDA:0,(anonymous_41)
FNDA:0,(anonymous_42)
FNDA:0,(anonymous_43)
FNDA:0,(anonymous_44)
FNDA:0,(anonymous_45)
FNDA:0,(anonymous_46)
FNDA:0,(anonymous_47)
FNDA:0,(anonymous_48)
FNDA:0,(anonymous_49)
FNDA:0,(anonymous_50)
FNDA:0,(anonymous_51)
FNDA:0,(anonymous_52)
FNDA:0,(anonymous_53)
FNDA:0,(anonymous_54)
FNDA:0,(anonymous_55)
FNDA:0,(anonymous_56)
FNDA:0,(anonymous_57)
FNDA:0,(anonymous_58)
FNDA:0,(anonymous_59)
FNDA:0,(anonymous_60)
FNDA:0,(anonymous_61)
FNDA:0,(anonymous_62)
FNDA:0,(anonymous_63)
FNDA:0,(anonymous_64)
FNDA:0,(anonymous_65)
FNDA:0,(anonymous_66)
FNDA:0,(anonymous_67)
FNDA:0,(anonymous_68)
FNDA:0,(anonymous_69)
FNDA:0,(anonymous_70)
FNDA:0,(anonymous_71)
FNDA:0,(anonymous_72)
FNDA:0,(anonymous_73)
DA:50,0
DA:72,0
DA:76,0
DA:78,0
DA:79,0
DA:80,0
DA:83,0
DA:84,0
DA:85,0
DA:87,0
DA:89,0
DA:90,0
DA:92,0
DA:94,0
DA:98,0
DA:99,0
DA:100,0
DA:104,0
DA:106,0
DA:110,0
DA:113,0
DA:114,0
DA:115,0
DA:116,0
DA:117,0
DA:118,0
DA:121,0
DA:124,0
DA:125,0
DA:126,0
DA:127,0
DA:128,0
DA:129,0
DA:130,0
DA:131,0
DA:132,0
DA:135,0
DA:137,0
DA:142,0
DA:145,0
DA:152,0
DA:154,0
DA:157,0
DA:158,0
DA:160,0
DA:161,0
DA:162,0
DA:166,0
DA:168,0
DA:170,0
DA:172,0
DA:176,0
DA:178,0
DA:180,0
DA:182,0
DA:183,0
DA:186,0
DA:187,0
DA:188,0
DA:189,0
DA:190,0
DA:191,0
DA:193,0
DA:194,0
DA:195,0
DA:196,0
DA:198,0
DA:202,0
DA:203,0
DA:204,0
DA:205,0
DA:206,0
DA:208,0
DA:209,0
DA:211,0
DA:212,0
DA:213,0
DA:216,0
DA:217,0
DA:219,0
DA:221,0
DA:222,0
DA:223,0
DA:226,0
DA:227,0
DA:228,0
DA:229,0
DA:230,0
DA:233,0
DA:235,0
DA:236,0
DA:239,0
DA:240,0
DA:241,0
DA:242,0
DA:243,0
DA:244,0
DA:245,0
DA:246,0
DA:248,0
DA:249,0
DA:250,0
DA:251,0
DA:252,0
DA:254,0
DA:260,0
DA:265,0
DA:270,0
DA:281,0
DA:282,0
DA:285,0
DA:286,0
DA:293,0
DA:294,0
DA:295,0
DA:296,0
DA:300,0
DA:301,0
DA:304,0
DA:305,0
DA:306,0
DA:309,0
DA:312,0
DA:313,0
DA:314,0
DA:321,0
DA:322,0
DA:327,0
DA:331,0
DA:332,0
DA:333,0
DA:340,0
DA:341,0
DA:346,0
DA:350,0
DA:361,0
DA:370,0
DA:371,0
DA:372,0
DA:373,0
DA:374,0
DA:376,0
DA:380,0
DA:382,0
DA:397,0
DA:407,0
DA:408,0
DA:411,0
DA:412,0
DA:414,0
DA:415,0
DA:418,0
DA:419,0
DA:425,0
DA:430,0
DA:431,0
DA:437,0
DA:443,0
DA:444,0
DA:445,0
DA:452,0
DA:453,0
DA:455,0
DA:458,0
DA:463,0
DA:464,0
DA:465,0
DA:471,0
DA:477,0
DA:478,0
DA:480,0
DA:481,0
DA:484,0
DA:485,0
DA:488,0
DA:493,0
DA:494,0
DA:495,0
DA:496,0
DA:497,0
DA:498,0
DA:499,0
DA:506,0
DA:507,0
DA:509,0
DA:512,0
DA:513,0
DA:515,0
DA:517,0
DA:518,0
DA:521,0
DA:535,0
DA:536,0
DA:538,0
DA:539,0
DA:540,0
DA:541,0
DA:543,0
DA:545,0
DA:549,0
DA:551,0
DA:560,0
DA:563,0
DA:564,0
DA:624,0
DA:642,0
DA:660,0
DA:678,0
DA:696,0
DA:714,0
DA:732,0
DA:750,0
DA:759,0
DA:760,0
DA:771,0
DA:772,0
DA:806,0
DA:834,0
DA:844,0
DA:895,0
DA:898,0
DA:1013,0
DA:1016,0
DA:1017,0
DA:1018,0
DA:1071,0
DA:1079,0
DA:1095,0
DA:1096,0
DA:1133,0
DA:1148,0
DA:1166,0
DA:1178,0
DA:1187,0
DA:1204,0
DA:1214,0
DA:1218,0
DA:1263,0
LF:238
LH:0
BRDA:72,0,0,0
BRDA:72,0,1,0
BRDA:94,1,0,0
BRDA:94,1,1,0
BRDA:98,2,0,0
BRDA:98,2,1,0
BRDA:115,3,0,0
BRDA:115,3,1,0
BRDA:126,4,0,0
BRDA:126,4,1,0
BRDA:127,5,0,0
BRDA:127,5,1,0
BRDA:128,6,0,0
BRDA:128,6,1,0
BRDA:129,7,0,0
BRDA:129,7,1,0
BRDA:130,8,0,0
BRDA:130,8,1,0
BRDA:131,9,0,0
BRDA:131,9,1,0
BRDA:154,10,0,0
BRDA:154,10,1,0
BRDA:157,11,0,0
BRDA:157,11,1,0
BRDA:172,12,0,0
BRDA:172,12,1,0
BRDA:195,13,0,0
BRDA:195,13,1,0
BRDA:231,14,0,0
BRDA:231,14,1,0
BRDA:295,15,0,0
BRDA:295,15,1,0
BRDA:306,16,0,0
BRDA:306,16,1,0
BRDA:380,17,0,0
BRDA:380,17,1,0
BRDA:409,18,0,0
BRDA:409,18,1,0
BRDA:411,19,0,0
BRDA:411,19,1,0
BRDA:418,20,0,0
BRDA:418,20,1,0
BRDA:430,21,0,0
BRDA:430,21,1,0
BRDA:452,22,0,0
BRDA:452,22,1,0
BRDA:464,23,0,0
BRDA:464,23,1,0
BRDA:480,24,0,0
BRDA:480,24,1,0
BRDA:494,25,0,0
BRDA:494,25,1,0
BRDA:517,26,0,0
BRDA:517,26,1,0
BRDA:569,27,0,0
BRDA:569,27,1,0
BRDA:607,28,0,0
BRDA:607,28,1,0
BRDA:620,29,0,0
BRDA:620,29,1,0
BRDA:620,30,0,0
BRDA:620,30,1,0
BRDA:620,30,2,0
BRDA:638,31,0,0
BRDA:638,31,1,0
BRDA:638,32,0,0
BRDA:638,32,1,0
BRDA:638,32,2,0
BRDA:656,33,0,0
BRDA:656,33,1,0
BRDA:656,34,0,0
BRDA:656,34,1,0
BRDA:656,34,2,0
BRDA:674,35,0,0
BRDA:674,35,1,0
BRDA:674,36,0,0
BRDA:674,36,1,0
BRDA:674,36,2,0
BRDA:692,37,0,0
BRDA:692,37,1,0
BRDA:692,38,0,0
BRDA:692,38,1,0
BRDA:692,38,2,0
BRDA:710,39,0,0
BRDA:710,39,1,0
BRDA:710,40,0,0
BRDA:710,40,1,0
BRDA:710,40,2,0
BRDA:728,41,0,0
BRDA:728,41,1,0
BRDA:728,42,0,0
BRDA:728,42,1,0
BRDA:728,42,2,0
BRDA:792,43,0,0
BRDA:792,43,1,0
BRDA:795,44,0,0
BRDA:795,44,1,0
BRDA:815,45,0,0
BRDA:815,45,1,0
BRDA:832,46,0,0
BRDA:832,46,1,0
BRDA:838,47,0,0
BRDA:838,47,1,0
BRDA:851,48,0,0
BRDA:851,48,1,0
BRDA:875,49,0,0
BRDA:875,49,1,0
BRDA:876,50,0,0
BRDA:876,50,1,0
BRDA:913,51,0,0
BRDA:913,51,1,0
BRDA:928,52,0,0
BRDA:928,52,1,0
BRDA:951,53,0,0
BRDA:951,53,1,0
BRDA:951,53,2,0
BRDA:964,54,0,0
BRDA:964,54,1,0
BRDA:964,54,2,0
BRDA:981,55,0,0
BRDA:981,55,1,0
BRDA:981,55,2,0
BRDA:992,56,0,0
BRDA:992,56,1,0
BRDA:994,57,0,0
BRDA:994,57,1,0
BRDA:1030,58,0,0
BRDA:1030,58,1,0
BRDA:1030,58,2,0
BRDA:1054,59,0,0
BRDA:1054,59,1,0
BRDA:1054,59,2,0
BRDA:1108,60,0,0
BRDA:1108,60,1,0
BRDA:1220,61,0,0
BRDA:1220,61,1,0
BRDA:1222,62,0,0
BRDA:1222,62,1,0
BRDA:1243,63,0,0
BRDA:1243,63,1,0
BRDA:1243,63,2,0
BRDA:1243,63,3,0
BRDA:1246,64,0,0
BRDA:1246,64,1,0
BRDA:1246,64,2,0
BRDA:1246,64,3,0
BRDA:1250,65,0,0
BRDA:1250,65,1,0
BRDA:1250,65,2,0
BRDA:1250,65,3,0
BRF:150
BRH:0
end_of_record
TN:
SF:app/components/athlete/DoneIndicator.js
FN:5,DoneIndicator
FNF:1
FNH:0
FNDA:0,DoneIndicator
DA:6,0
DA:8,0
DA:21,0
LF:3
LH:0
BRDA:6,0,0,0
BRDA:6,0,1,0
BRF:2
BRH:0
end_of_record
TN:
SF:app/components/athlete/Payment.js
FN:12,(anonymous_0)
FN:16,(anonymous_1)
FN:95,(anonymous_2)
FNF:3
FNH:0
FNDA:0,(anonymous_0)
FNDA:0,(anonymous_1)
FNDA:0,(anonymous_2)
DA:12,0
DA:13,0
DA:14,0
DA:16,0
DA:17,0
DA:26,0
DA:27,0
DA:72,0
DA:96,0
DA:153,0
LF:10
LH:0
BRF:0
BRH:0
end_of_record
TN:
SF:app/components/athlete/Payment_old.js
FN:17,PaymentOld
FN:41,(anonymous_1)
FN:44,(anonymous_2)
FNF:3
FNH:0
FNDA:0,PaymentOld
FNDA:0,(anonymous_1)
FNDA:0,(anonymous_2)
DA:18,0
DA:42,0
DA:45,0
LF:3
LH:0
BRF:0
BRH:0
end_of_record
TN:
SF:app/components/athlete/ProgressIndicator.js
FN:5,ProgressIndicator
FNF:1
FNH:0
FNDA:0,ProgressIndicator
DA:6,0
DA:8,0
DA:21,0
LF:3
LH:0
BRDA:6,0,0,0
BRDA:6,0,1,0
BRF:2
BRH:0
end_of_record
TN:
SF:app/components/athlete/SearchTherapist.js
FN:21,SearchTherapist
FN:33,(anonymous_1)
FN:39,(anonymous_2)
FN:54,(anonymous_3)
FN:67,(anonymous_4)
FN:68,(anonymous_5)
FN:73,(anonymous_6)
FN:86,(anonymous_7)
FN:95,(anonymous_8)
FN:100,(anonymous_9)
FN:129,(anonymous_10)
FN:132,(anonymous_11)
FNF:12
FNH:0
FNDA:0,SearchTherapist
FNDA:0,(anonymous_1)
FNDA:0,(anonymous_2)
FNDA:0,(anonymous_3)
FNDA:0,(anonymous_4)
FNDA:0,(anonymous_5)
FNDA:0,(anonymous_6)
FNDA:0,(anonymous_7)
FNDA:0,(anonymous_8)
FNDA:0,(anonymous_9)
FNDA:0,(anonymous_10)
FNDA:0,(anonymous_11)
DA:19,0
DA:28,0
DA:29,0
DA:30,0
DA:31,0
DA:33,0
DA:34,0
DA:35,0
DA:36,0
DA:37,0
DA:39,0
DA:41,0
DA:42,0
DA:44,0
DA:45,0
DA:48,0
DA:50,0
DA:51,0
DA:54,0
DA:55,0
DA:56,0
DA:57,0
DA:58,0
DA:59,0
DA:61,0
DA:63,0
DA:67,0
DA:68,0
DA:69,0
DA:73,0
DA:74,0
DA:75,0
DA:76,0
DA:77,0
DA:78,0
DA:79,0
DA:80,0
DA:81,0
DA:82,0
DA:86,0
DA:87,0
DA:88,0
DA:95,0
DA:96,0
DA:101,0
DA:105,0
DA:130,0
DA:132,0
DA:145,0
LF:49
LH:0
BRDA:23,0,0,0
BRDA:24,1,0,0
BRDA:35,2,0,0
BRDA:35,2,1,0
BRDA:35,3,0,0
BRDA:35,3,1,0
BRDA:41,4,0,0
BRDA:41,4,1,0
BRDA:44,5,0,0
BRDA:44,5,1,0
BRDA:48,6,0,0
BRDA:48,6,1,0
BRDA:48,6,2,0
BRDA:48,7,0,0
BRDA:48,7,1,0
BRDA:48,7,2,0
BRDA:75,8,0,0
BRDA:75,8,1,0
BRDA:80,9,0,0
BRDA:80,9,1,0
BRDA:118,10,0,0
BRDA:118,10,1,0
BRF:22
BRH:0
end_of_record
TN:
SF:app/components/athlete/SetStateModal.js
FN:9,SetStateModal
FN:26,(anonymous_1)
FNF:2
FNH:0
FNDA:0,SetStateModal
FNDA:0,(anonymous_1)
DA:17,0
DA:19,0
DA:21,0
DA:49,0
LF:4
LH:0
BRDA:17,0,0,0
BRDA:17,0,1,0
BRF:2
BRH:0
end_of_record
TN:
SF:app/components/athlete/TherapistSwipeList.js
FN:13,(anonymous_0)
FN:19,(anonymous_1)
FN:21,(anonymous_2)
FN:40,(anonymous_3)
FNF:4
FNH:0
FNDA:0,(anonymous_0)
FNDA:0,(anonymous_1)
FNDA:0,(anonymous_2)
FNDA:0,(anonymous_3)
DA:13,0
DA:19,0
DA:20,0
DA:21,0
DA:30,0
DA:40,0
DA:48,0
LF:7
LH:0
BRDA:37,0,0,0
BRDA:37,0,1,0
BRF:2
BRH:0
end_of_record
TN:
SF:app/components/shared/DeleteAccountModal.js
FN:17,DeleteAccountModal
FN:22,(anonymous_1)
FN:45,(anonymous_2)
FN:50,(anonymous_3)
FN:54,(anonymous_4)
FN:78,(anonymous_5)
FNF:6
FNH:0
FNDA:0,DeleteAccountModal
FNDA:0,(anonymous_1)
FNDA:0,(anonymous_2)
FNDA:0,(anonymous_3)
FNDA:0,(anonymous_4)
FNDA:0,(anonymous_5)
DA:18,0
DA:20,0
DA:21,0
DA:22,0
DA:24,0
DA:26,0
DA:27,0
DA:30,0
DA:31,0
DA:32,0
DA:33,0
DA:34,0
DA:36,0
DA:40,0
DA:51,0
DA:55,0
DA:78,0
DA:97,0
LF:18
LH:0
BRDA:18,0,0,0
BRDA:18,0,1,0
BRDA:26,1,0,0
BRDA:26,1,1,0
BRDA:60,2,0,0
BRDA:60,2,1,0
BRF:6
BRH:0
end_of_record
TN:
SF:app/components/shared/EditBillingInfoModal.js
FN:10,EditBillingInfoModal
FN:52,(anonymous_1)
FN:60,(anonymous_2)
FN:68,(anonymous_3)
FNF:4
FNH:0
FNDA:0,EditBillingInfoModal
FNDA:0,(anonymous_1)
FNDA:0,(anonymous_2)
FNDA:0,(anonymous_3)
DA:17,0
DA:19,0
DA:47,0
DA:60,0
DA:68,0
DA:81,0
LF:6
LH:0
BRDA:17,0,0,0
BRDA:17,0,1,0
BRF:2
BRH:0
end_of_record
TN:
SF:app/components/shared/EditContactInfoModal.js
FN:21,EditContactInfoModal
FN:47,(anonymous_1)
FN:61,(anonymous_2)
FN:77,(anonymous_3)
FN:87,(anonymous_4)
FN:103,(anonymous_5)
FN:167,(anonymous_6)
FN:195,(anonymous_7)
FN:201,(anonymous_8)
FN:328,(anonymous_9)
FNF:10
FNH:0
FNDA:0,EditContactInfoModal
FNDA:0,(anonymous_1)
FNDA:0,(anonymous_2)
FNDA:0,(anonymous_3)
FNDA:0,(anonymous_4)
FNDA:0,(anonymous_5)
FNDA:0,(anonymous_6)
FNDA:0,(anonymous_7)
FNDA:0,(anonymous_8)
FNDA:0,(anonymous_9)
DA:28,0
DA:30,0
DA:33,0
DA:35,0
DA:36,0
DA:47,0
DA:48,0
DA:61,0
DA:62,0
DA:77,0
DA:78,0
DA:79,0
DA:80,0
DA:82,0
DA:83,0
DA:87,0
DA:88,0
DA:89,0
DA:90,0
DA:92,0
DA:93,0
DA:97,0
DA:98,0
DA:100,0
DA:103,0
DA:105,0
DA:106,0
DA:110,0
DA:111,0
DA:112,0
DA:113,0
DA:114,0
DA:115,0
DA:118,0
DA:119,0
DA:123,0
DA:124,0
DA:125,0
DA:126,0
DA:127,0
DA:128,0
DA:131,0
DA:132,0
DA:135,0
DA:136,0
DA:137,0
DA:138,0
DA:139,0
DA:140,0
DA:141,0
DA:142,0
DA:143,0
DA:144,0
DA:145,0
DA:155,0
DA:157,0
DA:158,0
DA:162,0
DA:196,0
DA:202,0
DA:328,0
DA:353,0
LF:62
LH:0
BRDA:28,0,0,0
BRDA:28,0,1,0
BRDA:30,1,0,0
BRDA:30,1,1,0
BRDA:80,2,0,0
BRDA:80,2,1,0
BRDA:90,3,0,0
BRDA:90,3,1,0
BRDA:97,4,0,0
BRDA:97,4,1,0
BRDA:105,5,0,0
BRDA:105,5,1,0
BRDA:110,6,0,0
BRDA:110,6,1,0
BRDA:113,7,0,0
BRDA:113,7,1,0
BRDA:123,8,0,0
BRDA:123,8,1,0
BRDA:126,9,0,0
BRDA:126,9,1,0
BRDA:138,10,0,0
BRDA:138,10,1,0
BRDA:139,11,0,0
BRDA:139,11,1,0
BRDA:140,12,0,0
BRDA:140,12,1,0
BRDA:141,13,0,0
BRDA:141,13,1,0
BRDA:142,14,0,0
BRDA:142,14,1,0
BRDA:144,15,0,0
BRDA:144,15,1,0
BRDA:175,16,0,0
BRDA:175,16,1,0
BRDA:179,17,0,0
BRDA:179,17,1,0
BRDA:196,18,0,0
BRDA:196,18,1,0
BRDA:221,19,0,0
BRDA:221,19,1,0
BRDA:221,19,2,0
BRDA:240,20,0,0
BRDA:240,20,1,0
BRDA:240,20,2,0
BRDA:247,21,0,0
BRDA:247,21,1,0
BRF:46
BRH:0
end_of_record
TN:
SF:app/components/shared/ErrorBoundary.js
FN:5,(anonymous_0)
FN:10,(anonymous_1)
FN:15,(anonymous_2)
FN:27,(anonymous_3)
FN:31,(anonymous_4)
FN:40,(anonymous_5)
FN:50,(anonymous_6)
FNF:7
FNH:4
FNDA:12,(anonymous_0)
FNDA:12,(anonymous_1)
FNDA:6,(anonymous_2)
FNDA:0,(anonymous_3)
FNDA:0,(anonymous_4)
FNDA:0,(anonymous_5)
FNDA:32,(anonymous_6)
DA:6,12
DA:7,12
DA:12,12
DA:16,6
DA:18,6
DA:27,12
DA:28,0
DA:31,12
DA:32,0
DA:33,0
DA:42,0
DA:43,0
DA:51,32
DA:52,18
DA:80,14
DA:84,1
LF:16
LH:11
BRDA:51,0,0,18
BRDA:51,0,1,14
BRDA:70,1,0,18
BRDA:70,1,1,18
BRF:4
BRH:4
end_of_record
TN:
SF:app/components/shared/GeneralHeader.js
FN:10,GeneralHeader
FNF:1
FNH:0
FNDA:0,GeneralHeader
DA:11,0
DA:13,0
DA:57,0
LF:3
LH:0
BRDA:22,0,0,0
BRDA:22,0,1,0
BRF:2
BRH:0
end_of_record
TN:
SF:app/components/shared/LogOutButton.js
FN:7,LogOutButton
FN:10,(anonymous_1)
FNF:2
FNH:0
FNDA:0,LogOutButton
FNDA:0,(anonymous_1)
DA:8,0
DA:10,0
DA:12,0
DA:14,0
DA:16,0
DA:19,0
DA:28,0
LF:7
LH:0
BRDA:7,0,0,0
BRDA:12,1,0,0
BRDA:12,1,1,0
BRF:3
BRH:0
end_of_record
TN:
SF:app/components/shared/PastAppointmentModal.js
FN:23,PastAppointmentModal
FN:32,(anonymous_1)
FN:38,(anonymous_2)
FN:47,(anonymous_3)
FN:59,(anonymous_4)
FN:72,(anonymous_5)
FN:78,(anonymous_6)
FN:98,(anonymous_7)
FN:120,(anonymous_8)
FN:144,(anonymous_9)
FNF:10
FNH:0
FNDA:0,PastAppointmentModal
FNDA:0,(anonymous_1)
FNDA:0,(anonymous_2)
FNDA:0,(anonymous_3)
FNDA:0,(anonymous_4)
FNDA:0,(anonymous_5)
FNDA:0,(anonymous_6)
FNDA:0,(anonymous_7)
FNDA:0,(anonymous_8)
FNDA:0,(anonymous_9)
DA:24,0
DA:25,0
DA:26,0
DA:28,0
DA:30,0
DA:32,0
DA:33,0
DA:39,0
DA:48,0
DA:59,0
DA:60,0
DA:73,0
DA:74,0
DA:79,0
DA:99,0
DA:120,0
DA:121,0
DA:122,0
DA:127,0
DA:128,0
DA:129,0
DA:132,0
DA:134,0
DA:135,0
DA:139,0
DA:158,0
LF:26
LH:0
BRDA:24,0,0,0
BRDA:24,0,1,0
BRDA:73,1,0,0
BRDA:73,1,1,0
BRDA:128,2,0,0
BRDA:128,2,1,0
BRDA:149,3,0,0
BRDA:149,3,1,0
BRDA:150,4,0,0
BRDA:150,4,1,0
BRF:10
BRH:0
end_of_record
TN:
SF:app/components/shared/ProfilePictureUpload.js
FN:8,ProfilePictureUpload
FN:11,(anonymous_1)
FNF:2
FNH:0
FNDA:0,ProfilePictureUpload
FNDA:0,(anonymous_1)
DA:11,0
DA:12,0
DA:16,0
DA:18,0
DA:19,0
DA:22,0
DA:23,0
DA:28,0
DA:65,0
LF:9
LH:0
BRDA:18,0,0,0
BRDA:18,0,1,0
BRDA:35,1,0,0
BRDA:35,1,1,0
BRDA:37,2,0,0
BRDA:37,2,1,0
BRF:6
BRH:0
end_of_record
TN:
SF:app/components/shared/ProfilePictureUploadModal.js
FN:24,ProfilePictureUploadModal
FN:38,(anonymous_1)
FN:51,(anonymous_2)
FN:68,(anonymous_3)
FN:86,(anonymous_4)
FN:93,(anonymous_5)
FNF:6
FNH:0
FNDA:0,ProfilePictureUploadModal
FNDA:0,(anonymous_1)
FNDA:0,(anonymous_2)
FNDA:0,(anonymous_3)
FNDA:0,(anonymous_4)
FNDA:0,(anonymous_5)
DA:30,0
DA:31,0
DA:32,0
DA:33,0
DA:36,0
DA:38,0
DA:39,0
DA:40,0
DA:41,0
DA:42,0
DA:43,0
DA:44,0
DA:45,0
DA:46,0
DA:47,0
DA:49,0
DA:50,0
DA:51,0
DA:52,0
DA:54,0
DA:56,0
DA:59,0
DA:63,0
DA:86,0
DA:93,0
DA:107,0
LF:26
LH:0
BRDA:30,0,0,0
BRDA:30,0,1,0
BRDA:39,1,0,0
BRDA:39,1,1,0
BRDA:46,2,0,0
BRDA:46,2,1,0
BRDA:49,3,0,0
BRDA:49,3,1,0
BRDA:74,4,0,0
BRDA:74,4,1,0
BRDA:74,4,2,0
BRDA:90,5,0,0
BRDA:90,5,1,0
BRF:13
BRH:0
end_of_record
TN:
SF:app/components/shared/TermsAndConditions.js
FN:4,TermsAndConditions
FNF:1
FNH:0
FNDA:0,TermsAndConditions
DA:5,0
DA:1403,0
LF:2
LH:0
BRF:0
BRH:0
end_of_record
TN:
SF:app/components/shared/UpcomingAppointmentModal.js
FN:17,UpcomingAppointmentModal
FN:38,(anonymous_1)
FN:53,(anonymous_2)
FN:61,(anonymous_3)
FN:82,(anonymous_4)
FN:93,(anonymous_5)
FN:117,(anonymous_6)
FN:128,(anonymous_7)
FN:136,(anonymous_8)
FN:145,(anonymous_9)
FN:155,(anonymous_10)
FN:164,(anonymous_11)
FN:173,(anonymous_12)
FN:185,(anonymous_13)
FN:195,(anonymous_14)
FN:205,(anonymous_15)
FN:213,(anonymous_16)
FN:228,(anonymous_17)
FNF:18
FNH:0
FNDA:0,UpcomingAppointmentModal
FNDA:0,(anonymous_1)
FNDA:0,(anonymous_2)
FNDA:0,(anonymous_3)
FNDA:0,(anonymous_4)
FNDA:0,(anonymous_5)
FNDA:0,(anonymous_6)
FNDA:0,(anonymous_7)
FNDA:0,(anonymous_8)
FNDA:0,(anonymous_9)
FNDA:0,(anonymous_10)
FNDA:0,(anonymous_11)
FNDA:0,(anonymous_12)
FNDA:0,(anonymous_13)
FNDA:0,(anonymous_14)
FNDA:0,(anonymous_15)
FNDA:0,(anonymous_16)
FNDA:0,(anonymous_17)
DA:24,0
DA:25,0
DA:28,0
DA:30,0
DA:32,0
DA:34,0
DA:36,0
DA:38,0
DA:39,0
DA:40,0
DA:41,0
DA:42,0
DA:44,0
DA:46,0
DA:47,0
DA:48,0
DA:50,0
DA:53,0
DA:54,0
DA:57,0
DA:61,0
DA:62,0
DA:83,0
DA:94,0
DA:118,0
DA:128,0
DA:129,0
DA:137,0
DA:146,0
DA:155,0
DA:156,0
DA:165,0
DA:174,0
DA:185,0
DA:186,0
DA:196,0
DA:205,0
DA:206,0
DA:214,0
DA:223,0
DA:243,0
LF:41
LH:0
BRDA:22,0,0,0
BRDA:24,1,0,0
BRDA:24,1,1,0
BRDA:41,2,0,0
BRDA:41,2,1,0
BRDA:46,3,0,0
BRDA:46,3,1,0
BRDA:47,4,0,0
BRDA:47,4,1,0
BRDA:64,5,0,0
BRDA:64,5,1,0
BRDA:89,6,0,0
BRDA:89,6,1,0
BRDA:89,7,0,0
BRDA:89,7,1,0
BRDA:114,8,0,0
BRDA:114,8,1,0
BRDA:131,9,0,0
BRDA:131,9,1,0
BRDA:188,10,0,0
BRDA:188,10,1,0
BRDA:232,11,0,0
BRDA:232,11,1,0
BRDA:233,12,0,0
BRDA:233,12,1,0
BRDA:234,13,0,0
BRDA:234,13,1,0
BRDA:235,14,0,0
BRDA:235,14,1,0
BRDA:236,15,0,0
BRDA:236,15,1,0
BRF:31
BRH:0
end_of_record
TN:
SF:app/components/therapist/TherapistAppointmentDeclineModal.js
FN:22,(anonymous_0)
FN:38,(anonymous_1)
FN:42,(anonymous_2)
FN:52,(anonymous_3)
FN:77,(anonymous_4)
FN:87,(anonymous_5)
FN:91,(anonymous_6)
FN:100,(anonymous_7)
FN:105,(anonymous_8)
FN:115,(anonymous_9)
FN:120,(anonymous_10)
FN:158,(anonymous_11)
FN:161,(anonymous_12)
FN:185,(anonymous_13)
FN:193,(anonymous_14)
FN:213,(anonymous_15)
FNF:16
FNH:0
FNDA:0,(anonymous_0)
FNDA:0,(anonymous_1)
FNDA:0,(anonymous_2)
FNDA:0,(anonymous_3)
FNDA:0,(anonymous_4)
FNDA:0,(anonymous_5)
FNDA:0,(anonymous_6)
FNDA:0,(anonymous_7)
FNDA:0,(anonymous_8)
FNDA:0,(anonymous_9)
FNDA:0,(anonymous_10)
FNDA:0,(anonymous_11)
FNDA:0,(anonymous_12)
FNDA:0,(anonymous_13)
FNDA:0,(anonymous_14)
FNDA:0,(anonymous_15)
DA:20,0
DA:22,0
DA:27,0
DA:28,0
DA:30,0
DA:32,0
DA:38,0
DA:39,0
DA:42,0
DA:43,0
DA:44,0
DA:46,0
DA:47,0
DA:48,0
DA:56,0
DA:57,0
DA:59,0
DA:63,0
DA:64,0
DA:65,0
DA:66,0
DA:70,0
DA:72,0
DA:77,0
DA:79,0
DA:84,0
DA:87,0
DA:88,0
DA:91,0
DA:92,0
DA:93,0
DA:100,0
DA:101,0
DA:106,0
DA:110,0
DA:115,0
DA:127,0
DA:159,0
DA:162,0
DA:163,0
DA:186,0
DA:194,0
DA:213,0
DA:227,0
LF:44
LH:0
BRDA:47,0,0,0
BRDA:47,0,1,0
BRDA:56,1,0,0
BRDA:56,1,1,0
BRDA:63,2,0,0
BRDA:63,2,1,0
BRDA:64,3,0,0
BRDA:64,3,1,0
BRDA:143,4,0,0
BRDA:143,4,1,0
BRDA:174,5,0,0
BRDA:174,5,1,0
BRF:12
BRH:0
end_of_record
TN:
SF:app/components/therapist/TherapistAvailability.js
FN:16,TherapistAvailability
FN:21,(anonymous_1)
FN:53,(anonymous_2)
FN:59,(anonymous_3)
FN:63,(anonymous_4)
FNF:5
FNH:0
FNDA:0,TherapistAvailability
FNDA:0,(anonymous_1)
FNDA:0,(anonymous_2)
FNDA:0,(anonymous_3)
FNDA:0,(anonymous_4)
DA:17,0
DA:19,0
DA:21,0
DA:22,0
DA:51,0
DA:53,0
DA:54,0
DA:58,0
DA:59,0
DA:63,0
DA:65,0
DA:68,0
DA:97,0
LF:13
LH:0
BRDA:22,0,0,0
BRDA:22,0,1,0
BRDA:58,1,0,0
BRDA:58,1,1,0
BRF:4
BRH:0
end_of_record
TN:
SF:app/components/therapist/TherapistBusinessHours.js
FN:21,TherapistBusinessHours
FN:29,(anonymous_1)
FN:59,(anonymous_2)
FN:63,(anonymous_3)
FN:67,(anonymous_4)
FN:71,(anonymous_5)
FN:79,(anonymous_6)
FN:87,(anonymous_7)
FN:95,(anonymous_8)
FN:103,(anonymous_9)
FN:111,(anonymous_10)
FN:119,(anonymous_11)
FN:130,(anonymous_12)
FN:134,(anonymous_13)
FN:138,(anonymous_14)
FN:142,(anonymous_15)
FN:146,(anonymous_16)
FN:150,(anonymous_17)
FN:154,(anonymous_18)
FN:158,(anonymous_19)
FN:259,(anonymous_20)
FN:299,(anonymous_21)
FN:367,(anonymous_22)
FN:420,(anonymous_23)
FN:434,(anonymous_24)
FN:440,(anonymous_25)
FN:453,(anonymous_26)
FN:489,(anonymous_27)
FN:500,(anonymous_28)
FN:509,(anonymous_29)
FN:516,(anonymous_30)
FN:538,(anonymous_31)
FN:553,(anonymous_32)
FN:570,(anonymous_33)
FN:589,(anonymous_34)
FN:598,(anonymous_35)
FN:605,(anonymous_36)
FN:627,(anonymous_37)
FN:641,(anonymous_38)
FN:659,(anonymous_39)
FN:677,(anonymous_40)
FN:686,(anonymous_41)
FN:693,(anonymous_42)
FN:715,(anonymous_43)
FN:729,(anonymous_44)
FN:748,(anonymous_45)
FN:766,(anonymous_46)
FN:775,(anonymous_47)
FN:782,(anonymous_48)
FN:804,(anonymous_49)
FN:818,(anonymous_50)
FN:835,(anonymous_51)
FN:853,(anonymous_52)
FN:862,(anonymous_53)
FN:869,(anonymous_54)
FN:891,(anonymous_55)
FN:905,(anonymous_56)
FN:923,(anonymous_57)
FN:941,(anonymous_58)
FN:950,(anonymous_59)
FN:957,(anonymous_60)
FN:979,(anonymous_61)
FN:993,(anonymous_62)
FN:1011,(anonymous_63)
FN:1029,(anonymous_64)
FN:1038,(anonymous_65)
FN:1045,(anonymous_66)
FN:1067,(anonymous_67)
FN:1081,(anonymous_68)
FN:1098,(anonymous_69)
FNF:70
FNH:0
FNDA:0,TherapistBusinessHours
FNDA:0,(anonymous_1)
FNDA:0,(anonymous_2)
FNDA:0,(anonymous_3)
FNDA:0,(anonymous_4)
FNDA:0,(anonymous_5)
FNDA:0,(anonymous_6)
FNDA:0,(anonymous_7)
FNDA:0,(anonymous_8)
FNDA:0,(anonymous_9)
FNDA:0,(anonymous_10)
FNDA:0,(anonymous_11)
FNDA:0,(anonymous_12)
FNDA:0,(anonymous_13)
FNDA:0,(anonymous_14)
FNDA:0,(anonymous_15)
FNDA:0,(anonymous_16)
FNDA:0,(anonymous_17)
FNDA:0,(anonymous_18)
FNDA:0,(anonymous_19)
FNDA:0,(anonymous_20)
FNDA:0,(anonymous_21)
FNDA:0,(anonymous_22)
FNDA:0,(anonymous_23)
FNDA:0,(anonymous_24)
FNDA:0,(anonymous_25)
FNDA:0,(anonymous_26)
FNDA:0,(anonymous_27)
FNDA:0,(anonymous_28)
FNDA:0,(anonymous_29)
FNDA:0,(anonymous_30)
FNDA:0,(anonymous_31)
FNDA:0,(anonymous_32)
FNDA:0,(anonymous_33)
FNDA:0,(anonymous_34)
FNDA:0,(anonymous_35)
FNDA:0,(anonymous_36)
FNDA:0,(anonymous_37)
FNDA:0,(anonymous_38)
FNDA:0,(anonymous_39)
FNDA:0,(anonymous_40)
FNDA:0,(anonymous_41)
FNDA:0,(anonymous_42)
FNDA:0,(anonymous_43)
FNDA:0,(anonymous_44)
FNDA:0,(anonymous_45)
FNDA:0,(anonymous_46)
FNDA:0,(anonymous_47)
FNDA:0,(anonymous_48)
FNDA:0,(anonymous_49)
FNDA:0,(anonymous_50)
FNDA:0,(anonymous_51)
FNDA:0,(anonymous_52)
FNDA:0,(anonymous_53)
FNDA:0,(anonymous_54)
FNDA:0,(anonymous_55)
FNDA:0,(anonymous_56)
FNDA:0,(anonymous_57)
FNDA:0,(anonymous_58)
FNDA:0,(anonymous_59)
FNDA:0,(anonymous_60)
FNDA:0,(anonymous_61)
FNDA:0,(anonymous_62)
FNDA:0,(anonymous_63)
FNDA:0,(anonymous_64)
FNDA:0,(anonymous_65)
FNDA:0,(anonymous_66)
FNDA:0,(anonymous_67)
FNDA:0,(anonymous_68)
FNDA:0,(anonymous_69)
DA:22,0
DA:24,0
DA:25,0
DA:26,0
DA:27,0
DA:29,0
DA:31,0
DA:34,0
DA:35,0
DA:38,0
DA:41,0
DA:42,0
DA:43,0
DA:44,0
DA:45,0
DA:46,0
DA:47,0
DA:48,0
DA:50,0
DA:51,0
DA:52,0
DA:53,0
DA:54,0
DA:55,0
DA:56,0
DA:59,0
DA:60,0
DA:63,0
DA:67,0
DA:68,0
DA:69,0
DA:71,0
DA:72,0
DA:77,0
DA:79,0
DA:80,0
DA:85,0
DA:87,0
DA:88,0
DA:93,0
DA:95,0
DA:96,0
DA:101,0
DA:103,0
DA:104,0
DA:109,0
DA:111,0
DA:112,0
DA:117,0
DA:119,0
DA:120,0
DA:125,0
DA:127,0
DA:130,0
DA:131,0
DA:134,0
DA:135,0
DA:138,0
DA:139,0
DA:142,0
DA:143,0
DA:146,0
DA:147,0
DA:150,0
DA:151,0
DA:154,0
DA:155,0
DA:158,0
DA:159,0
DA:162,0
DA:163,0
DA:165,0
DA:166,0
DA:171,0
DA:172,0
DA:175,0
DA:176,0
DA:178,0
DA:179,0
DA:184,0
DA:185,0
DA:188,0
DA:191,0
DA:193,0
DA:194,0
DA:199,0
DA:203,0
DA:206,0
DA:207,0
DA:209,0
DA:210,0
DA:215,0
DA:216,0
DA:219,0
DA:220,0
DA:222,0
DA:223,0
DA:228,0
DA:229,0
DA:232,0
DA:233,0
DA:235,0
DA:236,0
DA:241,0
DA:242,0
DA:245,0
DA:246,0
DA:248,0
DA:249,0
DA:254,0
DA:255,0
DA:259,0
DA:260,0
DA:262,0
DA:263,0
DA:264,0
DA:265,0
DA:267,0
DA:268,0
DA:269,0
DA:270,0
DA:272,0
DA:273,0
DA:274,0
DA:275,0
DA:277,0
DA:278,0
DA:279,0
DA:280,0
DA:282,0
DA:283,0
DA:284,0
DA:285,0
DA:287,0
DA:288,0
DA:289,0
DA:290,0
DA:292,0
DA:293,0
DA:294,0
DA:295,0
DA:299,0
DA:300,0
DA:302,0
DA:304,0
DA:305,0
DA:307,0
DA:309,0
DA:311,0
DA:313,0
DA:314,0
DA:316,0
DA:318,0
DA:320,0
DA:322,0
DA:323,0
DA:325,0
DA:327,0
DA:329,0
DA:331,0
DA:332,0
DA:334,0
DA:336,0
DA:338,0
DA:340,0
DA:341,0
DA:343,0
DA:345,0
DA:347,0
DA:349,0
DA:350,0
DA:352,0
DA:354,0
DA:356,0
DA:358,0
DA:359,0
DA:361,0
DA:363,0
DA:367,0
DA:375,0
DA:376,0
DA:378,0
DA:379,0
DA:380,0
DA:381,0
DA:384,0
DA:385,0
DA:386,0
DA:387,0
DA:389,0
DA:390,0
DA:391,0
DA:392,0
DA:395,0
DA:396,0
DA:397,0
DA:398,0
DA:401,0
DA:402,0
DA:403,0
DA:404,0
DA:407,0
DA:408,0
DA:409,0
DA:410,0
DA:413,0
DA:414,0
DA:415,0
DA:416,0
DA:420,0
DA:421,0
DA:422,0
DA:423,0
DA:425,0
DA:426,0
DA:428,0
DA:431,0
DA:434,0
DA:435,0
DA:436,0
DA:437,0
DA:440,0
DA:441,0
DA:447,0
DA:449,0
DA:453,0
DA:454,0
DA:455,0
DA:456,0
DA:457,0
DA:459,0
DA:461,0
DA:473,0
DA:490,0
DA:501,0
DA:502,0
DA:510,0
DA:517,0
DA:539,0
DA:554,0
DA:571,0
DA:590,0
DA:591,0
DA:599,0
DA:606,0
DA:628,0
DA:642,0
DA:660,0
DA:678,0
DA:679,0
DA:687,0
DA:694,0
DA:716,0
DA:730,0
DA:749,0
DA:767,0
DA:768,0
DA:776,0
DA:783,0
DA:805,0
DA:819,0
DA:836,0
DA:854,0
DA:855,0
DA:863,0
DA:870,0
DA:892,0
DA:906,0
DA:924,0
DA:942,0
DA:943,0
DA:951,0
DA:958,0
DA:980,0
DA:994,0
DA:1012,0
DA:1030,0
DA:1031,0
DA:1039,0
DA:1046,0
DA:1068,0
DA:1082,0
DA:1099,0
DA:1120,0
LF:284
LH:0
BRDA:60,0,0,0
BRDA:60,0,1,0
BRDA:69,1,0,0
BRDA:69,1,1,0
BRDA:69,1,2,0
BRDA:69,1,3,0
BRDA:69,1,4,0
BRDA:69,1,5,0
BRDA:69,1,6,0
BRDA:159,2,0,0
BRDA:159,2,1,0
BRDA:159,2,2,0
BRDA:159,2,3,0
BRDA:159,2,4,0
BRDA:159,2,5,0
BRDA:159,2,6,0
BRDA:167,3,0,0
BRDA:167,3,1,0
BRDA:180,4,0,0
BRDA:180,4,1,0
BRDA:195,5,0,0
BRDA:195,5,1,0
BRDA:211,6,0,0
BRDA:211,6,1,0
BRDA:224,7,0,0
BRDA:224,7,1,0
BRDA:237,8,0,0
BRDA:237,8,1,0
BRDA:250,9,0,0
BRDA:250,9,1,0
BRDA:260,10,0,0
BRDA:260,10,1,0
BRDA:260,10,2,0
BRDA:260,10,3,0
BRDA:260,10,4,0
BRDA:260,10,5,0
BRDA:260,10,6,0
BRDA:300,11,0,0
BRDA:300,11,1,0
BRDA:300,11,2,0
BRDA:300,11,3,0
BRDA:300,11,4,0
BRDA:300,11,5,0
BRDA:300,11,6,0
BRDA:302,12,0,0
BRDA:302,12,1,0
BRDA:311,13,0,0
BRDA:311,13,1,0
BRDA:320,14,0,0
BRDA:320,14,1,0
BRDA:329,15,0,0
BRDA:329,15,1,0
BRDA:338,16,0,0
BRDA:338,16,1,0
BRDA:347,17,0,0
BRDA:347,17,1,0
BRDA:356,18,0,0
BRDA:356,18,1,0
BRDA:376,19,0,0
BRDA:376,19,1,0
BRDA:376,19,2,0
BRDA:376,19,3,0
BRDA:376,19,4,0
BRDA:376,19,5,0
BRDA:376,19,6,0
BRDA:422,20,0,0
BRDA:422,20,1,0
BRDA:422,21,0,0
BRDA:422,21,1,0
BRDA:425,22,0,0
BRDA:425,22,1,0
BRDA:455,23,0,0
BRDA:455,23,1,0
BRDA:457,24,0,0
BRDA:457,24,1,0
BRDA:508,25,0,0
BRDA:508,25,1,0
BRDA:527,26,0,0
BRDA:527,26,1,0
BRDA:551,27,0,0
BRDA:551,27,1,0
BRDA:564,28,0,0
BRDA:564,28,1,0
BRDA:564,28,2,0
BRDA:564,28,3,0
BRDA:597,29,0,0
BRDA:597,29,1,0
BRDA:616,30,0,0
BRDA:616,30,1,0
BRDA:639,31,0,0
BRDA:639,31,1,0
BRDA:653,32,0,0
BRDA:653,32,1,0
BRDA:653,32,2,0
BRDA:653,32,3,0
BRDA:685,33,0,0
BRDA:685,33,1,0
BRDA:704,34,0,0
BRDA:704,34,1,0
BRDA:727,35,0,0
BRDA:727,35,1,0
BRDA:740,36,0,0
BRDA:740,36,1,0
BRDA:740,36,2,0
BRDA:740,36,3,0
BRDA:774,37,0,0
BRDA:774,37,1,0
BRDA:793,38,0,0
BRDA:793,38,1,0
BRDA:816,39,0,0
BRDA:816,39,1,0
BRDA:829,40,0,0
BRDA:829,40,1,0
BRDA:829,40,2,0
BRDA:829,40,3,0
BRDA:861,41,0,0
BRDA:861,41,1,0
BRDA:880,42,0,0
BRDA:880,42,1,0
BRDA:903,43,0,0
BRDA:903,43,1,0
BRDA:917,44,0,0
BRDA:917,44,1,0
BRDA:917,44,2,0
BRDA:917,44,3,0
BRDA:949,45,0,0
BRDA:949,45,1,0
BRDA:968,46,0,0
BRDA:968,46,1,0
BRDA:991,47,0,0
BRDA:991,47,1,0
BRDA:1005,48,0,0
BRDA:1005,48,1,0
BRDA:1005,48,2,0
BRDA:1005,48,3,0
BRDA:1037,49,0,0
BRDA:1037,49,1,0
BRDA:1056,50,0,0
BRDA:1056,50,1,0
BRDA:1079,51,0,0
BRDA:1079,51,1,0
BRDA:1092,52,0,0
BRDA:1092,52,1,0
BRDA:1092,52,2,0
BRDA:1092,52,3,0
BRF:145
BRH:0
end_of_record
TN:
SF:app/components/therapist/TherapistEditBusinessHoursModal.js
FN:21,TherapistEditBusinessHoursModal
FN:41,(anonymous_1)
FN:59,(anonymous_2)
FN:70,(anonymous_3)
FNF:4
FNH:0
FNDA:0,TherapistEditBusinessHoursModal
FNDA:0,(anonymous_1)
FNDA:0,(anonymous_2)
FNDA:0,(anonymous_3)
DA:27,0
DA:29,0
DA:31,0
DA:32,0
DA:34,0
DA:37,0
DA:41,0
DA:42,0
DA:43,0
DA:47,0
DA:48,0
DA:50,0
DA:54,0
DA:71,0
DA:87,0
LF:15
LH:0
BRDA:27,0,0,0
BRDA:27,0,1,0
BRDA:47,1,0,0
BRDA:47,1,1,0
BRF:4
BRH:0
end_of_record
TN:
SF:app/components/therapist/TherapistEditServicesModal.js
FN:33,TherapistEditServicesModal
FN:44,(anonymous_1)
FN:71,(anonymous_2)
FN:133,(anonymous_3)
FN:138,(anonymous_4)
FN:154,(anonymous_5)
FN:158,(anonymous_6)
FN:163,(anonymous_7)
FN:172,(anonymous_8)
FN:177,(anonymous_9)
FN:182,(anonymous_10)
FN:191,(anonymous_11)
FN:196,(anonymous_12)
FN:201,(anonymous_13)
FN:231,(anonymous_14)
FN:234,(anonymous_15)
FN:333,(anonymous_16)
FN:345,(anonymous_17)
FN:465,(anonymous_18)
FN:468,(anonymous_19)
FN:519,(anonymous_20)
FN:525,(anonymous_21)
FN:534,(anonymous_22)
FN:569,(anonymous_23)
FN:591,(anonymous_24)
FN:619,(anonymous_25)
FN:622,(anonymous_26)
FN:626,(anonymous_27)
FN:647,(anonymous_28)
FN:682,(anonymous_29)
FNF:30
FNH:0
FNDA:0,TherapistEditServicesModal
FNDA:0,(anonymous_1)
FNDA:0,(anonymous_2)
FNDA:0,(anonymous_3)
FNDA:0,(anonymous_4)
FNDA:0,(anonymous_5)
FNDA:0,(anonymous_6)
FNDA:0,(anonymous_7)
FNDA:0,(anonymous_8)
FNDA:0,(anonymous_9)
FNDA:0,(anonymous_10)
FNDA:0,(anonymous_11)
FNDA:0,(anonymous_12)
FNDA:0,(anonymous_13)
FNDA:0,(anonymous_14)
FNDA:0,(anonymous_15)
FNDA:0,(anonymous_16)
FNDA:0,(anonymous_17)
FNDA:0,(anonymous_18)
FNDA:0,(anonymous_19)
FNDA:0,(anonymous_20)
FNDA:0,(anonymous_21)
FNDA:0,(anonymous_22)
FNDA:0,(anonymous_23)
FNDA:0,(anonymous_24)
FNDA:0,(anonymous_25)
FNDA:0,(anonymous_26)
FNDA:0,(anonymous_27)
FNDA:0,(anonymous_28)
FNDA:0,(anonymous_29)
DA:29,0
DA:30,0
DA:31,0
DA:34,0
DA:36,0
DA:37,0
DA:38,0
DA:39,0
DA:40,0
DA:42,0
DA:44,0
DA:45,0
DA:49,0
DA:51,0
DA:66,0
DA:67,0
DA:69,0
DA:71,0
DA:72,0
DA:83,0
DA:133,0
DA:134,0
DA:135,0
DA:138,0
DA:139,0
DA:140,0
DA:141,0
DA:143,0
DA:155,0
DA:156,0
DA:159,0
DA:163,0
DA:164,0
DA:165,0
DA:172,0
DA:173,0
DA:178,0
DA:182,0
DA:183,0
DA:184,0
DA:191,0
DA:192,0
DA:197,0
DA:201,0
DA:202,0
DA:232,0
DA:235,0
DA:236,0
DA:334,0
DA:346,0
DA:466,0
DA:469,0
DA:470,0
DA:519,0
DA:525,0
DA:534,0
DA:536,0
DA:569,0
DA:586,0
DA:620,0
DA:621,0
DA:623,0
DA:624,0
DA:627,0
DA:628,0
DA:631,0
DA:636,0
DA:637,0
DA:648,0
DA:649,0
DA:653,0
DA:654,0
DA:657,0
DA:659,0
DA:661,0
DA:668,0
DA:669,0
DA:673,0
DA:674,0
DA:675,0
DA:677,0
DA:683,0
DA:699,0
LF:83
LH:0
BRDA:34,0,0,0
BRDA:34,0,1,0
BRDA:66,1,0,0
BRDA:66,1,1,0
BRDA:73,2,0,0
BRDA:73,2,1,0
BRDA:73,2,2,0
BRDA:73,2,3,0
BRDA:73,2,4,0
BRDA:73,2,5,0
BRDA:73,2,6,0
BRDA:139,3,0,0
BRDA:139,3,1,0
BRDA:139,4,0,0
BRDA:139,4,1,0
BRDA:214,5,0,0
BRDA:214,5,1,0
BRDA:215,6,0,0
BRDA:215,6,1,0
BRDA:247,7,0,0
BRDA:247,7,1,0
BRDA:247,7,2,0
BRDA:269,8,0,0
BRDA:269,8,1,0
BRDA:269,8,2,0
BRDA:294,9,0,0
BRDA:294,9,1,0
BRDA:294,9,2,0
BRDA:315,10,0,0
BRDA:315,10,1,0
BRDA:326,11,0,0
BRDA:326,11,1,0
BRDA:326,11,2,0
BRDA:355,12,0,0
BRDA:355,12,1,0
BRDA:355,13,0,0
BRDA:355,13,1,0
BRDA:355,13,2,0
BRDA:366,14,0,0
BRDA:366,14,1,0
BRDA:388,15,0,0
BRDA:388,15,1,0
BRDA:388,15,2,0
BRDA:402,16,0,0
BRDA:402,16,1,0
BRDA:402,16,2,0
BRDA:425,17,0,0
BRDA:425,17,1,0
BRDA:425,17,2,0
BRDA:450,18,0,0
BRDA:450,18,1,0
BRDA:481,19,0,0
BRDA:481,19,1,0
BRDA:481,19,2,0
BRDA:508,20,0,0
BRDA:508,20,1,0
BRDA:512,21,0,0
BRDA:512,21,1,0
BRDA:557,22,0,0
BRDA:557,22,1,0
BRDA:557,22,2,0
BRDA:613,23,0,0
BRDA:613,23,1,0
BRDA:616,24,0,0
BRDA:616,24,1,0
BRDA:636,25,0,0
BRDA:636,25,1,0
BRDA:653,26,0,0
BRDA:653,26,1,0
BRDA:673,27,0,0
BRDA:673,27,1,0
BRDA:684,28,0,0
BRDA:684,28,1,0
BRDA:687,29,0,0
BRDA:687,29,1,0
BRF:75
BRH:0
end_of_record
TN:
SF:app/components/therapist/TherapistEditSubscriptionModal.js
FN:20,TherapistEditSubscriptionModal
FN:49,(anonymous_1)
FN:50,(anonymous_2)
FN:85,(anonymous_3)
FN:100,(anonymous_4)
FN:109,(anonymous_5)
FN:118,(anonymous_6)
FN:128,(anonymous_7)
FN:153,(anonymous_8)
FN:157,(anonymous_9)
FN:198,(anonymous_10)
FN:209,(anonymous_11)
FN:216,(anonymous_12)
FN:245,(anonymous_13)
FN:256,(anonymous_14)
FN:264,(anonymous_15)
FNF:16
FNH:0
FNDA:0,TherapistEditSubscriptionModal
FNDA:0,(anonymous_1)
FNDA:0,(anonymous_2)
FNDA:0,(anonymous_3)
FNDA:0,(anonymous_4)
FNDA:0,(anonymous_5)
FNDA:0,(anonymous_6)
FNDA:0,(anonymous_7)
FNDA:0,(anonymous_8)
FNDA:0,(anonymous_9)
FNDA:0,(anonymous_10)
FNDA:0,(anonymous_11)
FNDA:0,(anonymous_12)
FNDA:0,(anonymous_13)
FNDA:0,(anonymous_14)
FNDA:0,(anonymous_15)
DA:18,0
DA:27,0
DA:28,0
DA:29,0
DA:30,0
DA:31,0
DA:37,0
DA:44,0
DA:49,0
DA:50,0
DA:51,0
DA:52,0
DA:53,0
DA:54,0
DA:58,0
DA:62,0
DA:65,0
DA:67,0
DA:72,0
DA:73,0
DA:75,0
DA:76,0
DA:79,0
DA:82,0
DA:85,0
DA:88,0
DA:100,0
DA:103,0
DA:104,0
DA:107,0
DA:108,0
DA:110,0
DA:111,0
DA:112,0
DA:115,0
DA:117,0
DA:118,0
DA:119,0
DA:120,0
DA:123,0
DA:125,0
DA:129,0
DA:130,0
DA:131,0
DA:136,0
DA:139,0
DA:154,0
DA:158,0
DA:159,0
DA:199,0
DA:210,0
DA:217,0
DA:218,0
DA:246,0
DA:257,0
DA:264,0
DA:284,0
LF:57
LH:0
BRDA:24,0,0,0
BRDA:25,1,0,0
BRDA:53,2,0,0
BRDA:53,2,1,0
BRDA:62,3,0,0
BRDA:62,3,1,0
BRDA:65,4,0,0
BRDA:65,4,1,0
BRDA:68,5,0,0
BRDA:68,5,1,0
BRDA:70,6,0,0
BRDA:70,6,1,0
BRDA:72,7,0,0
BRDA:72,7,1,0
BRDA:75,8,0,0
BRDA:75,8,1,0
BRDA:103,9,0,0
BRDA:103,9,1,0
BRDA:103,10,0,0
BRDA:103,10,1,0
BRDA:110,11,0,0
BRDA:110,11,1,0
BRDA:112,12,0,0
BRDA:112,12,1,0
BRDA:117,13,0,0
BRDA:117,13,1,0
BRDA:143,14,0,0
BRDA:143,14,1,0
BRDA:143,15,0,0
BRDA:143,15,1,0
BRDA:156,16,0,0
BRDA:156,16,1,0
BRDA:168,17,0,0
BRDA:168,17,1,0
BRDA:170,18,0,0
BRDA:170,18,1,0
BRDA:214,19,0,0
BRDA:214,19,1,0
BRDA:226,20,0,0
BRDA:226,20,1,0
BRDA:228,21,0,0
BRDA:228,21,1,0
BRDA:252,22,0,0
BRDA:252,22,1,0
BRDA:263,23,0,0
BRDA:263,23,1,0
BRF:46
BRH:0
end_of_record
TN:
SF:app/components/therapist/TherapistHeader.js
FN:8,TherapistHeader
FNF:1
FNH:0
FNDA:0,TherapistHeader
DA:9,0
DA:11,0
DA:60,0
LF:3
LH:0
BRF:0
BRH:0
end_of_record
TN:
SF:app/components/therapist/TherapistPastCard.js
FN:6,TherapistPastCard
FNF:1
FNH:0
FNDA:0,TherapistPastCard
DA:13,0
DA:14,0
DA:15,0
DA:58,0
LF:4
LH:0
BRF:0
BRH:0
end_of_record
TN:
SF:app/components/therapist/TherapistUpcomingCard.js
FN:6,TherapistUpcomingCard
FNF:1
FNH:0
FNDA:0,TherapistUpcomingCard
DA:18,0
DA:19,0
DA:23,0
DA:31,0
DA:33,0
DA:126,0
LF:6
LH:0
BRDA:19,0,0,0
BRDA:19,0,1,0
BRDA:23,1,0,0
BRDA:23,1,1,0
BRDA:25,2,0,0
BRDA:25,2,1,0
BRDA:27,3,0,0
BRDA:27,3,1,0
BRDA:38,4,0,0
BRDA:38,4,1,0
BRDA:100,5,0,0
BRDA:100,5,1,0
BRDA:117,6,0,0
BRDA:117,6,1,0
BRF:14
BRH:0
end_of_record
TN:
SF:app/components/therapist/TherapistUpcomingPendingCard.js
FN:20,TherapistUpcomingPendingCard
FN:38,(anonymous_1)
FN:57,(anonymous_2)
FN:68,(anonymous_3)
FN:74,(anonymous_4)
FN:79,(anonymous_5)
FNF:6
FNH:0
FNDA:0,TherapistUpcomingPendingCard
FNDA:0,(anonymous_1)
FNDA:0,(anonymous_2)
FNDA:0,(anonymous_3)
FNDA:0,(anonymous_4)
FNDA:0,(anonymous_5)
DA:30,0
DA:31,0
DA:34,0
DA:36,0
DA:38,0
DA:39,0
DA:40,0
DA:41,0
DA:42,0
DA:43,0
DA:44,0
DA:48,0
DA:50,0
DA:53,0
DA:57,0
DA:58,0
DA:68,0
DA:74,0
DA:75,0
DA:76,0
DA:79,0
DA:80,0
DA:83,0
DA:188,0
LF:24
LH:0
BRDA:31,0,0,0
BRDA:31,0,1,0
BRDA:41,1,0,0
BRDA:41,1,1,0
BRDA:42,2,0,0
BRDA:42,2,1,0
BRDA:88,3,0,0
BRDA:88,3,1,0
BRDA:150,4,0,0
BRDA:150,4,1,0
BRF:10
BRH:0
end_of_record
TN:
SF:app/config/colors.js
FNF:0
FNH:0
LF:0
LH:0
BRF:0
BRH:0
end_of_record
TN:
SF:app/lib/error.js
FN:3,(anonymous_0)
FN:21,(anonymous_1)
FNF:2
FNH:0
FNDA:0,(anonymous_0)
FNDA:0,(anonymous_1)
DA:3,0
DA:4,0
DA:5,0
DA:6,0
DA:8,0
DA:9,0
DA:13,0
DA:15,0
DA:21,0
DA:27,0
LF:10
LH:0
BRDA:4,0,0,0
BRDA:4,0,1,0
BRDA:5,1,0,0
BRDA:5,1,1,0
BRDA:5,2,0,0
BRDA:5,2,1,0
BRDA:8,3,0,0
BRDA:8,3,1,0
BRF:8
BRH:0
end_of_record
TN:
SF:app/lib/states.js
FN:114,(anonymous_0)
FN:122,(anonymous_1)
FN:127,(anonymous_2)
FN:134,(anonymous_3)
FN:141,(anonymous_4)
FNF:5
FNH:0
FNDA:0,(anonymous_0)
FNDA:0,(anonymous_1)
FNDA:0,(anonymous_2)
FNDA:0,(anonymous_3)
FNDA:0,(anonymous_4)
DA:1,0
DA:57,0
DA:114,0
DA:115,0
DA:116,0
DA:119,0
DA:122,0
DA:124,0
DA:127,0
DA:128,0
DA:129,0
DA:131,0
DA:134,0
DA:135,0
DA:136,0
DA:138,0
DA:141,0
DA:142,0
DA:143,0
DA:145,0
LF:20
LH:0
BRDA:115,0,0,0
BRDA:115,0,1,0
BRDA:128,1,0,0
BRDA:128,1,1,0
BRDA:135,2,0,0
BRDA:135,2,1,0
BRDA:142,3,0,0
BRDA:142,3,1,0
BRDA:142,4,0,0
BRDA:142,4,1,0
BRF:10
BRH:0
end_of_record
TN:
SF:app/screens/AppContainer.js
FN:16,AppContainer
FN:20,(anonymous_1)
FN:24,(anonymous_2)
FNF:3
FNH:0
FNDA:0,AppContainer
FNDA:0,(anonymous_1)
FNDA:0,(anonymous_2)
DA:18,0
DA:20,0
DA:21,0
DA:24,0
DA:25,0
DA:26,0
DA:28,0
DA:29,0
DA:30,0
DA:31,0
DA:32,0
DA:34,0
DA:35,0
DA:37,0
DA:38,0
DA:42,0
DA:48,0
LF:17
LH:0
BRDA:26,0,0,0
BRDA:26,0,1,0
BRDA:30,1,0,0
BRDA:30,1,1,0
BRDA:34,2,0,0
BRDA:34,2,1,0
BRDA:52,3,0,0
BRDA:52,3,1,0
BRF:8
BRH:0
end_of_record
TN:
SF:app/screens/LoginScreen.js
FN:29,LoginScreen
FN:34,(anonymous_1)
FN:69,(anonymous_2)
FN:160,(anonymous_3)
FN:176,(anonymous_4)
FN:183,(anonymous_5)
FNF:6
FNH:0
FNDA:0,LoginScreen
FNDA:0,(anonymous_1)
FNDA:0,(anonymous_2)
FNDA:0,(anonymous_3)
FNDA:0,(anonymous_4)
FNDA:0,(anonymous_5)
DA:24,0
DA:30,0
DA:31,0
DA:32,0
DA:34,0
DA:35,0
DA:36,0
DA:37,0
DA:38,0
DA:43,0
DA:44,0
DA:45,0
DA:46,0
DA:47,0
DA:49,0
DA:52,0
DA:56,0
DA:70,0
DA:160,0
DA:176,0
DA:183,0
DA:200,0
LF:22
LH:0
BRDA:37,0,0,0
BRDA:37,0,1,0
BRDA:39,1,0,0
BRDA:39,1,1,0
BRDA:47,2,0,0
BRDA:47,2,1,0
BRDA:47,3,0,0
BRDA:47,3,1,0
BRDA:128,4,0,0
BRDA:128,4,1,0
BRDA:150,5,0,0
BRDA:150,5,1,0
BRF:12
BRH:0
end_of_record
TN:
SF:app/screens/ProfileSettings.js
FN:37,ProfileSettings
FN:80,(anonymous_1)
FN:87,(anonymous_2)
FN:88,(anonymous_3)
FN:95,(anonymous_4)
FN:97,(anonymous_5)
FN:108,(anonymous_6)
FN:109,(anonymous_7)
FN:123,(anonymous_8)
FN:142,(anonymous_9)
FN:148,(anonymous_10)
FN:155,(anonymous_11)
FN:163,(anonymous_12)
FN:172,(anonymous_13)
FN:173,(anonymous_14)
FN:179,(anonymous_15)
FN:187,(anonymous_16)
FN:196,(anonymous_17)
FN:206,(anonymous_18)
FN:208,(anonymous_19)
FN:216,(anonymous_20)
FN:230,(anonymous_21)
FN:231,(anonymous_22)
FN:240,(anonymous_23)
FN:241,(anonymous_24)
FN:248,(anonymous_25)
FN:249,(anonymous_26)
FN:254,(anonymous_27)
FN:255,(anonymous_28)
FN:268,(anonymous_29)
FN:273,(anonymous_30)
FN:274,(anonymous_31)
FN:279,(anonymous_32)
FN:288,(anonymous_33)
FN:349,(anonymous_34)
FN:363,(anonymous_35)
FN:453,(anonymous_36)
FN:634,(anonymous_37)
FN:645,(anonymous_38)
FN:826,(anonymous_39)
FN:838,(anonymous_40)
FN:859,(anonymous_41)
FN:880,(anonymous_42)
FN:901,(anonymous_43)
FN:922,(anonymous_44)
FN:943,(anonymous_45)
FN:964,(anonymous_46)
FN:988,(anonymous_47)
FN:1013,(anonymous_48)
FN:1060,(anonymous_49)
FN:1068,(anonymous_50)
FNF:51
FNH:0
FNDA:0,ProfileSettings
FNDA:0,(anonymous_1)
FNDA:0,(anonymous_2)
FNDA:0,(anonymous_3)
FNDA:0,(anonymous_4)
FNDA:0,(anonymous_5)
FNDA:0,(anonymous_6)
FNDA:0,(anonymous_7)
FNDA:0,(anonymous_8)
FNDA:0,(anonymous_9)
FNDA:0,(anonymous_10)
FNDA:0,(anonymous_11)
FNDA:0,(anonymous_12)
FNDA:0,(anonymous_13)
FNDA:0,(anonymous_14)
FNDA:0,(anonymous_15)
FNDA:0,(anonymous_16)
FNDA:0,(anonymous_17)
FNDA:0,(anonymous_18)
FNDA:0,(anonymous_19)
FNDA:0,(anonymous_20)
FNDA:0,(anonymous_21)
FNDA:0,(anonymous_22)
FNDA:0,(anonymous_23)
FNDA:0,(anonymous_24)
FNDA:0,(anonymous_25)
FNDA:0,(anonymous_26)
FNDA:0,(anonymous_27)
FNDA:0,(anonymous_28)
FNDA:0,(anonymous_29)
FNDA:0,(anonymous_30)
FNDA:0,(anonymous_31)
FNDA:0,(anonymous_32)
FNDA:0,(anonymous_33)
FNDA:0,(anonymous_34)
FNDA:0,(anonymous_35)
FNDA:0,(anonymous_36)
FNDA:0,(anonymous_37)
FNDA:0,(anonymous_38)
FNDA:0,(anonymous_39)
FNDA:0,(anonymous_40)
FNDA:0,(anonymous_41)
FNDA:0,(anonymous_42)
FNDA:0,(anonymous_43)
FNDA:0,(anonymous_44)
FNDA:0,(anonymous_45)
FNDA:0,(anonymous_46)
FNDA:0,(anonymous_47)
FNDA:0,(anonymous_48)
FNDA:0,(anonymous_49)
FNDA:0,(anonymous_50)
DA:39,0
DA:43,0
DA:45,0
DA:47,0
DA:49,0
DA:51,0
DA:53,0
DA:55,0
DA:56,0
DA:57,0
DA:58,0
DA:59,0
DA:60,0
DA:61,0
DA:62,0
DA:63,0
DA:67,0
DA:69,0
DA:71,0
DA:74,0
DA:78,0
DA:80,0
DA:82,0
DA:83,0
DA:87,0
DA:88,0
DA:89,0
DA:90,0
DA:92,0
DA:95,0
DA:96,0
DA:97,0
DA:98,0
DA:99,0
DA:102,0
DA:103,0
DA:105,0
DA:108,0
DA:109,0
DA:110,0
DA:111,0
DA:116,0
DA:123,0
DA:124,0
DA:125,0
DA:126,0
DA:127,0
DA:128,0
DA:129,0
DA:131,0
DA:132,0
DA:135,0
DA:139,0
DA:142,0
DA:143,0
DA:144,0
DA:145,0
DA:148,0
DA:149,0
DA:150,0
DA:151,0
DA:152,0
DA:155,0
DA:156,0
DA:157,0
DA:158,0
DA:159,0
DA:163,0
DA:164,0
DA:165,0
DA:166,0
DA:168,0
DA:172,0
DA:173,0
DA:174,0
DA:175,0
DA:179,0
DA:180,0
DA:181,0
DA:183,0
DA:184,0
DA:187,0
DA:188,0
DA:189,0
DA:192,0
DA:193,0
DA:196,0
DA:197,0
DA:198,0
DA:199,0
DA:200,0
DA:202,0
DA:206,0
DA:207,0
DA:208,0
DA:209,0
DA:210,0
DA:213,0
DA:216,0
DA:219,0
DA:220,0
DA:221,0
DA:222,0
DA:223,0
DA:224,0
DA:225,0
DA:226,0
DA:227,0
DA:230,0
DA:231,0
DA:232,0
DA:233,0
DA:234,0
DA:236,0
DA:240,0
DA:241,0
DA:242,0
DA:243,0
DA:248,0
DA:249,0
DA:250,0
DA:254,0
DA:255,0
DA:256,0
DA:258,0
DA:260,0
DA:263,0
DA:268,0
DA:269,0
DA:273,0
DA:274,0
DA:275,0
DA:279,0
DA:280,0
DA:288,0
DA:289,0
DA:290,0
DA:293,0
DA:350,0
DA:351,0
DA:353,0
DA:364,0
DA:454,0
DA:635,0
DA:646,0
DA:826,0
DA:839,0
DA:860,0
DA:881,0
DA:902,0
DA:923,0
DA:944,0
DA:965,0
DA:988,0
DA:1013,0
DA:1060,0
DA:1068,0
DA:1081,0
LF:158
LH:0
BRDA:72,0,0,0
BRDA:72,0,1,0
BRDA:75,1,0,0
BRDA:75,1,1,0
BRDA:82,2,0,0
BRDA:82,2,1,0
BRDA:108,3,0,0
BRDA:110,4,0,0
BRDA:110,4,1,0
BRDA:126,5,0,0
BRDA:126,5,1,0
BRDA:128,6,0,0
BRDA:128,6,1,0
BRDA:131,7,0,0
BRDA:131,7,1,0
BRDA:151,8,0,0
BRDA:151,8,1,0
BRDA:152,9,0,0
BRDA:152,9,1,0
BRDA:156,10,0,0
BRDA:156,10,1,0
BRDA:156,11,0,0
BRDA:156,11,1,0
BRDA:158,12,0,0
BRDA:158,12,1,0
BRDA:164,13,0,0
BRDA:164,13,1,0
BRDA:165,14,0,0
BRDA:165,14,1,0
BRDA:181,15,0,0
BRDA:181,15,1,0
BRDA:188,16,0,0
BRDA:188,16,1,0
BRDA:209,17,0,0
BRDA:209,17,1,0
BRDA:221,18,0,0
BRDA:221,18,1,0
BRDA:222,19,0,0
BRDA:222,19,1,0
BRDA:223,20,0,0
BRDA:223,20,1,0
BRDA:224,21,0,0
BRDA:224,21,1,0
BRDA:225,22,0,0
BRDA:225,22,1,0
BRDA:226,23,0,0
BRDA:226,23,1,0
BRDA:232,24,0,0
BRDA:232,24,1,0
BRDA:242,25,0,0
BRDA:242,25,1,0
BRDA:256,26,0,0
BRDA:256,26,1,0
BRDA:256,27,0,0
BRDA:256,27,1,0
BRDA:350,28,0,0
BRDA:350,28,1,0
BRDA:378,29,0,0
BRDA:378,29,1,0
BRDA:400,30,0,0
BRDA:400,30,1,0
BRDA:430,31,0,0
BRDA:430,31,1,0
BRDA:435,32,0,0
BRDA:435,32,1,0
BRDA:435,33,0,0
BRDA:435,33,1,0
BRDA:450,34,0,0
BRDA:450,34,1,0
BRDA:468,35,0,0
BRDA:468,35,1,0
BRDA:546,36,0,0
BRDA:546,36,1,0
BRDA:555,37,0,0
BRDA:555,37,1,0
BRDA:555,37,2,0
BRDA:580,38,0,0
BRDA:580,38,1,0
BRDA:583,39,0,0
BRDA:583,39,1,0
BRDA:626,40,0,0
BRDA:626,40,1,0
BRDA:671,41,0,0
BRDA:671,41,1,0
BRDA:671,42,0,0
BRDA:671,42,1,0
BRDA:800,43,0,0
BRDA:800,43,1,0
BRDA:805,44,0,0
BRDA:805,44,1,0
BRDA:810,45,0,0
BRDA:810,45,1,0
BRDA:820,46,0,0
BRDA:820,46,1,0
BRDA:835,47,0,0
BRDA:835,47,1,0
BRDA:835,48,0,0
BRDA:835,48,1,0
BRDA:835,48,2,0
BRDA:856,49,0,0
BRDA:856,49,1,0
BRDA:856,50,0,0
BRDA:856,50,1,0
BRDA:856,50,2,0
BRDA:877,51,0,0
BRDA:877,51,1,0
BRDA:877,52,0,0
BRDA:877,52,1,0
BRDA:877,52,2,0
BRDA:898,53,0,0
BRDA:898,53,1,0
BRDA:898,54,0,0
BRDA:898,54,1,0
BRDA:898,54,2,0
BRDA:919,55,0,0
BRDA:919,55,1,0
BRDA:919,56,0,0
BRDA:919,56,1,0
BRDA:919,56,2,0
BRDA:940,57,0,0
BRDA:940,57,1,0
BRDA:940,58,0,0
BRDA:940,58,1,0
BRDA:940,58,2,0
BRDA:961,59,0,0
BRDA:961,59,1,0
BRDA:961,60,0,0
BRDA:961,60,1,0
BRDA:961,60,2,0
BRDA:1007,61,0,0
BRDA:1007,61,1,0
BRDA:1019,62,0,0
BRDA:1019,62,1,0
BRF:133
BRH:0
end_of_record
TN:
SF:app/screens/admin/AdminApprovals.js
FN:6,AdminApprovals
FN:9,(anonymous_1)
FN:10,(anonymous_2)
FN:15,(anonymous_3)
FN:19,(anonymous_4)
FN:36,(anonymous_5)
FN:39,(anonymous_6)
FN:40,(anonymous_7)
FNF:8
FNH:0
FNDA:0,AdminApprovals
FNDA:0,(anonymous_1)
FNDA:0,(anonymous_2)
FNDA:0,(anonymous_3)
FNDA:0,(anonymous_4)
FNDA:0,(anonymous_5)
FNDA:0,(anonymous_6)
FNDA:0,(anonymous_7)
DA:7,0
DA:9,0
DA:10,0
DA:11,0
DA:15,0
DA:16,0
DA:19,0
DA:20,0
DA:21,0
DA:24,0
DA:37,0
DA:39,0
DA:42,0
DA:45,0
LF:14
LH:0
BRF:0
BRH:0
end_of_record
TN:
SF:app/screens/admin/AdminBookings.js
FN:8,AdminBookings
FN:11,(anonymous_1)
FN:12,(anonymous_2)
FN:18,(anonymous_3)
FN:23,(anonymous_4)
FN:26,(anonymous_5)
FN:31,(anonymous_6)
FN:54,(anonymous_7)
FN:55,(anonymous_8)
FNF:9
FNH:0
FNDA:0,AdminBookings
FNDA:0,(anonymous_1)
FNDA:0,(anonymous_2)
FNDA:0,(anonymous_3)
FNDA:0,(anonymous_4)
FNDA:0,(anonymous_5)
FNDA:0,(anonymous_6)
FNDA:0,(anonymous_7)
FNDA:0,(anonymous_8)
DA:9,0
DA:11,0
DA:12,0
DA:13,0
DA:17,0
DA:19,0
DA:23,0
DA:24,0
DA:25,0
DA:26,0
DA:27,0
DA:31,0
DA:32,0
DA:33,0
DA:39,0
DA:42,0
DA:54,0
DA:56,0
LF:18
LH:0
BRF:0
BRH:0
end_of_record
TN:
SF:app/screens/admin/AdminDashboard.js
FN:7,AdminDashboard
FNF:1
FNH:0
FNDA:0,AdminDashboard
DA:8,0
DA:22,0
LF:2
LH:0
BRF:0
BRH:0
end_of_record
TN:
SF:app/screens/admin/AdminTherapistsScreen.js
FN:7,AdminTherapistsScreen
FN:9,(anonymous_1)
FN:10,(anonymous_2)
FN:15,(anonymous_3)
FN:19,(anonymous_4)
FN:36,(anonymous_5)
FN:38,(anonymous_6)
FN:39,(anonymous_7)
FNF:8
FNH:0
FNDA:0,AdminTherapistsScreen
FNDA:0,(anonymous_1)
FNDA:0,(anonymous_2)
FNDA:0,(anonymous_3)
FNDA:0,(anonymous_4)
FNDA:0,(anonymous_5)
FNDA:0,(anonymous_6)
FNDA:0,(anonymous_7)
DA:8,0
DA:9,0
DA:10,0
DA:11,0
DA:15,0
DA:16,0
DA:19,0
DA:20,0
DA:21,0
DA:24,0
DA:36,0
DA:38,0
DA:40,0
LF:13
LH:0
BRDA:50,0,0,0
BRDA:50,0,1,0
BRF:2
BRH:0
end_of_record
TN:
SF:app/screens/athlete/AthleteBookNow.js
FN:10,AthleteBookNow
FN:19,(anonymous_1)
FN:31,(anonymous_2)
FN:49,(anonymous_3)
FN:58,(anonymous_4)
FN:64,(anonymous_5)
FN:75,(anonymous_6)
FN:76,(anonymous_7)
FN:87,(anonymous_8)
FN:88,(anonymous_9)
FN:101,(anonymous_10)
FN:102,(anonymous_11)
FN:112,(anonymous_12)
FN:116,(anonymous_13)
FNF:14
FNH:0
FNDA:0,AthleteBookNow
FNDA:0,(anonymous_1)
FNDA:0,(anonymous_2)
FNDA:0,(anonymous_3)
FNDA:0,(anonymous_4)
FNDA:0,(anonymous_5)
FNDA:0,(anonymous_6)
FNDA:0,(anonymous_7)
FNDA:0,(anonymous_8)
FNDA:0,(anonymous_9)
FNDA:0,(anonymous_10)
FNDA:0,(anonymous_11)
FNDA:0,(anonymous_12)
FNDA:0,(anonymous_13)
DA:11,0
DA:12,0
DA:13,0
DA:14,0
DA:15,0
DA:16,0
DA:17,0
DA:19,0
DA:20,0
DA:21,0
DA:22,0
DA:23,0
DA:26,0
DA:27,0
DA:28,0
DA:31,0
DA:32,0
DA:33,0
DA:36,0
DA:37,0
DA:46,0
DA:49,0
DA:50,0
DA:51,0
DA:52,0
DA:53,0
DA:54,0
DA:56,0
DA:57,0
DA:59,0
DA:63,0
DA:64,0
DA:66,0
DA:68,0
DA:69,0
DA:71,0
DA:75,0
DA:76,0
DA:77,0
DA:80,0
DA:83,0
DA:84,0
DA:87,0
DA:88,0
DA:89,0
DA:90,0
DA:91,0
DA:92,0
DA:94,0
DA:96,0
DA:101,0
DA:102,0
DA:103,0
DA:104,0
DA:105,0
DA:107,0
DA:112,0
DA:113,0
DA:116,0
DA:117,0
DA:118,0
DA:122,0
LF:62
LH:0
BRDA:21,0,0,0
BRDA:21,0,1,0
BRDA:32,1,0,0
BRDA:32,1,1,0
BRDA:53,2,0,0
BRDA:53,2,1,0
BRDA:59,3,0,0
BRDA:59,3,1,0
BRF:8
BRH:0
end_of_record
TN:
SF:app/screens/athlete/AthleteDashboard.js
FN:7,AthleteDashboard
FNF:1
FNH:0
FNDA:0,AthleteDashboard
DA:8,0
LF:1
LH:0
BRF:0
BRH:0
end_of_record
TN:
SF:app/screens/athlete/AthletePastBooking.js
FN:10,AthletePastBooking
FN:16,(anonymous_1)
FN:18,(anonymous_2)
FN:23,(anonymous_3)
FN:27,(anonymous_4)
FN:32,(anonymous_5)
FN:36,(anonymous_6)
FN:52,(anonymous_7)
FN:73,(anonymous_8)
FN:74,(anonymous_9)
FN:75,(anonymous_10)
FN:76,(anonymous_11)
FNF:12
FNH:0
FNDA:0,AthletePastBooking
FNDA:0,(anonymous_1)
FNDA:0,(anonymous_2)
FNDA:0,(anonymous_3)
FNDA:0,(anonymous_4)
FNDA:0,(anonymous_5)
FNDA:0,(anonymous_6)
FNDA:0,(anonymous_7)
FNDA:0,(anonymous_8)
FNDA:0,(anonymous_9)
FNDA:0,(anonymous_10)
FNDA:0,(anonymous_11)
DA:11,0
DA:12,0
DA:13,0
DA:14,0
DA:16,0
DA:18,0
DA:19,0
DA:23,0
DA:24,0
DA:27,0
DA:28,0
DA:31,0
DA:33,0
DA:36,0
DA:37,0
DA:38,0
DA:49,0
DA:52,0
DA:53,0
DA:54,0
DA:57,0
DA:73,0
DA:74,0
DA:76,0
DA:93,0
LF:25
LH:0
BRDA:33,0,0,0
BRDA:33,0,1,0
BRDA:59,1,0,0
BRDA:59,1,1,0
BRDA:66,2,0,0
BRDA:66,2,1,0
BRDA:71,3,0,0
BRDA:71,3,1,0
BRF:8
BRH:0
end_of_record
TN:
SF:app/screens/athlete/AthleteSignUpScreen.js
FN:52,(anonymous_0)
FN:66,AthleteForm
FN:81,(anonymous_2)
FN:89,(anonymous_3)
FN:130,(anonymous_4)
FN:141,(anonymous_5)
FN:156,(anonymous_6)
FN:182,(anonymous_7)
FN:190,(anonymous_8)
FN:201,(anonymous_9)
FN:218,(anonymous_10)
FN:229,(anonymous_11)
FN:233,(anonymous_12)
FN:243,(anonymous_13)
FN:253,(anonymous_14)
FN:268,(anonymous_15)
FN:272,(anonymous_16)
FN:440,(anonymous_17)
FN:458,(anonymous_18)
FN:479,(anonymous_19)
FN:505,(anonymous_20)
FN:513,(anonymous_21)
FN:523,(anonymous_22)
FN:565,(anonymous_23)
FN:578,(anonymous_24)
FNF:25
FNH:0
FNDA:0,(anonymous_0)
FNDA:0,AthleteForm
FNDA:0,(anonymous_2)
FNDA:0,(anonymous_3)
FNDA:0,(anonymous_4)
FNDA:0,(anonymous_5)
FNDA:0,(anonymous_6)
FNDA:0,(anonymous_7)
FNDA:0,(anonymous_8)
FNDA:0,(anonymous_9)
FNDA:0,(anonymous_10)
FNDA:0,(anonymous_11)
FNDA:0,(anonymous_12)
FNDA:0,(anonymous_13)
FNDA:0,(anonymous_14)
FNDA:0,(anonymous_15)
FNDA:0,(anonymous_16)
FNDA:0,(anonymous_17)
FNDA:0,(anonymous_18)
FNDA:0,(anonymous_19)
FNDA:0,(anonymous_20)
FNDA:0,(anonymous_21)
FNDA:0,(anonymous_22)
FNDA:0,(anonymous_23)
FNDA:0,(anonymous_24)
DA:33,0
DA:34,0
DA:35,0
DA:36,0
DA:38,0
DA:41,0
DA:43,0
DA:52,0
DA:67,0
DA:68,0
DA:69,0
DA:70,0
DA:71,0
DA:72,0
DA:73,0
DA:74,0
DA:75,0
DA:76,0
DA:77,0
DA:78,0
DA:81,0
DA:82,0
DA:83,0
DA:84,0
DA:85,0
DA:89,0
DA:90,0
DA:91,0
DA:92,0
DA:93,0
DA:94,0
DA:96,0
DA:102,0
DA:109,0
DA:110,0
DA:115,0
DA:117,0
DA:119,0
DA:120,0
DA:121,0
DA:122,0
DA:123,0
DA:125,0
DA:130,0
DA:131,0
DA:132,0
DA:133,0
DA:134,0
DA:135,0
DA:136,0
DA:138,0
DA:141,0
DA:142,0
DA:143,0
DA:145,0
DA:147,0
DA:150,0
DA:152,0
DA:156,0
DA:157,0
DA:158,0
DA:167,0
DA:168,0
DA:169,0
DA:170,0
DA:173,0
DA:175,0
DA:178,0
DA:182,0
DA:183,0
DA:184,0
DA:185,0
DA:186,0
DA:190,0
DA:191,0
DA:192,0
DA:193,0
DA:194,0
DA:196,0
DA:197,0
DA:201,0
DA:202,0
DA:205,0
DA:206,0
DA:207,0
DA:208,0
DA:209,0
DA:210,0
DA:211,0
DA:212,0
DA:213,0
DA:214,0
DA:218,0
DA:219,0
DA:220,0
DA:221,0
DA:222,0
DA:224,0
DA:225,0
DA:229,0
DA:230,0
DA:233,0
DA:234,0
DA:235,0
DA:236,0
DA:238,0
DA:239,0
DA:243,0
DA:244,0
DA:245,0
DA:246,0
DA:248,0
DA:249,0
DA:253,0
DA:254,0
DA:269,0
DA:273,0
DA:440,0
DA:458,0
DA:479,0
DA:480,0
DA:505,0
DA:513,0
DA:523,0
DA:524,0
DA:566,0
DA:579,0
DA:592,0
DA:615,0
LF:129
LH:0
BRDA:52,0,0,0
BRDA:52,0,1,0
BRDA:52,1,0,0
BRDA:52,1,1,0
BRDA:82,2,0,0
BRDA:82,2,1,0
BRDA:84,3,0,0
BRDA:84,3,1,0
BRDA:92,4,0,0
BRDA:92,4,1,0
BRDA:119,5,0,0
BRDA:119,5,1,0
BRDA:135,6,0,0
BRDA:135,6,1,0
BRDA:135,7,0,0
BRDA:135,7,1,0
BRDA:135,7,2,0
BRDA:142,8,0,0
BRDA:142,8,1,0
BRDA:168,9,0,0
BRDA:168,9,1,0
BRDA:185,10,0,0
BRDA:185,10,1,0
BRDA:192,11,0,0
BRDA:192,11,1,0
BRDA:193,12,0,0
BRDA:193,12,1,0
BRDA:206,13,0,0
BRDA:206,13,1,0
BRDA:209,14,0,0
BRDA:209,14,1,0
BRDA:212,15,0,0
BRDA:212,15,1,0
BRDA:212,16,0,0
BRDA:212,16,1,0
BRDA:220,17,0,0
BRDA:220,17,1,0
BRDA:236,18,0,0
BRDA:236,18,1,0
BRDA:246,19,0,0
BRDA:246,19,1,0
BRDA:294,20,0,0
BRDA:294,20,1,0
BRDA:316,21,0,0
BRDA:316,21,1,0
BRDA:342,22,0,0
BRDA:342,22,1,0
BRDA:343,23,0,0
BRDA:343,23,1,0
BRDA:369,24,0,0
BRDA:369,24,1,0
BRDA:396,25,0,0
BRDA:396,25,1,0
BRDA:420,26,0,0
BRDA:420,26,1,0
BRDA:421,27,0,0
BRDA:421,27,1,0
BRDA:489,28,0,0
BRDA:489,28,1,0
BRDA:497,29,0,0
BRDA:497,29,1,0
BRDA:527,30,0,0
BRDA:527,30,1,0
BRDA:541,31,0,0
BRDA:541,31,1,0
BRDA:555,32,0,0
BRDA:555,32,1,0
BRDA:555,32,2,0
BRDA:567,33,0,0
BRDA:567,33,1,0
BRDA:580,34,0,0
BRDA:580,34,1,0
BRDA:606,35,0,0
BRDA:606,35,1,0
BRDA:607,36,0,0
BRDA:607,36,1,0
BRDA:608,37,0,0
BRDA:608,37,1,0
BRDA:609,38,0,0
BRDA:609,38,1,0
BRF:80
BRH:0
end_of_record
TN:
SF:app/screens/athlete/AthleteUpcomingBooking.js
FN:9,AthleteUpcomingBooking
FN:15,(anonymous_1)
FN:17,(anonymous_2)
FN:22,(anonymous_3)
FN:27,(anonymous_4)
FN:32,(anonymous_5)
FN:37,(anonymous_6)
FN:41,(anonymous_7)
FN:46,(anonymous_8)
FN:66,(anonymous_9)
FN:89,(anonymous_10)
FN:90,(anonymous_11)
FN:91,(anonymous_12)
FN:98,(anonymous_13)
FNF:14
FNH:0
FNDA:0,AthleteUpcomingBooking
FNDA:0,(anonymous_1)
FNDA:0,(anonymous_2)
FNDA:0,(anonymous_3)
FNDA:0,(anonymous_4)
FNDA:0,(anonymous_5)
FNDA:0,(anonymous_6)
FNDA:0,(anonymous_7)
FNDA:0,(anonymous_8)
FNDA:0,(anonymous_9)
FNDA:0,(anonymous_10)
FNDA:0,(anonymous_11)
FNDA:0,(anonymous_12)
FNDA:0,(anonymous_13)
DA:10,0
DA:11,0
DA:12,0
DA:13,0
DA:15,0
DA:17,0
DA:18,0
DA:22,0
DA:23,0
DA:26,0
DA:28,0
DA:32,0
DA:33,0
DA:36,0
DA:38,0
DA:41,0
DA:42,0
DA:46,0
DA:47,0
DA:48,0
DA:63,0
DA:66,0
DA:67,0
DA:68,0
DA:71,0
DA:89,0
DA:91,0
DA:99,0
DA:100,0
DA:101,0
DA:102,0
DA:113,0
LF:32
LH:0
BRDA:38,0,0,0
BRDA:38,0,1,0
BRDA:73,1,0,0
BRDA:73,1,1,0
BRDA:81,2,0,0
BRDA:81,2,1,0
BRDA:86,3,0,0
BRDA:86,3,1,0
BRDA:99,4,0,0
BRDA:99,4,1,0
BRDA:100,5,0,0
BRDA:100,5,1,0
BRF:12
BRH:0
end_of_record
TN:
SF:app/screens/password/ChangePasswordModal.js
FN:30,(anonymous_0)
FN:40,ChangePasswordModal
FN:46,(anonymous_2)
FN:50,(anonymous_3)
FN:54,(anonymous_4)
FN:82,(anonymous_5)
FN:100,(anonymous_6)
FN:105,(anonymous_7)
FN:167,(anonymous_8)
FNF:9
FNH:0
FNDA:0,(anonymous_0)
FNDA:0,ChangePasswordModal
FNDA:0,(anonymous_2)
FNDA:0,(anonymous_3)
FNDA:0,(anonymous_4)
FNDA:0,(anonymous_5)
FNDA:0,(anonymous_6)
FNDA:0,(anonymous_7)
FNDA:0,(anonymous_8)
DA:23,0
DA:30,0
DA:41,0
DA:44,0
DA:46,0
DA:47,0
DA:50,0
DA:51,0
DA:54,0
DA:55,0
DA:56,0
DA:61,0
DA:62,0
DA:63,0
DA:66,0
DA:69,0
DA:77,0
DA:101,0
DA:102,0
DA:106,0
DA:167,0
DA:201,0
LF:22
LH:0
BRDA:30,0,0,0
BRDA:30,0,1,0
BRDA:30,1,0,0
BRDA:30,1,1,0
BRDA:41,2,0,0
BRDA:41,2,1,0
BRDA:61,3,0,0
BRDA:61,3,1,0
BRDA:123,4,0,0
BRDA:123,4,1,0
BRDA:141,5,0,0
BRDA:141,5,1,0
BRDA:160,6,0,0
BRDA:160,6,1,0
BRF:14
BRH:0
end_of_record
TN:
SF:app/screens/password/ForgotPasswordVerifyEmail.js
FN:26,ForgotPasswordVerifyEmailForm
FN:29,(anonymous_1)
FN:41,(anonymous_2)
FN:58,(anonymous_3)
FN:63,(anonymous_4)
FNF:5
FNH:0
FNDA:0,ForgotPasswordVerifyEmailForm
FNDA:0,(anonymous_1)
FNDA:0,(anonymous_2)
FNDA:0,(anonymous_3)
FNDA:0,(anonymous_4)
DA:22,0
DA:27,0
DA:29,0
DA:30,0
DA:31,0
DA:34,0
DA:35,0
DA:37,0
DA:41,0
DA:42,0
DA:45,0
DA:59,0
DA:60,0
DA:64,0
DA:102,0
LF:15
LH:0
BRF:0
BRH:0
end_of_record
TN:
SF:app/screens/password/ForgotPasswordVerifyResetToken.js
FN:25,ForgotPasswordVerifyResetTokenForm
FN:29,(anonymous_1)
FN:45,(anonymous_2)
FN:62,(anonymous_3)
FN:67,(anonymous_4)
FNF:5
FNH:0
FNDA:0,ForgotPasswordVerifyResetTokenForm
FNDA:0,(anonymous_1)
FNDA:0,(anonymous_2)
FNDA:0,(anonymous_3)
FNDA:0,(anonymous_4)
DA:21,0
DA:26,0
DA:27,0
DA:29,0
DA:30,0
DA:31,0
DA:35,0
DA:36,0
DA:38,0
DA:41,0
DA:45,0
DA:46,0
DA:49,0
DA:63,0
DA:64,0
DA:68,0
DA:106,0
LF:17
LH:0
BRDA:35,0,0,0
BRDA:35,0,1,0
BRF:2
BRH:0
end_of_record
TN:
SF:app/screens/password/ResetPassword.js
FN:27,(anonymous_0)
FN:37,ResetPasswordForm
FN:41,(anonymous_2)
FN:58,(anonymous_3)
FN:75,(anonymous_4)
FN:80,(anonymous_5)
FNF:6
FNH:0
FNDA:0,(anonymous_0)
FNDA:0,ResetPasswordForm
FNDA:0,(anonymous_2)
FNDA:0,(anonymous_3)
FNDA:0,(anonymous_4)
FNDA:0,(anonymous_5)
DA:21,0
DA:27,0
DA:38,0
DA:39,0
DA:41,0
DA:42,0
DA:43,0
DA:47,0
DA:48,0
DA:49,0
DA:51,0
DA:54,0
DA:58,0
DA:59,0
DA:62,0
DA:76,0
DA:77,0
DA:81,0
DA:142,0
LF:19
LH:0
BRDA:27,0,0,0
BRDA:27,0,1,0
BRDA:27,1,0,0
BRDA:27,1,1,0
BRDA:47,2,0,0
BRDA:47,2,1,0
BRDA:98,3,0,0
BRDA:98,3,1,0
BRDA:117,4,0,0
BRDA:117,4,1,0
BRF:10
BRH:0
end_of_record
TN:
SF:app/screens/therapist/TherapistDashboard.js
FN:9,(anonymous_0)
FNF:1
FNH:0
FNDA:0,(anonymous_0)
DA:9,0
DA:10,0
DA:21,0
LF:3
LH:0
BRF:0
BRH:0
end_of_record
TN:
SF:app/screens/therapist/TherapistDisabledScreen.js
FN:7,TherapistDisabled
FNF:1
FNH:0
FNDA:0,TherapistDisabled
DA:8,0
DA:18,0
LF:2
LH:0
BRF:0
BRH:0
end_of_record
TN:
SF:app/screens/therapist/TherapistPastBooking.js
FN:16,TherapistPastBooking
FN:22,(anonymous_1)
FN:24,(anonymous_2)
FN:29,(anonymous_3)
FN:33,(anonymous_4)
FN:38,(anonymous_5)
FN:43,(anonymous_6)
FN:45,(anonymous_7)
FN:61,(anonymous_8)
FN:84,(anonymous_9)
FN:85,(anonymous_10)
FN:86,(anonymous_11)
FNF:12
FNH:0
FNDA:0,TherapistPastBooking
FNDA:0,(anonymous_1)
FNDA:0,(anonymous_2)
FNDA:0,(anonymous_3)
FNDA:0,(anonymous_4)
FNDA:0,(anonymous_5)
FNDA:0,(anonymous_6)
FNDA:0,(anonymous_7)
FNDA:0,(anonymous_8)
FNDA:0,(anonymous_9)
FNDA:0,(anonymous_10)
FNDA:0,(anonymous_11)
DA:17,0
DA:18,0
DA:19,0
DA:20,0
DA:22,0
DA:24,0
DA:25,0
DA:29,0
DA:30,0
DA:33,0
DA:34,0
DA:37,0
DA:38,0
DA:39,0
DA:43,0
DA:44,0
DA:45,0
DA:46,0
DA:47,0
DA:58,0
DA:61,0
DA:62,0
DA:63,0
DA:67,0
DA:84,0
DA:86,0
DA:96,0
LF:27
LH:0
BRDA:43,0,0,0
BRDA:43,0,1,0
BRDA:44,1,0,0
BRDA:44,1,1,0
BRDA:69,2,0,0
BRDA:69,2,1,0
BRDA:76,3,0,0
BRDA:76,3,1,0
BRDA:81,4,0,0
BRDA:81,4,1,0
BRF:10
BRH:0
end_of_record
TN:
SF:app/screens/therapist/TherapistRegistrationPending.js
FN:7,TherapistRegistrationPending
FN:10,(anonymous_1)
FN:11,(anonymous_2)
FNF:3
FNH:0
FNDA:0,TherapistRegistrationPending
FNDA:0,(anonymous_1)
FNDA:0,(anonymous_2)
DA:8,0
DA:10,0
DA:11,0
DA:12,0
DA:17,0
DA:28,0
LF:6
LH:0
BRF:0
BRH:0
end_of_record
TN:
SF:app/screens/therapist/TherapistSignUpScreen.js
FN:64,(anonymous_0)
FN:79,(anonymous_1)
FN:147,TherapistForm
FN:175,(anonymous_3)
FN:190,(anonymous_4)
FN:194,(anonymous_5)
FN:205,(anonymous_6)
FN:220,(anonymous_7)
FN:238,(anonymous_8)
FN:262,(anonymous_9)
FN:282,(anonymous_10)
FN:291,(anonymous_11)
FN:322,(anonymous_12)
FN:326,(anonymous_13)
FN:338,(anonymous_14)
FN:342,(anonymous_15)
FN:347,(anonymous_16)
FN:357,(anonymous_17)
FN:367,(anonymous_18)
FN:380,(anonymous_19)
FN:384,(anonymous_20)
FN:394,(anonymous_21)
FN:437,(anonymous_22)
FN:443,(anonymous_23)
FN:452,(anonymous_24)
FN:461,(anonymous_25)
FN:466,(anonymous_26)
FN:471,(anonymous_27)
FN:480,(anonymous_28)
FN:485,(anonymous_29)
FN:490,(anonymous_30)
FN:517,(anonymous_31)
FN:612,(anonymous_32)
FN:639,(anonymous_33)
FN:667,(anonymous_34)
FN:697,(anonymous_35)
FN:700,(anonymous_36)
FN:920,(anonymous_37)
FN:923,(anonymous_38)
FN:968,(anonymous_39)
FN:1001,(anonymous_40)
FN:1070,(anonymous_41)
FN:1088,(anonymous_42)
FN:1098,(anonymous_43)
FN:1175,(anonymous_44)
FN:1193,(anonymous_45)
FN:1254,(anonymous_46)
FN:1266,(anonymous_47)
FNF:48
FNH:0
FNDA:0,(anonymous_0)
FNDA:0,(anonymous_1)
FNDA:0,TherapistForm
FNDA:0,(anonymous_3)
FNDA:0,(anonymous_4)
FNDA:0,(anonymous_5)
FNDA:0,(anonymous_6)
FNDA:0,(anonymous_7)
FNDA:0,(anonymous_8)
FNDA:0,(anonymous_9)
FNDA:0,(anonymous_10)
FNDA:0,(anonymous_11)
FNDA:0,(anonymous_12)
FNDA:0,(anonymous_13)
FNDA:0,(anonymous_14)
FNDA:0,(anonymous_15)
FNDA:0,(anonymous_16)
FNDA:0,(anonymous_17)
FNDA:0,(anonymous_18)
FNDA:0,(anonymous_19)
FNDA:0,(anonymous_20)
FNDA:0,(anonymous_21)
FNDA:0,(anonymous_22)
FNDA:0,(anonymous_23)
FNDA:0,(anonymous_24)
FNDA:0,(anonymous_25)
FNDA:0,(anonymous_26)
FNDA:0,(anonymous_27)
FNDA:0,(anonymous_28)
FNDA:0,(anonymous_29)
FNDA:0,(anonymous_30)
FNDA:0,(anonymous_31)
FNDA:0,(anonymous_32)
FNDA:0,(anonymous_33)
FNDA:0,(anonymous_34)
FNDA:0,(anonymous_35)
FNDA:0,(anonymous_36)
FNDA:0,(anonymous_37)
FNDA:0,(anonymous_38)
FNDA:0,(anonymous_39)
FNDA:0,(anonymous_40)
FNDA:0,(anonymous_41)
FNDA:0,(anonymous_42)
FNDA:0,(anonymous_43)
FNDA:0,(anonymous_44)
FNDA:0,(anonymous_45)
FNDA:0,(anonymous_46)
FNDA:0,(anonymous_47)
DA:47,0
DA:48,0
DA:49,0
DA:50,0
DA:51,0
DA:52,0
DA:53,0
DA:54,0
DA:56,0
DA:58,0
DA:59,0
DA:61,0
DA:63,0
DA:64,0
DA:65,0
DA:67,0
DA:68,0
DA:70,0
DA:79,0
DA:136,0
DA:148,0
DA:149,0
DA:150,0
DA:151,0
DA:152,0
DA:153,0
DA:154,0
DA:155,0
DA:156,0
DA:157,0
DA:158,0
DA:159,0
DA:160,0
DA:161,0
DA:162,0
DA:163,0
DA:164,0
DA:165,0
DA:166,0
DA:168,0
DA:169,0
DA:170,0
DA:171,0
DA:172,0
DA:175,0
DA:176,0
DA:177,0
DA:178,0
DA:179,0
DA:180,0
DA:181,0
DA:184,0
DA:185,0
DA:190,0
DA:191,0
DA:194,0
DA:195,0
DA:196,0
DA:197,0
DA:198,0
DA:199,0
DA:200,0
DA:202,0
DA:205,0
DA:206,0
DA:207,0
DA:209,0
DA:211,0
DA:214,0
DA:216,0
DA:220,0
DA:221,0
DA:222,0
DA:223,0
DA:224,0
DA:225,0
DA:226,0
DA:229,0
DA:231,0
DA:232,0
DA:238,0
DA:239,0
DA:240,0
DA:241,0
DA:244,0
DA:247,0
DA:262,0
DA:263,0
DA:264,0
DA:265,0
DA:266,0
DA:267,0
DA:268,0
DA:270,0
DA:271,0
DA:272,0
DA:273,0
DA:274,0
DA:276,0
DA:283,0
DA:284,0
DA:285,0
DA:286,0
DA:287,0
DA:288,0
DA:292,0
DA:293,0
DA:295,0
DA:296,0
DA:297,0
DA:299,0
DA:300,0
DA:301,0
DA:304,0
DA:305,0
DA:306,0
DA:307,0
DA:308,0
DA:309,0
DA:311,0
DA:323,0
DA:324,0
DA:327,0
DA:329,0
DA:330,0
DA:331,0
DA:332,0
DA:334,0
DA:335,0
DA:336,0
DA:337,0
DA:339,0
DA:340,0
DA:342,0
DA:344,0
DA:347,0
DA:348,0
DA:349,0
DA:350,0
DA:352,0
DA:353,0
DA:357,0
DA:358,0
DA:359,0
DA:360,0
DA:362,0
DA:363,0
DA:367,0
DA:368,0
DA:369,0
DA:370,0
DA:371,0
DA:372,0
DA:373,0
DA:374,0
DA:380,0
DA:390,0
DA:394,0
DA:395,0
DA:396,0
DA:397,0
DA:398,0
DA:399,0
DA:401,0
DA:407,0
DA:414,0
DA:415,0
DA:420,0
DA:421,0
DA:423,0
DA:425,0
DA:426,0
DA:427,0
DA:428,0
DA:429,0
DA:430,0
DA:432,0
DA:437,0
DA:438,0
DA:439,0
DA:440,0
DA:443,0
DA:444,0
DA:445,0
DA:447,0
DA:448,0
DA:452,0
DA:453,0
DA:454,0
DA:461,0
DA:462,0
DA:467,0
DA:471,0
DA:472,0
DA:473,0
DA:480,0
DA:481,0
DA:486,0
DA:490,0
DA:491,0
DA:492,0
DA:493,0
DA:494,0
DA:496,0
DA:499,0
DA:500,0
DA:502,0
DA:503,0
DA:506,0
DA:509,0
DA:510,0
DA:512,0
DA:513,0
DA:517,0
DA:519,0
DA:612,0
DA:613,0
DA:639,0
DA:640,0
DA:667,0
DA:669,0
DA:698,0
DA:701,0
DA:702,0
DA:921,0
DA:924,0
DA:925,0
DA:926,0
DA:968,0
DA:970,0
DA:1001,0
DA:1003,0
DA:1070,0
DA:1088,0
DA:1098,0
DA:1099,0
DA:1100,0
DA:1103,0
DA:1176,0
DA:1177,0
DA:1178,0
DA:1179,0
DA:1180,0
DA:1182,0
DA:1184,0
DA:1185,0
DA:1187,0
DA:1188,0
DA:1189,0
DA:1194,0
DA:1255,0
DA:1267,0
DA:1314,0
LF:253
LH:0
BRDA:79,0,0,0
BRDA:79,0,1,0
BRDA:79,1,0,0
BRDA:79,1,1,0
BRDA:177,2,0,0
BRDA:177,2,1,0
BRDA:179,3,0,0
BRDA:179,3,1,0
BRDA:199,4,0,0
BRDA:199,4,1,0
BRDA:199,5,0,0
BRDA:199,5,1,0
BRDA:199,5,2,0
BRDA:206,6,0,0
BRDA:206,6,1,0
BRDA:224,7,0,0
BRDA:224,7,1,0
BRDA:231,8,0,0
BRDA:231,8,1,0
BRDA:240,9,0,0
BRDA:240,9,1,0
BRDA:263,10,0,0
BRDA:263,10,1,0
BRDA:265,11,0,0
BRDA:265,11,1,0
BRDA:271,12,0,0
BRDA:271,12,1,0
BRDA:295,13,0,0
BRDA:295,13,1,0
BRDA:296,14,0,0
BRDA:296,14,1,0
BRDA:306,15,0,0
BRDA:306,15,1,0
BRDA:307,16,0,0
BRDA:307,16,1,0
BRDA:307,17,0,0
BRDA:307,17,1,0
BRDA:329,18,0,0
BRDA:329,18,1,0
BRDA:330,19,0,0
BRDA:330,19,1,0
BRDA:336,20,0,0
BRDA:336,20,1,0
BRDA:350,21,0,0
BRDA:350,21,1,0
BRDA:360,22,0,0
BRDA:360,22,1,0
BRDA:369,23,0,0
BRDA:369,23,1,0
BRDA:371,24,0,0
BRDA:371,24,1,0
BRDA:373,25,0,0
BRDA:373,25,1,0
BRDA:395,26,0,0
BRDA:395,26,1,0
BRDA:425,27,0,0
BRDA:425,27,1,0
BRDA:445,28,0,0
BRDA:445,28,1,0
BRDA:499,29,0,0
BRDA:499,29,1,0
BRDA:500,30,0,0
BRDA:500,30,1,0
BRDA:538,31,0,0
BRDA:538,31,1,0
BRDA:538,31,2,0
BRDA:559,32,0,0
BRDA:559,32,1,0
BRDA:559,32,2,0
BRDA:584,33,0,0
BRDA:584,33,1,0
BRDA:584,33,2,0
BRDA:606,34,0,0
BRDA:606,34,1,0
BRDA:606,34,2,0
BRDA:622,35,0,0
BRDA:622,35,1,0
BRDA:630,36,0,0
BRDA:630,36,1,0
BRDA:643,37,0,0
BRDA:643,37,1,0
BRDA:658,38,0,0
BRDA:658,38,1,0
BRDA:658,38,2,0
BRDA:680,39,0,0
BRDA:680,39,1,0
BRDA:681,40,0,0
BRDA:681,40,1,0
BRDA:713,41,0,0
BRDA:713,41,1,0
BRDA:713,41,2,0
BRDA:735,42,0,0
BRDA:735,42,1,0
BRDA:735,42,2,0
BRDA:760,43,0,0
BRDA:760,43,1,0
BRDA:760,43,2,0
BRDA:781,44,0,0
BRDA:781,44,1,0
BRDA:792,45,0,0
BRDA:792,45,1,0
BRDA:792,45,2,0
BRDA:817,46,0,0
BRDA:817,46,1,0
BRDA:817,47,0,0
BRDA:817,47,1,0
BRDA:817,47,2,0
BRDA:826,48,0,0
BRDA:826,48,1,0
BRDA:846,49,0,0
BRDA:846,49,1,0
BRDA:846,49,2,0
BRDA:864,50,0,0
BRDA:864,50,1,0
BRDA:864,50,2,0
BRDA:891,51,0,0
BRDA:891,51,1,0
BRDA:891,51,2,0
BRDA:903,52,0,0
BRDA:903,52,1,0
BRDA:904,53,0,0
BRDA:904,53,1,0
BRDA:937,54,0,0
BRDA:937,54,1,0
BRDA:937,54,2,0
BRDA:963,55,0,0
BRDA:963,55,1,0
BRDA:990,56,0,0
BRDA:990,56,1,0
BRDA:990,56,2,0
BRDA:1032,57,0,0
BRDA:1032,57,1,0
BRDA:1059,58,0,0
BRDA:1059,58,1,0
BRDA:1129,59,0,0
BRDA:1129,59,1,0
BRDA:1132,60,0,0
BRDA:1132,60,1,0
BRDA:1135,61,0,0
BRDA:1135,61,1,0
BRDA:1138,62,0,0
BRDA:1138,62,1,0
BRDA:1141,63,0,0
BRDA:1141,63,1,0
BRDA:1144,64,0,0
BRDA:1144,64,1,0
BRDA:1149,65,0,0
BRDA:1149,65,1,0
BRDA:1201,66,0,0
BRDA:1201,66,1,0
BRDA:1202,67,0,0
BRDA:1202,67,1,0
BRDA:1203,68,0,0
BRDA:1203,68,1,0
BRDA:1206,69,0,0
BRDA:1206,69,1,0
BRDA:1209,70,0,0
BRDA:1209,70,1,0
BRDA:1210,71,0,0
BRDA:1210,71,1,0
BRDA:1217,72,0,0
BRDA:1217,72,1,0
BRDA:1222,73,0,0
BRDA:1222,73,1,0
BRDA:1223,74,0,0
BRDA:1223,74,1,0
BRDA:1225,75,0,0
BRDA:1225,75,1,0
BRDA:1230,76,0,0
BRDA:1230,76,1,0
BRDA:1235,77,0,0
BRDA:1235,77,1,0
BRDA:1240,78,0,0
BRDA:1240,78,1,0
BRDA:1249,79,0,0
BRDA:1249,79,1,0
BRDA:1249,79,2,0
BRDA:1249,79,3,0
BRDA:1262,80,0,0
BRDA:1262,80,1,0
BRDA:1262,80,2,0
BRDA:1268,81,0,0
BRDA:1268,81,1,0
BRDA:1279,82,0,0
BRDA:1279,82,1,0
BRDA:1288,83,0,0
BRDA:1288,83,1,0
BRDA:1288,83,2,0
BRF:188
BRH:0
end_of_record
TN:
SF:app/screens/therapist/TherapistUpcomingBooking.js
FN:18,TherapistUpcomingBooking
FN:28,(anonymous_1)
FN:30,(anonymous_2)
FN:35,(anonymous_3)
FN:39,(anonymous_4)
FN:44,(anonymous_5)
FN:50,(anonymous_6)
FN:72,(anonymous_7)
FN:77,(anonymous_8)
FN:80,(anonymous_9)
FN:85,(anonymous_10)
FN:93,(anonymous_11)
FN:121,(anonymous_12)
FN:134,(anonymous_13)
FN:136,(anonymous_14)
FN:138,(anonymous_15)
FN:152,(anonymous_16)
FNF:17
FNH:0
FNDA:0,TherapistUpcomingBooking
FNDA:0,(anonymous_1)
FNDA:0,(anonymous_2)
FNDA:0,(anonymous_3)
FNDA:0,(anonymous_4)
FNDA:0,(anonymous_5)
FNDA:0,(anonymous_6)
FNDA:0,(anonymous_7)
FNDA:0,(anonymous_8)
FNDA:0,(anonymous_9)
FNDA:0,(anonymous_10)
FNDA:0,(anonymous_11)
FNDA:0,(anonymous_12)
FNDA:0,(anonymous_13)
FNDA:0,(anonymous_14)
FNDA:0,(anonymous_15)
FNDA:0,(anonymous_16)
DA:19,0
DA:20,0
DA:21,0
DA:22,0
DA:23,0
DA:24,0
DA:26,0
DA:28,0
DA:30,0
DA:31,0
DA:35,0
DA:36,0
DA:39,0
DA:40,0
DA:43,0
DA:44,0
DA:45,0
DA:49,0
DA:50,0
DA:51,0
DA:52,0
DA:65,0
DA:70,0
DA:73,0
DA:77,0
DA:78,0
DA:81,0
DA:85,0
DA:87,0
DA:88,0
DA:93,0
DA:94,0
DA:95,0
DA:98,0
DA:122,0
DA:134,0
DA:137,0
DA:138,0
DA:152,0
DA:160,0
LF:40
LH:0
BRDA:49,0,0,0
BRDA:49,0,1,0
BRDA:73,1,0,0
BRDA:73,1,1,0
BRDA:73,1,2,0
BRDA:81,2,0,0
BRDA:81,2,1,0
BRDA:81,2,2,0
BRDA:100,3,0,0
BRDA:100,3,1,0
BRDA:109,4,0,0
BRDA:109,4,1,0
BRDA:114,5,0,0
BRDA:114,5,1,0
BRF:14
BRH:0
end_of_record
